#
# A fatal error has been detected by the Java Runtime Environment:
#
#  SIGSEGV (0xb) at pc=0x00007f7022a57e6d, pid=200380, tid=200432
#
# JRE version: Java(TM) SE Runtime Environment (17.0.7+8) (build 17.0.7+8-LTS-224)
# Java VM: Java HotSpot(TM) 64-Bit Server VM (17.0.7+8-LTS-224, mixed mode, sharing, tiered, compressed oops, compressed class ptrs, parallel gc, linux-amd64)
# Problematic frame:
# V  [libjvm.so+0xc57e6d]  void OopOopIterateDispatch<PCIterateMarkAndPushClosure>::Table::oop_oop_iterate<InstanceKlass, narrowOop>(PCIterateMarkAndPushClosure*, oopDesc*, Klass*)+0xdd
#
# Core dump will be written. Default location: Core dumps may be processed with "/usr/share/apport/apport -p%p -s%s -c%c -d%d -P%P -u%u -g%g -- %E" (or dumping to /home/ricebucket/code/java-hw/core.200380)
#
# If you would like to submit a bug report, please visit:
#   https://bugreport.java.com/bugreport/crash.jsp
#

---------------  S U M M A R Y ------------

Command Line: --add-modules=ALL-SYSTEM --add-opens=java.base/java.util=ALL-UNNAMED --add-opens=java.base/java.lang=ALL-UNNAMED --add-opens=java.base/sun.nio.fs=ALL-UNNAMED -Declipse.application=org.eclipse.jdt.ls.core.id1 -Dosgi.bundles.defaultStartLevel=4 -Declipse.product=org.eclipse.jdt.ls.core.product -Djava.import.generatesMetadataFilesAtProjectRoot=false -Dfile.encoding=utf8 -XX:+UseParallelGC -XX:GCTimeRatio=4 -XX:AdaptiveSizePolicyWeight=90 -Dsun.zip.disableMemoryMapping=true -Xmx1G -Xms100m -Xlog:disable -javaagent:/home/ricebucket/.vscode/extensions/redhat.java-1.16.0/lombok/lombok-1.18.24.jar -XX:+HeapDumpOnOutOfMemoryError -XX:HeapDumpPath=/home/ricebucket/.config/Code/User/workspaceStorage/638bf6c381946d43ad00d72bf457aa54/redhat.java /home/ricebucket/.vscode/extensions/redhat.java-1.16.0/server/plugins/org.eclipse.equinox.launcher_1.6.400.v20210924-0641.jar -configuration /home/ricebucket/.config/Code/User/globalStorage/redhat.java/1.16.0/config_linux -data /home/ricebucket/.config/Code/User/workspaceStorage/638bf6c381946d43ad00d72bf457aa54/redhat.java/jdt_ws

Host: AMD Ryzen 5 2400G with Radeon Vega Graphics, 8 cores, 6G, Ubuntu 22.04.2 LTS
Time: Wed May 31 11:09:04 2023 CST elapsed time: 705.257557 seconds (0d 0h 11m 45s)

---------------  T H R E A D  ---------------

Current thread (0x00007f6ff8006bb0):  GCTaskThread "GC Thread#7" [stack: 0x00007f6f9f1fe000,0x00007f6f9f2fe000] [id=200432]

Stack: [0x00007f6f9f1fe000,0x00007f6f9f2fe000],  sp=0x00007f6f9f2fca60,  free space=1018k
Native frames: (J=compiled Java code, j=interpreted, Vv=VM code, C=native code)
V  [libjvm.so+0xc57e6d]  void OopOopIterateDispatch<PCIterateMarkAndPushClosure>::Table::oop_oop_iterate<InstanceKlass, narrowOop>(PCIterateMarkAndPushClosure*, oopDesc*, Klass*)+0xdd
V  [libjvm.so+0xc558b5]  ParCompactionManager::follow_marking_stacks()+0x405
V  [libjvm.so+0xc68ca1]  PCAddThreadRootsMarkingTaskClosure::do_thread(Thread*)+0xb1
V  [libjvm.so+0xda4358]  Threads::possibly_parallel_threads_do(bool, ThreadClosure*)+0x168
V  [libjvm.so+0xc6b292]  MarkFromRootsTask::work(unsigned int)+0x112
V  [libjvm.so+0xe54a8f]  GangWorker::loop()+0x5f
V  [libjvm.so+0xe54aef]
V  [libjvm.so+0xda673e]  Thread::call_run()+0xde
V  [libjvm.so+0xbf7651]  thread_native_entry(Thread*)+0xe1


siginfo: si_signo: 11 (SIGSEGV), si_code: 128 (SI_KERNEL), si_addr: 0x0000000000000000

Register to memory mapping:

RAX=0x00007f6ffe000000 points into unknown readable memory: 0x0008000000200045 | 45 00 20 00 00 00 08 00
RBX=0x0000000002000000 is an unknown value
RCX=0x0 is NULL
RDX=0x0000000000000001 is an unknown value
RSP=0x00007f6f9f2fca60 points into unknown readable memory: 0x00000000cd2d4c30 | 30 4c 2d cd 00 00 00 00
RBP=0x00007f6f9f2fcab0 points into unknown readable memory: 0x00007f6f9f2fcba0 | a0 cb 2f 9f 6f 7f 00 00
RSI=0x007fffffffa10000 is an unknown value
RDI=0x00007f6fa41e30a0 points into unknown readable memory: 0x00007f6fa40dd5d8 | d8 d5 0d a4 6f 7f 00 00
R8 =0x000000000000000c is an unknown value
R9 =0x00007f6f9f2fcb50 points into unknown readable memory: 0x00007f7022f50d68 | 68 0d f5 22 70 7f 00 00
R10=0x0 is NULL
R11=0x00007f7022ff7cc8: <offset 0x00000000011f7cc8> in /opt/jdk/lib/server/libjvm.so at 0x00007f7021e00000
R12=0x4000000000000000 is an unknown value
R13=0x00000000cd2d4c48 is an oop: org.eclipse.core.internal.watson.ElementTree 
{0x00000000cd2d4c48} - klass: 'org/eclipse/core/internal/watson/ElementTree'
 - ---- fields (total size 5 words):
 - private final 'treeStamp' 'I' @12  323 (143)
 - protected final 'tree' 'Lorg/eclipse/core/internal/dtree/DeltaDataTree;' @16  a 'org/eclipse/core/internal/dtree/DeltaDataTree'{0x00000000cd2d4c18} (cd2d4c18)
 - protected volatile 'userData' 'Lorg/eclipse/core/internal/watson/IElementTreeData;' @20  a 'org/eclipse/core/internal/resources/RootInfo'{0x00000000cd2d4c70} (cd2d4c70)
 - private volatile 'childIDsCache' 'Lorg/eclipse/core/internal/watson/ElementTree$ChildIDsCache;' @24  a 'org/eclipse/core/internal/watson/ElementTree$ChildIDsCache'{0x00000000cd2d4cb8} (cd2d4cb8)
 - private volatile 'lookupCache' 'Lorg/eclipse/core/internal/dtree/DataTreeLookup;' @28  NULL (0)
 - private volatile 'lookupCacheIgnoreCase' 'Lorg/eclipse/core/internal/dtree/DataTreeLookup;' @32  NULL (0)
R14=0x00000000cd2d4c40 is pointing into object: org.eclipse.core.internal.dtree.DataDeltaNode 
{0x00000000cd2d4c30} - klass: 'org/eclipse/core/internal/dtree/DataDeltaNode'
 - ---- fields (total size 3 words):
 - protected 'children' '[Lorg/eclipse/core/internal/dtree/AbstractDataTreeNode;' @12  a 'org/eclipse/core/internal/dtree/AbstractDataTreeNode'[0] {0x00000000c07ed8b0} (c07ed8b0)
 - protected 'name' 'Ljava/lang/String;' @16  
[error occurred during error reporting (printing register info), id 0xb, SIGSEGV (0xb) at pc=0x00007f70225ffa0a]

Registers:
RAX=0x00007f6ffe000000, RBX=0x0000000002000000, RCX=0x0000000000000000, RDX=0x0000000000000001
RSP=0x00007f6f9f2fca60, RBP=0x00007f6f9f2fcab0, RSI=0x007fffffffa10000, RDI=0x00007f6fa41e30a0
R8 =0x000000000000000c, R9 =0x00007f6f9f2fcb50, R10=0x0000000000000000, R11=0x00007f7022ff7cc8
R12=0x4000000000000000, R13=0x00000000cd2d4c48, R14=0x00000000cd2d4c40, R15=0x0000000800d5b6a0
RIP=0x00007f7022a57e6d, EFLAGS=0x0000000000010216, CSGSFS=0x002b000000000033, ERR=0x0000000000000000
  TRAPNO=0x000000000000000d

Top of Stack: (sp=0x00007f6f9f2fca60)
0x00007f6f9f2fca60:   00000000cd2d4c30 0000000800d5b6a8
0x00007f6f9f2fca70:   00007f6f9f2fcb50 0000000000000009
0x00007f6f9f2fca80:   00007f6f9f2fcab0 00007f701c0dcdb0
0x00007f6f9f2fca90:   4000000000000000 00000000cd2d4fd4 

Instructions: (pc=0x00007f7022a57e6d)
0x00007f7022a57d6d:   89 b5 c8 02 00 00 eb aa 48 83 c4 28 5b 41 5c 41
0x00007f7022a57d7d:   5d 41 5e 41 5f 5d c3 66 66 66 2e 0f 1f 84 00 00
0x00007f7022a57d8d:   00 00 00 55 31 c9 48 89 e5 41 57 41 56 41 55 41
0x00007f7022a57d9d:   54 53 48 89 d3 48 83 ec 28 48 89 7d c0 8b 57 10
0x00007f7022a57dad:   48 89 75 b0 48 89 fe 48 8b bb 98 00 00 00 e8 10
0x00007f7022a57dbd:   c6 90 ff 48 63 83 a0 00 00 00 48 63 93 2c 01 00
0x00007f7022a57dcd:   00 48 01 d0 4c 8d bc c3 d0 01 00 00 8b 83 28 01
0x00007f7022a57ddd:   00 00 49 8d 04 c7 48 89 45 b8 4c 39 f8 0f 86 86
0x00007f7022a57ded:   01 00 00 48 8b 45 b0 4d 63 07 4e 8d 34 00 41 8b
0x00007f7022a57dfd:   47 04 4d 8d 2c 86 4d 39 f5 77 15 e9 5b 01 00 00
0x00007f7022a57e0d:   0f 1f 00 49 83 c6 04 4d 39 f5 0f 86 4b 01 00 00
0x00007f7022a57e1d:   41 8b 1e 85 db 74 ec 48 8d 05 c5 f4 59 00 48 8b
0x00007f7022a57e2d:   15 8e 04 60 00 8b 48 08 48 d3 e3 48 03 18 48 89
0x00007f7022a57e3d:   d9 48 2b 0a 48 89 c8 48 8d 0d 7d fe 59 00 48 c1
0x00007f7022a57e4d:   e8 03 8b 09 48 d3 e8 48 89 c1 48 89 c6 48 8b 42
0x00007f7022a57e5d:   10 ba 01 00 00 00 83 e1 3f 48 c1 ee 06 48 d3 e2
0x00007f7022a57e6d:   48 23 14 f0 75 9d 48 8d 05 bb 4c 5e 00 0f b6 00
0x00007f7022a57e7d:   84 c0 0f 84 4b 01 00 00 48 8d 35 54 f4 59 00 8b
0x00007f7022a57e8d:   7b 08 8b 4e 08 48 d3 e7 48 03 3e 48 8b 75 c0 8b
0x00007f7022a57e9d:   4f 08 4c 8b 66 18 85 c9 0f 8e dd 00 00 00 f6 c1
0x00007f7022a57ead:   01 74 1a 48 8b 07 48 8d 35 a6 5b 8a ff 48 8b 80
0x00007f7022a57ebd:   00 01 00 00 48 39 f0 0f 85 30 01 00 00 c1 f9 03
0x00007f7022a57ecd:   48 63 d1 48 8d 3d 09 05 60 00 48 89 de 48 89 55
0x00007f7022a57edd:   c8 e8 bd a7 fb ff 48 8b 55 c8 84 c0 0f 84 21 ff
0x00007f7022a57eed:   ff ff 48 8d 3d aa 04 60 00 48 89 de e8 52 94 00
0x00007f7022a57efd:   00 41 8b 84 24 88 00 00 00 41 8b 8c 24 08 01 00
0x00007f7022a57f0d:   00 89 c2 29 ca 81 e2 ff ff 01 00 81 fa fd ff 01
0x00007f7022a57f1d:   00 0f 86 ec 00 00 00 49 8b 84 24 a8 02 00 00 49
0x00007f7022a57f2d:   3b 84 24 90 02 00 00 0f 84 f9 00 00 00 49 8b 94
0x00007f7022a57f3d:   24 c0 02 00 00 48 8d 14 c2 48 83 c0 01 49 83 c6
0x00007f7022a57f4d:   04 48 89 1a 49 89 84 24 a8 02 00 00 4d 39 f5 0f
0x00007f7022a57f5d:   87 bb fe ff ff 66 0f 1f 44 00 00 49 83 c7 08 4c 


Stack slot to memory mapping:
stack at sp + 0 slots: 0x00000000cd2d4c30 is an oop: org.eclipse.core.internal.dtree.DataDeltaNode 
{0x00000000cd2d4c30} - klass: 'org/eclipse/core/internal/dtree/DataDeltaNode'
 - ---- fields (total size 3 words):
 - protected 'children' '[Lorg/eclipse/core/internal/dtree/AbstractDataTreeNode;' @12  a 'org/eclipse/core/internal/dtree/AbstractDataTreeNode'[0] {0x00000000c07ed8b0} (c07ed8b0)
 - protected 'name' 'Ljava/lang/String;' @16  
[error occurred during error reporting (inspecting top of stack), id 0xb, SIGSEGV (0xb) at pc=0x00007f70225ffa0a]


---------------  P R O C E S S  ---------------

Threads class SMR info:
_java_thread_list=0x00007f6f80011550, length=30, elements={
0x00007f701c0257e0, 0x00007f701c18af70, 0x00007f701c18c380, 0x00007f701c196f70,
0x00007f701c1982f0, 0x00007f701c1996d0, 0x00007f701c19b050, 0x00007f701c19c550,
0x00007f701c1a5980, 0x00007f701c1c17c0, 0x00007f701c272b20, 0x00007f701c502dc0,
0x00007f701c4c93a0, 0x00007f701c4cc210, 0x00007f6fa40314d0, 0x00007f6fa4231530,
0x00007f6fa42d62c0, 0x00007f6fa4531450, 0x00007f701c5797e0, 0x00007f701c6f5860,
0x00007f6f80003550, 0x00007f6f5c05c230, 0x00007f6f70159890, 0x00007f6f700ab5b0,
0x00007f6f4c0ea9e0, 0x00007f6f4c2e7cc0, 0x00007f6f4c2eae40, 0x00007f6f4c219c30,
0x00007f6fc046b550, 0x00007f6f80011e70
}

Java Threads: ( => current thread )
  0x00007f701c0257e0 JavaThread "main" [_thread_blocked, id=200381, stack(0x00007f7021d00000,0x00007f7021e00000)]
  0x00007f701c18af70 JavaThread "Reference Handler" daemon [_thread_blocked, id=200385, stack(0x00007f7004300000,0x00007f7004400000)]
  0x00007f701c18c380 JavaThread "Finalizer" daemon [_thread_blocked, id=200386, stack(0x00007f7004200000,0x00007f7004300000)]
  0x00007f701c196f70 JavaThread "Signal Dispatcher" daemon [_thread_blocked, id=200388, stack(0x00007f7004100000,0x00007f7004200000)]
  0x00007f701c1982f0 JavaThread "Service Thread" daemon [_thread_blocked, id=200389, stack(0x00007f7004000000,0x00007f7004100000)]
  0x00007f701c1996d0 JavaThread "Monitor Deflation Thread" daemon [_thread_blocked, id=200390, stack(0x00007f6ffd100000,0x00007f6ffd200000)]
  0x00007f701c19b050 JavaThread "C2 CompilerThread0" daemon [_thread_blocked, id=200391, stack(0x00007f6ffd000000,0x00007f6ffd100000)]
  0x00007f701c19c550 JavaThread "C1 CompilerThread0" daemon [_thread_blocked, id=200392, stack(0x00007f6ffcf00000,0x00007f6ffd000000)]
  0x00007f701c1a5980 JavaThread "Sweeper thread" daemon [_thread_blocked, id=200393, stack(0x00007f6ffce00000,0x00007f6ffcf00000)]
  0x00007f701c1c17c0 JavaThread "Common-Cleaner" daemon [_thread_blocked, id=200395, stack(0x00007f6ffcd00000,0x00007f6ffce00000)]
  0x00007f701c272b20 JavaThread "Notification Thread" daemon [_thread_blocked, id=200399, stack(0x00007f6ffcb00000,0x00007f6ffcc00000)]
  0x00007f701c502dc0 JavaThread "Active Thread: Equinox Container: a5351850-8741-4e78-a37f-9b6e88f63d5d" [_thread_blocked, id=200425, stack(0x00007f6ffc2f4000,0x00007f6ffc3f4000)]
  0x00007f701c4c93a0 JavaThread "Framework Event Dispatcher: Equinox Container: a5351850-8741-4e78-a37f-9b6e88f63d5d" daemon [_thread_blocked, id=200427, stack(0x00007f6ffc1f4000,0x00007f6ffc2f4000)]
  0x00007f701c4cc210 JavaThread "Start Level: Equinox Container: a5351850-8741-4e78-a37f-9b6e88f63d5d" daemon [_thread_blocked, id=200428, stack(0x00007f6ffc0f4000,0x00007f6ffc1f4000)]
  0x00007f6fa40314d0 JavaThread "SCR Component Actor" daemon [_thread_blocked, id=200429, stack(0x00007f6f9ff00000,0x00007f6fa0000000)]
  0x00007f6fa4231530 JavaThread "Worker-JM" [_thread_blocked, id=200437, stack(0x00007f6ffcc00000,0x00007f6ffcd00000)]
  0x00007f6fa42d62c0 JavaThread "Worker-1" [_thread_blocked, id=200444, stack(0x00007f6f9eefc000,0x00007f6f9effc000)]
  0x00007f6fa4531450 JavaThread "Java indexing" daemon [_thread_blocked, id=200557, stack(0x00007f6f9edfc000,0x00007f6f9eefc000)]
  0x00007f701c5797e0 JavaThread "pool-2-thread-1" [_thread_blocked, id=200677, stack(0x00007f6f9e12e000,0x00007f6f9e22e000)]
  0x00007f701c6f5860 JavaThread "pool-1-thread-1" [_thread_blocked, id=200832, stack(0x00007f6f9e300000,0x00007f6f9e400000)]
  0x00007f6f80003550 JavaThread "Worker-2" [_thread_blocked, id=200866, stack(0x00007f6f9e02e000,0x00007f6f9e12e000)]
  0x00007f6f5c05c230 JavaThread "ForkJoinPool.commonPool-worker-5" daemon [_thread_blocked, id=202827, stack(0x00007f6f9ca00000,0x00007f6f9cb00000)]
  0x00007f6f70159890 JavaThread "ForkJoinPool.commonPool-worker-6" daemon [_thread_blocked, id=210119, stack(0x00007f6f9cb00000,0x00007f6f9cc00000)]
  0x00007f6f700ab5b0 JavaThread "ForkJoinPool.commonPool-worker-7" daemon [_thread_blocked, id=210120, stack(0x00007f6ffc8fe000,0x00007f6ffc9fe000)]
  0x00007f6f4c0ea9e0 JavaThread "ForkJoinPool.commonPool-worker-8" daemon [_thread_blocked, id=210782, stack(0x00007f6f9d500000,0x00007f6f9d600000)]
  0x00007f6f4c2e7cc0 JavaThread "ForkJoinPool.commonPool-worker-9" daemon [_thread_blocked, id=211359, stack(0x00007f6f9d700000,0x00007f6f9d800000)]
  0x00007f6f4c2eae40 JavaThread "ForkJoinPool.commonPool-worker-10" daemon [_thread_blocked, id=211379, stack(0x00007f6f9d600000,0x00007f6f9d700000)]
  0x00007f6f4c219c30 JavaThread "ForkJoinPool.commonPool-worker-11" daemon [_thread_blocked, id=211386, stack(0x00007f6f9effc000,0x00007f6f9f0fc000)]
  0x00007f6fc046b550 JavaThread "pool-1-thread-3" [_thread_blocked, id=221640, stack(0x00007f6f9d400000,0x00007f6f9d500000)]
  0x00007f6f80011e70 JavaThread "Worker-6" [_thread_blocked, id=221747, stack(0x00007f6f9ecfc000,0x00007f6f9edfc000)]

Other Threads:
  0x00007f701c186780 VMThread "VM Thread" [stack: 0x00007f7004cf8000,0x00007f7004df8000] [id=200384]
  0x00007f701c27bcd0 WatcherThread [stack: 0x00007f6ffca00000,0x00007f6ffcb00000] [id=200400]
  0x00007f701c03d030 GCTaskThread "GC Thread#0" [stack: 0x00007f7021829000,0x00007f7021929000] [id=200382]
  0x00007f6ff8001250 GCTaskThread "GC Thread#1" [stack: 0x00007f6ffc7fe000,0x00007f6ffc8fe000] [id=200415]
  0x00007f6ff8003140 GCTaskThread "GC Thread#2" [stack: 0x00007f6ffc6fc000,0x00007f6ffc7fc000] [id=200417]
  0x00007f6ff8003af0 GCTaskThread "GC Thread#3" [stack: 0x00007f6ffc5fa000,0x00007f6ffc6fa000] [id=200418]
  0x00007f6ff80044a0 GCTaskThread "GC Thread#4" [stack: 0x00007f6ffc4f8000,0x00007f6ffc5f8000] [id=200419]
  0x00007f6ff8004e50 GCTaskThread "GC Thread#5" [stack: 0x00007f6ffc3f6000,0x00007f6ffc4f6000] [id=200420]
  0x00007f6ff8006270 GCTaskThread "GC Thread#6" [stack: 0x00007f6f9f300000,0x00007f6f9f400000] [id=200431]
=>0x00007f6ff8006bb0 GCTaskThread "GC Thread#7" [stack: 0x00007f6f9f1fe000,0x00007f6f9f2fe000] [id=200432]

Threads with active compile tasks:
C2 CompilerThread0   705266 14527       4       org.eclipse.jdt.internal.compiler.lookup.BinaryTypeBinding::createMethod (1719 bytes)

VM state: at safepoint (normal execution)

VM Mutex/Monitor currently owned by a thread:  ([mutex/lock_event])
[0x00007f701c022630] Threads_lock - owner thread: 0x00007f701c186780
[0x00007f701c022de0] Heap_lock - owner thread: 0x00007f6fc046b550

Heap address: 0x00000000c0000000, size: 1024 MB, Compressed Oops mode: 32-bit

CDS archive(s) mapped at: [0x0000000800000000-0x0000000800be3000-0x0000000800be3000), size 12464128, SharedBaseAddress: 0x0000000800000000, ArchiveRelocationMode: 0.
Compressed class space mapped at: 0x0000000800c00000-0x0000000840c00000, reserved size: 1073741824
Narrow klass base: 0x0000000800000000, Narrow klass shift: 0, Narrow klass range: 0x100000000

GC Precious Log:
 CPUs: 8 total, 8 available
 Memory: 6862M
 Large Page Support: Disabled
 NUMA Support: Disabled
 Compressed Oops: Enabled (32-bit)
 Alignments: Space 512K, Generation 512K, Heap 2M
 Heap Min Capacity: 100M
 Heap Initial Capacity: 100M
 Heap Max Capacity: 1G
 Pre-touch: Disabled
 Parallel Workers: 8

Heap:
 PSYoungGen      total 15360K, used 1996K [0x00000000eab00000, 0x00000000ebd80000, 0x0000000100000000)
  eden space 13312K, 0% used [0x00000000eab00000,0x00000000eab00000,0x00000000eb800000)
  from space 2048K, 97% used [0x00000000ebb80000,0x00000000ebd73338,0x00000000ebd80000)
  to   space 2560K, 0% used [0x00000000eb880000,0x00000000eb880000,0x00000000ebb00000)
 ParOldGen       total 240128K, used 238643K [0x00000000c0000000, 0x00000000cea80000, 0x00000000eab00000)
  object space 240128K, 99% used [0x00000000c0000000,0x00000000ce90cf78,0x00000000cea80000)
 Metaspace       used 72589K, committed 73600K, reserved 1122304K
  class space    used 7276K, committed 7744K, reserved 1048576K

Card table byte_map: [0x00007f7021929000,0x00007f7021b2a000] _byte_map_base: 0x00007f7021329000

Marking Bits: (ParMarkBitMap*) 0x00007f70230583e0
 Begin Bits: [0x00007f6ffe000000, 0x00007f6fff000000)
 End Bits:   [0x00007f6fff000000, 0x00007f7000000000)

Polling page: 0x00007f7023484000

Metaspace:

Usage:
  Non-class:     63.78 MB used.
      Class:      7.11 MB used.
       Both:     70.89 MB used.

Virtual space:
  Non-class space:       72.00 MB reserved,      64.31 MB ( 89%) committed,  9 nodes.
      Class space:        1.00 GB reserved,       7.56 MB ( <1%) committed,  1 nodes.
             Both:        1.07 GB reserved,      71.88 MB (  7%) committed. 

Chunk freelists:
   Non-Class:  3.59 MB
       Class:  382.00 KB
        Both:  3.96 MB

MaxMetaspaceSize: unlimited
CompressedClassSpaceSize: 1.00 GB
Initial GC threshold: 21.00 MB
Current GC threshold: 90.31 MB
CDS: on
MetaspaceReclaimPolicy: balanced
 - commit_granule_bytes: 65536.
 - commit_granule_words: 8192.
 - virtual_space_node_default_size: 1048576.
 - enlarge_chunks_in_place: 1.
 - new_chunks_are_fully_committed: 0.
 - uncommit_free_chunks: 1.
 - use_allocation_guard: 0.
 - handle_deallocations: 1.


Internal statistics:

num_allocs_failed_limit: 6.
num_arena_births: 556.
num_arena_deaths: 14.
num_vsnodes_births: 10.
num_vsnodes_deaths: 0.
num_space_committed: 1150.
num_space_uncommitted: 0.
num_chunks_returned_to_freelist: 20.
num_chunks_taken_from_freelist: 3617.
num_chunk_merges: 10.
num_chunk_splits: 2291.
num_chunks_enlarged: 1362.
num_purges: 2.
num_inconsistent_stats: 0.

CodeHeap 'non-profiled nmethods': size=120028Kb used=9319Kb max_used=9729Kb free=110708Kb
 bounds [0x00007f700d0c9000, 0x00007f700da69000, 0x00007f7014600000]
CodeHeap 'profiled nmethods': size=120028Kb used=26758Kb max_used=28044Kb free=93269Kb
 bounds [0x00007f7005600000, 0x00007f7007170000, 0x00007f700cb37000]
CodeHeap 'non-nmethods': size=5704Kb used=1393Kb max_used=1466Kb free=4310Kb
 bounds [0x00007f700cb37000, 0x00007f700cda7000, 0x00007f700d0c9000]
 total_blobs=11990 nmethods=11254 adapters=649
 compilation: enabled
              stopped_count=0, restarted_count=0
 full_count=0

Compilation events (20 events):
Event: 705.087 Thread 0x00007f701c19c550 nmethod 14523 0x00007f7006053b10 code [0x00007f7006053d20, 0x00007f70060542a0]
Event: 705.087 Thread 0x00007f701c19b050 14524       4       org.eclipse.core.runtime.jobs.Job::getState (5 bytes)
Event: 705.088 Thread 0x00007f701c19c550 14525       3       org.eclipse.core.internal.jobs.DeadlockDetector::lockReleasedCompletely (180 bytes)
Event: 705.088 Thread 0x00007f701c19b050 nmethod 14524 0x00007f700d4c5d10 code [0x00007f700d4c5ea0, 0x00007f700d4c5f78]
Event: 705.090 Thread 0x00007f701c19c550 nmethod 14525 0x00007f70060afb90 code [0x00007f70060aff80, 0x00007f70060b17d0]
Event: 705.094 Thread 0x00007f701c19b050 14526       4       org.eclipse.jdt.internal.compiler.parser.TypeConverter::createTypeReference (21 bytes)
Event: 705.095 Thread 0x00007f701c19b050 nmethod 14526 0x00007f700d4c5990 code [0x00007f700d4c5b20, 0x00007f700d4c5be8]
Event: 705.101 Thread 0x00007f701c19b050 14527       4       org.eclipse.jdt.internal.compiler.lookup.BinaryTypeBinding::createMethod (1719 bytes)
Event: 705.141 Thread 0x00007f701c19c550 14530       3       org.eclipse.jdt.internal.compiler.lookup.TypeVariableBinding::resolve (319 bytes)
Event: 705.142 Thread 0x00007f701c19c550 nmethod 14530 0x00007f7006145710 code [0x00007f7006145960, 0x00007f7006146720]
Event: 705.143 Thread 0x00007f701c19c550 14532       3       java.lang.StringUTF16::indexOf (43 bytes)
Event: 705.144 Thread 0x00007f701c19c550 nmethod 14532 0x00007f70060e1e90 code [0x00007f70060e2080, 0x00007f70060e2590]
Event: 705.175 Thread 0x00007f701c19c550 14533       3       java.net.URI::appendAuthority (264 bytes)
Event: 705.177 Thread 0x00007f701c19c550 nmethod 14533 0x00007f7005745f10 code [0x00007f70057463a0, 0x00007f7005747f50]
Event: 705.191 Thread 0x00007f701c19c550 14534       3       java.util.zip.ZipFile$Source$Key::hashCode (46 bytes)
Event: 705.191 Thread 0x00007f701c19c550 nmethod 14534 0x00007f7005f74490 code [0x00007f7005f74680, 0x00007f7005f74a40]
Event: 705.207 Thread 0x00007f701c19c550 14535       3       org.eclipse.jdt.internal.compiler.ast.QualifiedTypeReference::getLastToken (13 bytes)
Event: 705.207 Thread 0x00007f701c19c550 nmethod 14535 0x00007f7005caba90 code [0x00007f7005cabc20, 0x00007f7005cabd50]
Event: 705.207 Thread 0x00007f701c19c550 14536       3       org.eclipse.jdt.internal.compiler.ast.TypeReference::resolveType (7 bytes)
Event: 705.208 Thread 0x00007f701c19c550 nmethod 14536 0x00007f7006137610 code [0x00007f70061377c0, 0x00007f7006137980]

GC Heap History (20 events):
Event: 700.996 GC heap after
{Heap after GC invocations=269 (full 11):
 PSYoungGen      total 18944K, used 5134K [0x00000000eab00000, 0x00000000ec400000, 0x0000000100000000)
  eden space 13312K, 0% used [0x00000000eab00000,0x00000000eab00000,0x00000000eb800000)
  from space 5632K, 91% used [0x00000000eb980000,0x00000000ebe83b10,0x00000000ebf00000)
  to   space 5120K, 0% used [0x00000000ebf00000,0x00000000ebf00000,0x00000000ec400000)
 ParOldGen       total 240128K, used 232531K [0x00000000c0000000, 0x00000000cea80000, 0x00000000eab00000)
  object space 240128K, 96% used [0x00000000c0000000,0x00000000ce314c78,0x00000000cea80000)
 Metaspace       used 72433K, committed 73408K, reserved 1122304K
  class space    used 7263K, committed 7680K, reserved 1048576K
}
Event: 701.503 GC heap before
{Heap before GC invocations=270 (full 11):
 PSYoungGen      total 18944K, used 18446K [0x00000000eab00000, 0x00000000ec400000, 0x0000000100000000)
  eden space 13312K, 100% used [0x00000000eab00000,0x00000000eb800000,0x00000000eb800000)
  from space 5632K, 91% used [0x00000000eb980000,0x00000000ebe83b10,0x00000000ebf00000)
  to   space 5120K, 0% used [0x00000000ebf00000,0x00000000ebf00000,0x00000000ec400000)
 ParOldGen       total 240128K, used 232531K [0x00000000c0000000, 0x00000000cea80000, 0x00000000eab00000)
  object space 240128K, 96% used [0x00000000c0000000,0x00000000ce314c78,0x00000000cea80000)
 Metaspace       used 72443K, committed 73408K, reserved 1122304K
  class space    used 7263K, committed 7680K, reserved 1048576K
}
Event: 701.507 GC heap after
{Heap after GC invocations=270 (full 11):
 PSYoungGen      total 18432K, used 5110K [0x00000000eab00000, 0x00000000ec500000, 0x0000000100000000)
  eden space 13312K, 0% used [0x00000000eab00000,0x00000000eab00000,0x00000000eb800000)
  from space 5120K, 99% used [0x00000000ebf00000,0x00000000ec3fdb20,0x00000000ec400000)
  to   space 6656K, 0% used [0x00000000eb800000,0x00000000eb800000,0x00000000ebe80000)
 ParOldGen       total 240128K, used 233659K [0x00000000c0000000, 0x00000000cea80000, 0x00000000eab00000)
  object space 240128K, 97% used [0x00000000c0000000,0x00000000ce42ec78,0x00000000cea80000)
 Metaspace       used 72443K, committed 73408K, reserved 1122304K
  class space    used 7263K, committed 7680K, reserved 1048576K
}
Event: 705.056 GC heap before
{Heap before GC invocations=271 (full 11):
 PSYoungGen      total 18432K, used 18422K [0x00000000eab00000, 0x00000000ec500000, 0x0000000100000000)
  eden space 13312K, 100% used [0x00000000eab00000,0x00000000eb800000,0x00000000eb800000)
  from space 5120K, 99% used [0x00000000ebf00000,0x00000000ec3fdb20,0x00000000ec400000)
  to   space 6656K, 0% used [0x00000000eb800000,0x00000000eb800000,0x00000000ebe80000)
 ParOldGen       total 240128K, used 233659K [0x00000000c0000000, 0x00000000cea80000, 0x00000000eab00000)
  object space 240128K, 97% used [0x00000000c0000000,0x00000000ce42ec78,0x00000000cea80000)
 Metaspace       used 72585K, committed 73600K, reserved 1122304K
  class space    used 7276K, committed 7744K, reserved 1048576K
}
Event: 705.060 GC heap after
{Heap after GC invocations=271 (full 11):
 PSYoungGen      total 17920K, used 4198K [0x00000000eab00000, 0x00000000ec200000, 0x0000000100000000)
  eden space 13312K, 0% used [0x00000000eab00000,0x00000000eab00000,0x00000000eb800000)
  from space 4608K, 91% used [0x00000000eb800000,0x00000000ebc19b10,0x00000000ebc80000)
  to   space 5120K, 0% used [0x00000000ebd00000,0x00000000ebd00000,0x00000000ec200000)
 ParOldGen       total 240128K, used 233971K [0x00000000c0000000, 0x00000000cea80000, 0x00000000eab00000)
  object space 240128K, 97% used [0x00000000c0000000,0x00000000ce47cc98,0x00000000cea80000)
 Metaspace       used 72585K, committed 73600K, reserved 1122304K
  class space    used 7276K, committed 7744K, reserved 1048576K
}
Event: 705.082 GC heap before
{Heap before GC invocations=272 (full 11):
 PSYoungGen      total 17920K, used 17161K [0x00000000eab00000, 0x00000000ec200000, 0x0000000100000000)
  eden space 13312K, 97% used [0x00000000eab00000,0x00000000eb7a89a0,0x00000000eb800000)
  from space 4608K, 91% used [0x00000000eb800000,0x00000000ebc19b10,0x00000000ebc80000)
  to   space 5120K, 0% used [0x00000000ebd00000,0x00000000ebd00000,0x00000000ec200000)
 ParOldGen       total 240128K, used 233971K [0x00000000c0000000, 0x00000000cea80000, 0x00000000eab00000)
  object space 240128K, 97% used [0x00000000c0000000,0x00000000ce47cc98,0x00000000cea80000)
 Metaspace       used 72586K, committed 73600K, reserved 1122304K
  class space    used 7276K, committed 7744K, reserved 1048576K
}
Event: 705.085 GC heap after
{Heap after GC invocations=272 (full 11):
 PSYoungGen      total 17920K, used 4230K [0x00000000eab00000, 0x00000000ec180000, 0x0000000100000000)
  eden space 13312K, 0% used [0x00000000eab00000,0x00000000eab00000,0x00000000eb800000)
  from space 4608K, 91% used [0x00000000ebd00000,0x00000000ec121b10,0x00000000ec180000)
  to   space 4608K, 0% used [0x00000000eb800000,0x00000000eb800000,0x00000000ebc80000)
 ParOldGen       total 240128K, used 233971K [0x00000000c0000000, 0x00000000cea80000, 0x00000000eab00000)
  object space 240128K, 97% used [0x00000000c0000000,0x00000000ce47cc98,0x00000000cea80000)
 Metaspace       used 72586K, committed 73600K, reserved 1122304K
  class space    used 7276K, committed 7744K, reserved 1048576K
}
Event: 705.111 GC heap before
{Heap before GC invocations=273 (full 11):
 PSYoungGen      total 17920K, used 17541K [0x00000000eab00000, 0x00000000ec180000, 0x0000000100000000)
  eden space 13312K, 99% used [0x00000000eab00000,0x00000000eb7ffb10,0x00000000eb800000)
  from space 4608K, 91% used [0x00000000ebd00000,0x00000000ec121b10,0x00000000ec180000)
  to   space 4608K, 0% used [0x00000000eb800000,0x00000000eb800000,0x00000000ebc80000)
 ParOldGen       total 240128K, used 233971K [0x00000000c0000000, 0x00000000cea80000, 0x00000000eab00000)
  object space 240128K, 97% used [0x00000000c0000000,0x00000000ce47cc98,0x00000000cea80000)
 Metaspace       used 72588K, committed 73600K, reserved 1122304K
  class space    used 7276K, committed 7744K, reserved 1048576K
}
Event: 705.114 GC heap after
{Heap after GC invocations=273 (full 11):
 PSYoungGen      total 17920K, used 4589K [0x00000000eab00000, 0x00000000ec500000, 0x0000000100000000)
  eden space 13312K, 0% used [0x00000000eab00000,0x00000000eab00000,0x00000000eb800000)
  from space 4608K, 99% used [0x00000000eb800000,0x00000000ebc7b638,0x00000000ebc80000)
  to   space 6656K, 0% used [0x00000000ebe80000,0x00000000ebe80000,0x00000000ec500000)
 ParOldGen       total 240128K, used 235578K [0x00000000c0000000, 0x00000000cea80000, 0x00000000eab00000)
  object space 240128K, 98% used [0x00000000c0000000,0x00000000ce60e8c8,0x00000000cea80000)
 Metaspace       used 72588K, committed 73600K, reserved 1122304K
  class space    used 7276K, committed 7744K, reserved 1048576K
}
Event: 705.135 GC heap before
{Heap before GC invocations=274 (full 11):
 PSYoungGen      total 17920K, used 17720K [0x00000000eab00000, 0x00000000ec500000, 0x0000000100000000)
  eden space 13312K, 98% used [0x00000000eab00000,0x00000000eb7d2cb0,0x00000000eb800000)
  from space 4608K, 99% used [0x00000000eb800000,0x00000000ebc7b638,0x00000000ebc80000)
  to   space 6656K, 0% used [0x00000000ebe80000,0x00000000ebe80000,0x00000000ec500000)
 ParOldGen       total 240128K, used 235578K [0x00000000c0000000, 0x00000000cea80000, 0x00000000eab00000)
  object space 240128K, 98% used [0x00000000c0000000,0x00000000ce60e8c8,0x00000000cea80000)
 Metaspace       used 72588K, committed 73600K, reserved 1122304K
  class space    used 7276K, committed 7744K, reserved 1048576K
}
Event: 705.137 GC heap after
{Heap after GC invocations=274 (full 11):
 PSYoungGen      total 16384K, used 2599K [0x00000000eab00000, 0x00000000ec180000, 0x0000000100000000)
  eden space 13312K, 0% used [0x00000000eab00000,0x00000000eab00000,0x00000000eb800000)
  from space 3072K, 84% used [0x00000000ebe80000,0x00000000ec109f00,0x00000000ec180000)
  to   space 4096K, 0% used [0x00000000eb980000,0x00000000eb980000,0x00000000ebd80000)
 ParOldGen       total 240128K, used 235642K [0x00000000c0000000, 0x00000000cea80000, 0x00000000eab00000)
  object space 240128K, 98% used [0x00000000c0000000,0x00000000ce61e8c8,0x00000000cea80000)
 Metaspace       used 72588K, committed 73600K, reserved 1122304K
  class space    used 7276K, committed 7744K, reserved 1048576K
}
Event: 705.156 GC heap before
{Heap before GC invocations=275 (full 11):
 PSYoungGen      total 16384K, used 15780K [0x00000000eab00000, 0x00000000ec180000, 0x0000000100000000)
  eden space 13312K, 99% used [0x00000000eab00000,0x00000000eb7df130,0x00000000eb800000)
  from space 3072K, 84% used [0x00000000ebe80000,0x00000000ec109f00,0x00000000ec180000)
  to   space 4096K, 0% used [0x00000000eb980000,0x00000000eb980000,0x00000000ebd80000)
 ParOldGen       total 240128K, used 235642K [0x00000000c0000000, 0x00000000cea80000, 0x00000000eab00000)
  object space 240128K, 98% used [0x00000000c0000000,0x00000000ce61e8c8,0x00000000cea80000)
 Metaspace       used 72589K, committed 73600K, reserved 1122304K
  class space    used 7276K, committed 7744K, reserved 1048576K
}
Event: 705.159 GC heap after
{Heap after GC invocations=275 (full 11):
 PSYoungGen      total 17408K, used 4072K [0x00000000eab00000, 0x00000000ec300000, 0x0000000100000000)
  eden space 13312K, 0% used [0x00000000eab00000,0x00000000eab00000,0x00000000eb800000)
  from space 4096K, 99% used [0x00000000eb980000,0x00000000ebd7a2f0,0x00000000ebd80000)
  to   space 5632K, 0% used [0x00000000ebd80000,0x00000000ebd80000,0x00000000ec300000)
 ParOldGen       total 240128K, used 236291K [0x00000000c0000000, 0x00000000cea80000, 0x00000000eab00000)
  object space 240128K, 98% used [0x00000000c0000000,0x00000000ce6c0c78,0x00000000cea80000)
 Metaspace       used 72589K, committed 73600K, reserved 1122304K
  class space    used 7276K, committed 7744K, reserved 1048576K
}
Event: 705.178 GC heap before
{Heap before GC invocations=276 (full 11):
 PSYoungGen      total 17408K, used 17384K [0x00000000eab00000, 0x00000000ec300000, 0x0000000100000000)
  eden space 13312K, 100% used [0x00000000eab00000,0x00000000eb800000,0x00000000eb800000)
  from space 4096K, 99% used [0x00000000eb980000,0x00000000ebd7a2f0,0x00000000ebd80000)
  to   space 5632K, 0% used [0x00000000ebd80000,0x00000000ebd80000,0x00000000ec300000)
 ParOldGen       total 240128K, used 236291K [0x00000000c0000000, 0x00000000cea80000, 0x00000000eab00000)
  object space 240128K, 98% used [0x00000000c0000000,0x00000000ce6c0c78,0x00000000cea80000)
 Metaspace       used 72589K, committed 73600K, reserved 1122304K
  class space    used 7276K, committed 7744K, reserved 1048576K
}
Event: 705.181 GC heap after
{Heap after GC invocations=276 (full 11):
 PSYoungGen      total 17408K, used 3773K [0x00000000eab00000, 0x00000000ec180000, 0x0000000100000000)
  eden space 13312K, 0% used [0x00000000eab00000,0x00000000eab00000,0x00000000eb800000)
  from space 4096K, 92% used [0x00000000ebd80000,0x00000000ec12f548,0x00000000ec180000)
  to   space 4608K, 0% used [0x00000000eb880000,0x00000000eb880000,0x00000000ebd00000)
 ParOldGen       total 240128K, used 236851K [0x00000000c0000000, 0x00000000cea80000, 0x00000000eab00000)
  object space 240128K, 98% used [0x00000000c0000000,0x00000000ce74cc78,0x00000000cea80000)
 Metaspace       used 72589K, committed 73600K, reserved 1122304K
  class space    used 7276K, committed 7744K, reserved 1048576K
}
Event: 705.198 GC heap before
{Heap before GC invocations=277 (full 11):
 PSYoungGen      total 17408K, used 16965K [0x00000000eab00000, 0x00000000ec180000, 0x0000000100000000)
  eden space 13312K, 99% used [0x00000000eab00000,0x00000000eb7e20e0,0x00000000eb800000)
  from space 4096K, 92% used [0x00000000ebd80000,0x00000000ec12f548,0x00000000ec180000)
  to   space 4608K, 0% used [0x00000000eb880000,0x00000000eb880000,0x00000000ebd00000)
 ParOldGen       total 240128K, used 236851K [0x00000000c0000000, 0x00000000cea80000, 0x00000000eab00000)
  object space 240128K, 98% used [0x00000000c0000000,0x00000000ce74cc78,0x00000000cea80000)
 Metaspace       used 72589K, committed 73600K, reserved 1122304K
  class space    used 7276K, committed 7744K, reserved 1048576K
}
Event: 705.201 GC heap after
{Heap after GC invocations=277 (full 11):
 PSYoungGen      total 15360K, used 1695K [0x00000000eab00000, 0x00000000ebe00000, 0x0000000100000000)
  eden space 13312K, 0% used [0x00000000eab00000,0x00000000eab00000,0x00000000eb800000)
  from space 2048K, 82% used [0x00000000eb880000,0x00000000eba27f00,0x00000000eba80000)
  to   space 2560K, 0% used [0x00000000ebb80000,0x00000000ebb80000,0x00000000ebe00000)
 ParOldGen       total 240128K, used 236851K [0x00000000c0000000, 0x00000000cea80000, 0x00000000eab00000)
  object space 240128K, 98% used [0x00000000c0000000,0x00000000ce74cc78,0x00000000cea80000)
 Metaspace       used 72589K, committed 73600K, reserved 1122304K
  class space    used 7276K, committed 7744K, reserved 1048576K
}
Event: 705.221 GC heap before
{Heap before GC invocations=278 (full 11):
 PSYoungGen      total 15360K, used 14970K [0x00000000eab00000, 0x00000000ebe00000, 0x0000000100000000)
  eden space 13312K, 99% used [0x00000000eab00000,0x00000000eb7f6c28,0x00000000eb800000)
  from space 2048K, 82% used [0x00000000eb880000,0x00000000eba27f00,0x00000000eba80000)
  to   space 2560K, 0% used [0x00000000ebb80000,0x00000000ebb80000,0x00000000ebe00000)
 ParOldGen       total 240128K, used 236851K [0x00000000c0000000, 0x00000000cea80000, 0x00000000eab00000)
  object space 240128K, 98% used [0x00000000c0000000,0x00000000ce74cc78,0x00000000cea80000)
 Metaspace       used 72589K, committed 73600K, reserved 1122304K
  class space    used 7276K, committed 7744K, reserved 1048576K
}
Event: 705.223 GC heap after
{Heap after GC invocations=278 (full 11):
 PSYoungGen      total 15360K, used 1996K [0x00000000eab00000, 0x00000000ebd80000, 0x0000000100000000)
  eden space 13312K, 0% used [0x00000000eab00000,0x00000000eab00000,0x00000000eb800000)
  from space 2048K, 97% used [0x00000000ebb80000,0x00000000ebd73338,0x00000000ebd80000)
  to   space 2560K, 0% used [0x00000000eb880000,0x00000000eb880000,0x00000000ebb00000)
 ParOldGen       total 240128K, used 238643K [0x00000000c0000000, 0x00000000cea80000, 0x00000000eab00000)
  object space 240128K, 99% used [0x00000000c0000000,0x00000000ce90cf78,0x00000000cea80000)
 Metaspace       used 72589K, committed 73600K, reserved 1122304K
  class space    used 7276K, committed 7744K, reserved 1048576K
}
Event: 705.223 GC heap before
{Heap before GC invocations=279 (full 12):
 PSYoungGen      total 15360K, used 1996K [0x00000000eab00000, 0x00000000ebd80000, 0x0000000100000000)
  eden space 13312K, 0% used [0x00000000eab00000,0x00000000eab00000,0x00000000eb800000)
  from space 2048K, 97% used [0x00000000ebb80000,0x00000000ebd73338,0x00000000ebd80000)
  to   space 2560K, 0% used [0x00000000eb880000,0x00000000eb880000,0x00000000ebb00000)
 ParOldGen       total 240128K, used 238643K [0x00000000c0000000, 0x00000000cea80000, 0x00000000eab00000)
  object space 240128K, 99% used [0x00000000c0000000,0x00000000ce90cf78,0x00000000cea80000)
 Metaspace       used 72589K, committed 73600K, reserved 1122304K
  class space    used 7276K, committed 7744K, reserved 1048576K
}

Deoptimization events (20 events):
Event: 704.824 Thread 0x00007f6f4c0ea9e0 DEOPT PACKING pc=0x00007f700d7a1440 sp=0x00007f6f9d5fd5e0
Event: 704.824 Thread 0x00007f6f4c0ea9e0 DEOPT UNPACKING pc=0x00007f700cb88d99 sp=0x00007f6f9d5fd588 mode 2
Event: 704.835 Thread 0x00007f6f4c0ea9e0 Uncommon trap: trap_request=0xffffffde fr.pc=0x00007f700d992dfc relative=0x000000000000025c
Event: 704.835 Thread 0x00007f6f4c0ea9e0 Uncommon trap: reason=class_check action=maybe_recompile pc=0x00007f700d992dfc method=org.eclipse.jdt.internal.core.CompilationUnit.equals(Ljava/lang/Object;)Z @ 10 c2
Event: 704.835 Thread 0x00007f6f4c0ea9e0 DEOPT PACKING pc=0x00007f700d992dfc sp=0x00007f6f9d5fdb20
Event: 704.835 Thread 0x00007f6f4c0ea9e0 DEOPT UNPACKING pc=0x00007f700cb88d99 sp=0x00007f6f9d5fdac8 mode 2
Event: 704.837 Thread 0x00007f6f4c0ea9e0 Uncommon trap: trap_request=0xffffff45 fr.pc=0x00007f700d8684b4 relative=0x0000000000001414
Event: 704.837 Thread 0x00007f6f4c0ea9e0 Uncommon trap: reason=unstable_if action=reinterpret pc=0x00007f700d8684b4 method=org.eclipse.jdt.internal.compiler.parser.Parser.parse()V @ 716 c2
Event: 704.837 Thread 0x00007f6f4c0ea9e0 DEOPT PACKING pc=0x00007f700d8684b4 sp=0x00007f6f9d5fd5e0
Event: 704.837 Thread 0x00007f6f4c0ea9e0 DEOPT UNPACKING pc=0x00007f700cb88d99 sp=0x00007f6f9d5fd5b8 mode 2
Event: 705.054 Thread 0x00007f6f4c0ea9e0 Uncommon trap: trap_request=0xffffffbe fr.pc=0x00007f700d7ac920 relative=0x00000000000045a0
Event: 705.054 Thread 0x00007f6f4c0ea9e0 Uncommon trap: reason=profile_predicate action=maybe_recompile pc=0x00007f700d7ac920 method=org.eclipse.jdt.internal.core.NameLookup.findType(Ljava/lang/String;Ljava/lang/String;ZIZZZLorg/eclipse/core/runtime/IProgressMonitor;[Lorg/eclipse/jdt/core/IPacka
Event: 705.054 Thread 0x00007f6f4c0ea9e0 DEOPT PACKING pc=0x00007f700d7ac920 sp=0x00007f6f9d5fde60
Event: 705.054 Thread 0x00007f6f4c0ea9e0 DEOPT UNPACKING pc=0x00007f700cb88d99 sp=0x00007f6f9d5fde18 mode 2
Event: 705.101 Thread 0x00007f6fc046b550 DEOPT PACKING pc=0x00007f700587befb sp=0x00007f6f9d4fd1c0
Event: 705.101 Thread 0x00007f6fc046b550 DEOPT UNPACKING pc=0x00007f700cb8952f sp=0x00007f6f9d4fc848 mode 0
Event: 705.174 Thread 0x00007f6fc046b550 DEOPT PACKING pc=0x00007f700587befb sp=0x00007f6f9d4fd270
Event: 705.174 Thread 0x00007f6fc046b550 DEOPT UNPACKING pc=0x00007f700cb8952f sp=0x00007f6f9d4fc8f8 mode 0
Event: 705.208 Thread 0x00007f6fc046b550 DEOPT PACKING pc=0x00007f700587becc sp=0x00007f6f9d4fd2e0
Event: 705.208 Thread 0x00007f6fc046b550 DEOPT UNPACKING pc=0x00007f700cb8952f sp=0x00007f6f9d4fc968 mode 0

Classes unloaded (7 events):
Event: 2.490 Thread 0x00007f701c186780 Unloading class 0x0000000800d6a400 'java/lang/invoke/LambdaForm$MH+0x0000000800d6a400'
Event: 2.490 Thread 0x00007f701c186780 Unloading class 0x0000000800d6a000 'java/lang/invoke/LambdaForm$MH+0x0000000800d6a000'
Event: 2.490 Thread 0x00007f701c186780 Unloading class 0x0000000800d69c00 'java/lang/invoke/LambdaForm$MH+0x0000000800d69c00'
Event: 2.490 Thread 0x00007f701c186780 Unloading class 0x0000000800d69400 'java/lang/invoke/LambdaForm$MH+0x0000000800d69400'
Event: 2.490 Thread 0x00007f701c186780 Unloading class 0x0000000800d69000 'java/lang/invoke/LambdaForm$BMH+0x0000000800d69000'
Event: 2.490 Thread 0x00007f701c186780 Unloading class 0x0000000800d68c00 'java/lang/invoke/LambdaForm$DMH+0x0000000800d68c00'
Event: 2.490 Thread 0x00007f701c186780 Unloading class 0x0000000800d66000 'java/lang/invoke/LambdaForm$DMH+0x0000000800d66000'

Classes redefined (0 events):
No events

Internal exceptions (20 events):
Event: 704.836 Thread 0x00007f6f4c0ea9e0 Implicit null exception at 0x00007f7006b9e214 to 0x00007f7006b9e8a5
Event: 704.836 Thread 0x00007f6f4c0ea9e0 Exception <a 'java/lang/NullPointerException'{0x00000000eb6cf1b8}> (0x00000000eb6cf1b8) 
thrown [open/src/hotspot/share/runtime/sharedRuntime.cpp, line 628]
Event: 704.836 Thread 0x00007f6f4c0ea9e0 Implicit null exception at 0x00007f7006b9e214 to 0x00007f7006b9e8a5
Event: 704.836 Thread 0x00007f6f4c0ea9e0 Exception <a 'java/lang/NullPointerException'{0x00000000eb6cf650}> (0x00000000eb6cf650) 
thrown [open/src/hotspot/share/runtime/sharedRuntime.cpp, line 628]
Event: 704.836 Thread 0x00007f6f4c0ea9e0 Implicit null exception at 0x00007f7006b9e214 to 0x00007f7006b9e8a5
Event: 704.836 Thread 0x00007f6f4c0ea9e0 Exception <a 'java/lang/NullPointerException'{0x00000000eb6d03e0}> (0x00000000eb6d03e0) 
thrown [open/src/hotspot/share/runtime/sharedRuntime.cpp, line 628]
Event: 704.836 Thread 0x00007f6f4c0ea9e0 Implicit null exception at 0x00007f7006b9e214 to 0x00007f7006b9e8a5
Event: 704.836 Thread 0x00007f6f4c0ea9e0 Exception <a 'java/lang/NullPointerException'{0x00000000eb6d0928}> (0x00000000eb6d0928) 
thrown [open/src/hotspot/share/runtime/sharedRuntime.cpp, line 628]
Event: 704.837 Thread 0x00007f6f4c0ea9e0 Implicit null exception at 0x00007f7006b9e214 to 0x00007f7006b9e8a5
Event: 704.837 Thread 0x00007f6f4c0ea9e0 Exception <a 'java/lang/NullPointerException'{0x00000000eb6dd078}> (0x00000000eb6dd078) 
thrown [open/src/hotspot/share/runtime/sharedRuntime.cpp, line 628]
Event: 704.837 Thread 0x00007f6f4c0ea9e0 Implicit null exception at 0x00007f7006b9e214 to 0x00007f7006b9e8a5
Event: 704.837 Thread 0x00007f6f4c0ea9e0 Exception <a 'java/lang/NullPointerException'{0x00000000eb6dd7b8}> (0x00000000eb6dd7b8) 
thrown [open/src/hotspot/share/runtime/sharedRuntime.cpp, line 628]
Event: 705.086 Thread 0x00007f6f80011e70 Implicit null exception at 0x00007f7006b9e214 to 0x00007f7006b9e8a5
Event: 705.086 Thread 0x00007f6f80011e70 Exception <a 'java/lang/NullPointerException'{0x00000000eacc2990}> (0x00000000eacc2990) 
thrown [open/src/hotspot/share/runtime/sharedRuntime.cpp, line 628]
Event: 705.086 Thread 0x00007f6f80011e70 Implicit null exception at 0x00007f7006b9e214 to 0x00007f7006b9e8a5
Event: 705.086 Thread 0x00007f6f80011e70 Exception <a 'java/lang/NullPointerException'{0x00000000eacc30b8}> (0x00000000eacc30b8) 
thrown [open/src/hotspot/share/runtime/sharedRuntime.cpp, line 628]
Event: 705.086 Thread 0x00007f6f80011e70 Implicit null exception at 0x00007f7006b9e214 to 0x00007f7006b9e8a5
Event: 705.086 Thread 0x00007f6f80011e70 Exception <a 'java/lang/NullPointerException'{0x00000000eacc3c80}> (0x00000000eacc3c80) 
thrown [open/src/hotspot/share/runtime/sharedRuntime.cpp, line 628]
Event: 705.086 Thread 0x00007f6f80011e70 Implicit null exception at 0x00007f7006b9e214 to 0x00007f7006b9e8a5
Event: 705.086 Thread 0x00007f6f80011e70 Exception <a 'java/lang/NullPointerException'{0x00000000eacc41c8}> (0x00000000eacc41c8) 
thrown [open/src/hotspot/share/runtime/sharedRuntime.cpp, line 628]

VM Operations (20 events):
Event: 702.507 Executing VM operation: Cleanup done
Event: 703.480 Executing VM operation: HandshakeAllThreads
Event: 703.480 Executing VM operation: HandshakeAllThreads done
Event: 704.480 Executing VM operation: Cleanup
Event: 704.480 Executing VM operation: Cleanup done
Event: 705.055 Executing VM operation: ParallelGCFailedAllocation
Event: 705.060 Executing VM operation: ParallelGCFailedAllocation done
Event: 705.082 Executing VM operation: ParallelGCFailedAllocation
Event: 705.085 Executing VM operation: ParallelGCFailedAllocation done
Event: 705.111 Executing VM operation: ParallelGCFailedAllocation
Event: 705.114 Executing VM operation: ParallelGCFailedAllocation done
Event: 705.135 Executing VM operation: ParallelGCFailedAllocation
Event: 705.137 Executing VM operation: ParallelGCFailedAllocation done
Event: 705.156 Executing VM operation: ParallelGCFailedAllocation
Event: 705.159 Executing VM operation: ParallelGCFailedAllocation done
Event: 705.178 Executing VM operation: ParallelGCFailedAllocation
Event: 705.182 Executing VM operation: ParallelGCFailedAllocation done
Event: 705.198 Executing VM operation: ParallelGCFailedAllocation
Event: 705.201 Executing VM operation: ParallelGCFailedAllocation done
Event: 705.221 Executing VM operation: ParallelGCFailedAllocation

Events (20 events):
Event: 700.709 Thread 0x00007f701c1a5980 flushing nmethod 0x00007f7006906e10
Event: 700.710 Thread 0x00007f701c1a5980 flushing nmethod 0x00007f70069da410
Event: 700.710 Thread 0x00007f701c1a5980 flushing nmethod 0x00007f7006a06890
Event: 700.710 Thread 0x00007f701c1a5980 flushing nmethod 0x00007f7006a08590
Event: 700.710 Thread 0x00007f701c1a5980 flushing nmethod 0x00007f7006a2b590
Event: 700.712 Thread 0x00007f701c1a5980 flushing nmethod 0x00007f7006b52f90
Event: 700.713 Thread 0x00007f701c1a5980 flushing nmethod 0x00007f7006c14090
Event: 700.713 Thread 0x00007f701c1a5980 flushing nmethod 0x00007f7006c7bc90
Event: 700.713 Thread 0x00007f701c1a5980 flushing nmethod 0x00007f7006cab310
Event: 700.714 Thread 0x00007f701c1a5980 flushing nmethod 0x00007f7006df8990
Event: 700.714 Thread 0x00007f701c1a5980 flushing nmethod 0x00007f7006e44990
Event: 700.715 Thread 0x00007f701c1a5980 flushing nmethod 0x00007f7006f7a510
Event: 700.716 Thread 0x00007f701c1a5980 flushing nmethod 0x00007f7006fb8b90
Event: 700.716 Thread 0x00007f701c1a5980 flushing nmethod 0x00007f7006fc2390
Event: 700.716 Thread 0x00007f701c1a5980 flushing nmethod 0x00007f7006fcdd90
Event: 700.716 Thread 0x00007f701c1a5980 flushing nmethod 0x00007f70070d3210
Event: 703.617 Thread 0x00007f6fc046b550 Thread added: 0x00007f6fc046b550
Event: 703.617 Protecting memory [0x00007f6f9d400000,0x00007f6f9d404000] with protection modes 0
Event: 704.081 Thread 0x00007f6f80011e70 Thread added: 0x00007f6f80011e70
Event: 704.081 Protecting memory [0x00007f6f9ecfc000,0x00007f6f9ed00000] with protection modes 0


Dynamic libraries:
c0000000-cea80000 rw-p 00000000 00:00 0 
cea80000-eab00000 ---p 00000000 00:00 0 
eab00000-ebd80000 rw-p 00000000 00:00 0 
ebd80000-100000000 ---p 00000000 00:00 0 
800000000-800be3000 rw-p 00001000 103:02 26368269                        /opt/jdk/lib/server/classes.jsa
800be3000-800c00000 ---p 00000000 00:00 0 
800c00000-800c20000 rw-p 00000000 00:00 0 
800c20000-800c40000 rw-p 00000000 00:00 0 
800c40000-800cc0000 rw-p 00000000 00:00 0 
800cc0000-800d00000 rw-p 00000000 00:00 0 
800d00000-800e00000 rw-p 00000000 00:00 0 
800e00000-800f00000 rw-p 00000000 00:00 0 
800f00000-8010c0000 rw-p 00000000 00:00 0 
8010c0000-801140000 rw-p 00000000 00:00 0 
801140000-801160000 rw-p 00000000 00:00 0 
801160000-801180000 ---p 00000000 00:00 0 
801180000-8013b0000 rw-p 00000000 00:00 0 
8013b0000-840c00000 ---p 00000000 00:00 0 
556156c12000-556156c13000 r-xp 00000000 103:02 26366846                  /opt/jdk/bin/java
556156c14000-556156c15000 r--p 00001000 103:02 26366846                  /opt/jdk/bin/java
556156c15000-556156c16000 rw-p 00002000 103:02 26366846                  /opt/jdk/bin/java
556157b5b000-556157b7c000 rw-p 00000000 00:00 0                          [heap]
7f6f4c000000-7f6f4c34e000 rw-p 00000000 00:00 0 
7f6f4c34e000-7f6f50000000 ---p 00000000 00:00 0 
7f6f51000000-7f6f51070000 rw-p 00000000 00:00 0 
7f6f51070000-7f6f51800000 ---p 00000000 00:00 0 
7f6f51c00000-7f6f52180000 rw-p 00000000 00:00 0 
7f6f52180000-7f6f521e0000 rw-p 00000000 00:00 0 
7f6f521e0000-7f6f52200000 ---p 00000000 00:00 0 
7f6f52200000-7f6f52400000 rw-p 00000000 00:00 0 
7f6f52800000-7f6f53000000 rw-p 00000000 00:00 0 
7f6f53400000-7f6f53700000 rw-p 00000000 00:00 0 
7f6f53700000-7f6f53800000 rw-p 00000000 00:00 0 
7f6f53800000-7f6f53c00000 rw-p 00000000 00:00 0 
7f6f54000000-7f6f56586000 rw-p 00000000 00:00 0 
7f6f56586000-7f6f58000000 ---p 00000000 00:00 0 
7f6f58000000-7f6f58170000 rw-p 00000000 00:00 0 
7f6f58170000-7f6f5c000000 ---p 00000000 00:00 0 
7f6f5c000000-7f6f5c0fc000 rw-p 00000000 00:00 0 
7f6f5c0fc000-7f6f60000000 ---p 00000000 00:00 0 
7f6f60600000-7f6f67f1c000 r--s 00000000 103:02 26368260                  /opt/jdk/lib/modules
7f6f68000000-7f6f69fb8000 rw-p 00000000 00:00 0 
7f6f69fb8000-7f6f6c000000 ---p 00000000 00:00 0 
7f6f6c000000-7f6f6c021000 rw-p 00000000 00:00 0 
7f6f6c021000-7f6f70000000 ---p 00000000 00:00 0 
7f6f70000000-7f6f701bc000 rw-p 00000000 00:00 0 
7f6f701bc000-7f6f74000000 ---p 00000000 00:00 0 
7f6f74000000-7f6f74056000 rw-p 00000000 00:00 0 
7f6f74056000-7f6f78000000 ---p 00000000 00:00 0 
7f6f78000000-7f6f7996f000 rw-p 00000000 00:00 0 
7f6f7996f000-7f6f7c000000 ---p 00000000 00:00 0 
7f6f7c000000-7f6f7c021000 rw-p 00000000 00:00 0 
7f6f7c021000-7f6f80000000 ---p 00000000 00:00 0 
7f6f80000000-7f6f80087000 rw-p 00000000 00:00 0 
7f6f80087000-7f6f84000000 ---p 00000000 00:00 0 
7f6f84000000-7f6f840c7000 rw-p 00000000 00:00 0 
7f6f840c7000-7f6f88000000 ---p 00000000 00:00 0 
7f6f88000000-7f6f89b2f000 rw-p 00000000 00:00 0 
7f6f89b2f000-7f6f8c000000 ---p 00000000 00:00 0 
7f6f8c000000-7f6f8d072000 rw-p 00000000 00:00 0 
7f6f8d072000-7f6f90000000 ---p 00000000 00:00 0 
7f6f90000000-7f6f90021000 rw-p 00000000 00:00 0 
7f6f90021000-7f6f94000000 ---p 00000000 00:00 0 
7f6f94000000-7f6f943c8000 rw-p 00000000 00:00 0 
7f6f943c8000-7f6f98000000 ---p 00000000 00:00 0 
7f6f98000000-7f6f98021000 rw-p 00000000 00:00 0 
7f6f98021000-7f6f9c000000 ---p 00000000 00:00 0 
7f6f9c900000-7f6f9c904000 ---p 00000000 00:00 0 
7f6f9c904000-7f6f9ca00000 rw-p 00000000 00:00 0 
7f6f9ca00000-7f6f9ca04000 ---p 00000000 00:00 0 
7f6f9ca04000-7f6f9cb00000 rw-p 00000000 00:00 0 
7f6f9cb00000-7f6f9cb04000 ---p 00000000 00:00 0 
7f6f9cb04000-7f6f9cf00000 rw-p 00000000 00:00 0 
7f6f9cf00000-7f6f9d100000 rw-p 00000000 00:00 0 
7f6f9d100000-7f6f9d140000 rw-p 00000000 00:00 0 
7f6f9d140000-7f6f9d180000 rw-p 00000000 00:00 0 
7f6f9d180000-7f6f9d300000 rw-p 00000000 00:00 0 
7f6f9d300000-7f6f9d400000 rw-p 00000000 00:00 0 
7f6f9d400000-7f6f9d404000 ---p 00000000 00:00 0 
7f6f9d404000-7f6f9d500000 rw-p 00000000 00:00 0 
7f6f9d500000-7f6f9d504000 ---p 00000000 00:00 0 
7f6f9d504000-7f6f9d600000 rw-p 00000000 00:00 0 
7f6f9d600000-7f6f9d604000 ---p 00000000 00:00 0 
7f6f9d604000-7f6f9d700000 rw-p 00000000 00:00 0 
7f6f9d700000-7f6f9d704000 ---p 00000000 00:00 0 
7f6f9d704000-7f6f9d900000 rw-p 00000000 00:00 0 
7f6f9d900000-7f6f9da00000 rw-p 00000000 00:00 0 
7f6f9da00000-7f6f9e000000 rw-p 00000000 00:00 0 
7f6f9e02e000-7f6f9e032000 ---p 00000000 00:00 0 
7f6f9e032000-7f6f9e12e000 rw-p 00000000 00:00 0 
7f6f9e12e000-7f6f9e132000 ---p 00000000 00:00 0 
7f6f9e132000-7f6f9e22e000 rw-p 00000000 00:00 0 
7f6f9e300000-7f6f9e304000 ---p 00000000 00:00 0 
7f6f9e304000-7f6f9e880000 rw-p 00000000 00:00 0 
7f6f9e880000-7f6f9e900000 rw-p 00000000 00:00 0 
7f6f9e900000-7f6f9ec00000 rw-p 00000000 00:00 0 
7f6f9ecfc000-7f6f9ed00000 ---p 00000000 00:00 0 
7f6f9ed00000-7f6f9edfc000 rw-p 00000000 00:00 0 
7f6f9edfc000-7f6f9ee00000 ---p 00000000 00:00 0 
7f6f9ee00000-7f6f9eefc000 rw-p 00000000 00:00 0 
7f6f9eefc000-7f6f9ef00000 ---p 00000000 00:00 0 
7f6f9ef00000-7f6f9effc000 rw-p 00000000 00:00 0 
7f6f9effc000-7f6f9f000000 ---p 00000000 00:00 0 
7f6f9f000000-7f6f9f0fc000 rw-p 00000000 00:00 0 
7f6f9f0fc000-7f6f9f100000 ---p 00000000 00:00 0 
7f6f9f100000-7f6f9f1fc000 rw-p 00000000 00:00 0 
7f6f9f1fc000-7f6f9f1fd000 ---p 00000000 00:00 0 
7f6f9f1fd000-7f6f9f2fe000 rw-p 00000000 00:00 0 
7f6f9f2fe000-7f6f9f2ff000 ---p 00000000 00:00 0 
7f6f9f2ff000-7f6f9f500000 rw-p 00000000 00:00 0 
7f6f9f500000-7f6f9f600000 rw-p 00000000 00:00 0 
7f6f9f600000-7f6f9fc00000 rw-p 00000000 00:00 0 
7f6f9fc00000-7f6f9fc10000 r-xp 00000000 103:02 26368764                  /home/ricebucket/.config/Code/User/globalStorage/redhat.java/1.16.0/config_linux/org.eclipse.equinox.launcher/org.eclipse.equinox.launcher.gtk.linux.x86_64_1.2.700.v20221108-1024/eclipse_11801.so
7f6f9fc10000-7f6f9fe0f000 ---p 00010000 103:02 26368764                  /home/ricebucket/.config/Code/User/globalStorage/redhat.java/1.16.0/config_linux/org.eclipse.equinox.launcher/org.eclipse.equinox.launcher.gtk.linux.x86_64_1.2.700.v20221108-1024/eclipse_11801.so
7f6f9fe0f000-7f6f9fe10000 r--p 0000f000 103:02 26368764                  /home/ricebucket/.config/Code/User/globalStorage/redhat.java/1.16.0/config_linux/org.eclipse.equinox.launcher/org.eclipse.equinox.launcher.gtk.linux.x86_64_1.2.700.v20221108-1024/eclipse_11801.so
7f6f9fe10000-7f6f9fe11000 rw-p 00010000 103:02 26368764                  /home/ricebucket/.config/Code/User/globalStorage/redhat.java/1.16.0/config_linux/org.eclipse.equinox.launcher/org.eclipse.equinox.launcher.gtk.linux.x86_64_1.2.700.v20221108-1024/eclipse_11801.so
7f6f9fe11000-7f6f9fe12000 rw-p 00000000 00:00 0 
7f6f9ff00000-7f6f9ff04000 ---p 00000000 00:00 0 
7f6f9ff04000-7f6fa0000000 rw-p 00000000 00:00 0 
7f6fa0000000-7f6fa0021000 rw-p 00000000 00:00 0 
7f6fa0021000-7f6fa4000000 ---p 00000000 00:00 0 
7f6fa4000000-7f6fa497d000 rw-p 00000000 00:00 0 
7f6fa497d000-7f6fa8000000 ---p 00000000 00:00 0 
7f6fa8000000-7f6fa8021000 rw-p 00000000 00:00 0 
7f6fa8021000-7f6fac000000 ---p 00000000 00:00 0 
7f6fac000000-7f6fac021000 rw-p 00000000 00:00 0 
7f6fac021000-7f6fb0000000 ---p 00000000 00:00 0 
7f6fb0000000-7f6fb0021000 rw-p 00000000 00:00 0 
7f6fb0021000-7f6fb4000000 ---p 00000000 00:00 0 
7f6fb4000000-7f6fb4021000 rw-p 00000000 00:00 0 
7f6fb4021000-7f6fb8000000 ---p 00000000 00:00 0 
7f6fb8000000-7f6fb8021000 rw-p 00000000 00:00 0 
7f6fb8021000-7f6fbc000000 ---p 00000000 00:00 0 
7f6fbc000000-7f6fbc021000 rw-p 00000000 00:00 0 
7f6fbc021000-7f6fc0000000 ---p 00000000 00:00 0 
7f6fc0000000-7f6fc1f14000 rw-p 00000000 00:00 0 
7f6fc1f14000-7f6fc4000000 ---p 00000000 00:00 0 
7f6fc4000000-7f6fc41b1000 rw-p 00000000 00:00 0 
7f6fc41b1000-7f6fc8000000 ---p 00000000 00:00 0 
7f6fc8000000-7f6fc8021000 rw-p 00000000 00:00 0 
7f6fc8021000-7f6fcc000000 ---p 00000000 00:00 0 
7f6fcc000000-7f6fcc021000 rw-p 00000000 00:00 0 
7f6fcc021000-7f6fd0000000 ---p 00000000 00:00 0 
7f6fd0000000-7f6fd0021000 rw-p 00000000 00:00 0 
7f6fd0021000-7f6fd4000000 ---p 00000000 00:00 0 
7f6fd4000000-7f6fd42b2000 rw-p 00000000 00:00 0 
7f6fd42b2000-7f6fd8000000 ---p 00000000 00:00 0 
7f6fd8000000-7f6fd8d92000 rw-p 00000000 00:00 0 
7f6fd8d92000-7f6fdc000000 ---p 00000000 00:00 0 
7f6fdc000000-7f6fdc239000 rw-p 00000000 00:00 0 
7f6fdc239000-7f6fe0000000 ---p 00000000 00:00 0 
7f6fe0000000-7f6fe0021000 rw-p 00000000 00:00 0 
7f6fe0021000-7f6fe4000000 ---p 00000000 00:00 0 
7f6fe4000000-7f6fe8000000 rw-p 00000000 00:00 0 
7f6fe8000000-7f6fe8021000 rw-p 00000000 00:00 0 
7f6fe8021000-7f6fec000000 ---p 00000000 00:00 0 
7f6fec000000-7f6fec021000 rw-p 00000000 00:00 0 
7f6fec021000-7f6ff0000000 ---p 00000000 00:00 0 
7f6ff0000000-7f6ff0021000 rw-p 00000000 00:00 0 
7f6ff0021000-7f6ff4000000 ---p 00000000 00:00 0 
7f6ff4000000-7f6ff4021000 rw-p 00000000 00:00 0 
7f6ff4021000-7f6ff8000000 ---p 00000000 00:00 0 
7f6ff8000000-7f6ff8021000 rw-p 00000000 00:00 0 
7f6ff8021000-7f6ffc000000 ---p 00000000 00:00 0 
7f6ffc0f4000-7f6ffc0f8000 ---p 00000000 00:00 0 
7f6ffc0f8000-7f6ffc1f4000 rw-p 00000000 00:00 0 
7f6ffc1f4000-7f6ffc1f8000 ---p 00000000 00:00 0 
7f6ffc1f8000-7f6ffc2f4000 rw-p 00000000 00:00 0 
7f6ffc2f4000-7f6ffc2f8000 ---p 00000000 00:00 0 
7f6ffc2f8000-7f6ffc3f4000 rw-p 00000000 00:00 0 
7f6ffc3f4000-7f6ffc3f5000 ---p 00000000 00:00 0 
7f6ffc3f5000-7f6ffc4f6000 rw-p 00000000 00:00 0 
7f6ffc4f6000-7f6ffc4f7000 ---p 00000000 00:00 0 
7f6ffc4f7000-7f6ffc5f8000 rw-p 00000000 00:00 0 
7f6ffc5f8000-7f6ffc5f9000 ---p 00000000 00:00 0 
7f6ffc5f9000-7f6ffc6fa000 rw-p 00000000 00:00 0 
7f6ffc6fa000-7f6ffc6fb000 ---p 00000000 00:00 0 
7f6ffc6fb000-7f6ffc7fc000 rw-p 00000000 00:00 0 
7f6ffc7fc000-7f6ffc7fd000 ---p 00000000 00:00 0 
7f6ffc7fd000-7f6ffc8fe000 rw-p 00000000 00:00 0 
7f6ffc8fe000-7f6ffc902000 ---p 00000000 00:00 0 
7f6ffc902000-7f6ffc9fe000 rw-p 00000000 00:00 0 
7f6ffc9fe000-7f6ffc9ff000 ---p 00000000 00:00 0 
7f6ffc9ff000-7f6ffcb00000 rw-p 00000000 00:00 0 
7f6ffcb00000-7f6ffcb04000 ---p 00000000 00:00 0 
7f6ffcb04000-7f6ffcc00000 rw-p 00000000 00:00 0 
7f6ffcc00000-7f6ffcc04000 ---p 00000000 00:00 0 
7f6ffcc04000-7f6ffcd00000 rw-p 00000000 00:00 0 
7f6ffcd00000-7f6ffcd04000 ---p 00000000 00:00 0 
7f6ffcd04000-7f6ffce00000 rw-p 00000000 00:00 0 
7f6ffce00000-7f6ffce04000 ---p 00000000 00:00 0 
7f6ffce04000-7f6ffcf00000 rw-p 00000000 00:00 0 
7f6ffcf00000-7f6ffcf04000 ---p 00000000 00:00 0 
7f6ffcf04000-7f6ffd000000 rw-p 00000000 00:00 0 
7f6ffd000000-7f6ffd004000 ---p 00000000 00:00 0 
7f6ffd004000-7f6ffd100000 rw-p 00000000 00:00 0 
7f6ffd100000-7f6ffd104000 ---p 00000000 00:00 0 
7f6ffd104000-7f6ffd200000 rw-p 00000000 00:00 0 
7f6ffd200000-7f6ffdfe7000 r--p 00000000 103:02 3806519                   /usr/lib/locale/locale-archive
7f6ffe000000-7f7000000000 rw-p 00000000 00:00 0 
7f7000000000-7f7000021000 rw-p 00000000 00:00 0 
7f7000021000-7f7004000000 ---p 00000000 00:00 0 
7f7004000000-7f7004004000 ---p 00000000 00:00 0 
7f7004004000-7f7004100000 rw-p 00000000 00:00 0 
7f7004100000-7f7004104000 ---p 00000000 00:00 0 
7f7004104000-7f7004200000 rw-p 00000000 00:00 0 
7f7004200000-7f7004204000 ---p 00000000 00:00 0 
7f7004204000-7f7004300000 rw-p 00000000 00:00 0 
7f7004300000-7f7004304000 ---p 00000000 00:00 0 
7f7004304000-7f7004800000 rw-p 00000000 00:00 0 
7f7004800000-7f7004c00000 rw-p 00000000 00:00 0 
7f7004cf6000-7f7004cf7000 ---p 00000000 00:00 0 
7f7004cf7000-7f7005600000 rw-p 00000000 00:00 0 
7f7005600000-7f7007170000 rwxp 00000000 00:00 0 
7f7007170000-7f700cb37000 ---p 00000000 00:00 0 
7f700cb37000-7f700cda7000 rwxp 00000000 00:00 0 
7f700cda7000-7f700d0c9000 ---p 00000000 00:00 0 
7f700d0c9000-7f700da69000 rwxp 00000000 00:00 0 
7f700da69000-7f7014600000 ---p 00000000 00:00 0 
7f7014600000-7f701bf1c000 r--s 00000000 103:02 26368260                  /opt/jdk/lib/modules
7f701bf30000-7f701bffe000 r-xp 00000000 103:02 26368242                  /opt/jdk/lib/libjsvml.so
7f701bffe000-7f701bfff000 r--p 000cd000 103:02 26368242                  /opt/jdk/lib/libjsvml.so
7f701bfff000-7f701c000000 rw-p 000ce000 103:02 26368242                  /opt/jdk/lib/libjsvml.so
7f701c000000-7f701c6fe000 rw-p 00000000 00:00 0 
7f701c6fe000-7f7020000000 ---p 00000000 00:00 0 
7f7020039000-7f702003f000 r-xp 00000000 103:02 26368247                  /opt/jdk/lib/libmanagement_ext.so
7f702003f000-7f7020040000 r--p 00005000 103:02 26368247                  /opt/jdk/lib/libmanagement_ext.so
7f7020040000-7f7020041000 rw-p 00006000 103:02 26368247                  /opt/jdk/lib/libmanagement_ext.so
7f7020041000-7f7020045000 r-xp 00000000 103:02 26368245                  /opt/jdk/lib/libmanagement.so
7f7020045000-7f7020046000 r--p 00003000 103:02 26368245                  /opt/jdk/lib/libmanagement.so
7f7020046000-7f7020047000 rw-p 00004000 103:02 26368245                  /opt/jdk/lib/libmanagement.so
7f7020047000-7f702004b000 ---p 00000000 00:00 0 
7f702004b000-7f7020069000 rw-p 00000000 00:00 0 
7f7020069000-7f7020070000 r--s 00000000 103:02 4460605                   /usr/lib/x86_64-linux-gnu/gconv/gconv-modules.cache
7f7020070000-7f7020091000 r--p 00000000 103:02 4722453                   /usr/share/locale-langpack/zh_CN/LC_MESSAGES/libc.mo
7f7020091000-7f702009e000 r-xp 00000000 103:02 26368258                  /opt/jdk/lib/libverify.so
7f702009e000-7f70200a0000 r--p 0000c000 103:02 26368258                  /opt/jdk/lib/libverify.so
7f70200a0000-7f70200a1000 rw-p 0000e000 103:02 26368258                  /opt/jdk/lib/libverify.so
7f70200a1000-7f7021747000 rw-p 00000000 00:00 0 
7f7021747000-7f7021827000 ---p 00000000 00:00 0 
7f7021827000-7f7021828000 ---p 00000000 00:00 0 
7f7021828000-7f702199f000 rw-p 00000000 00:00 0 
7f702199f000-7f7021a7e000 ---p 00000000 00:00 0 
7f7021a7e000-7f7021a88000 rw-p 00000000 00:00 0 
7f7021a88000-7f7021b29000 ---p 00000000 00:00 0 
7f7021b29000-7f7021b3e000 rw-p 00000000 00:00 0 
7f7021b3e000-7f7021c15000 ---p 00000000 00:00 0 
7f7021c15000-7f7021c4c000 rw-p 00000000 00:00 0 
7f7021c4c000-7f7021d00000 ---p 00000000 00:00 0 
7f7021d00000-7f7021d04000 ---p 00000000 00:00 0 
7f7021d04000-7f7021e00000 rw-p 00000000 00:00 0 
7f7021e00000-7f7022f3d000 r-xp 00000000 103:02 26368272                  /opt/jdk/lib/server/libjvm.so
7f7022f3d000-7f7022f3e000 ---p 0113d000 103:02 26368272                  /opt/jdk/lib/server/libjvm.so
7f7022f3e000-7f7022ff3000 r--p 0113d000 103:02 26368272                  /opt/jdk/lib/server/libjvm.so
7f7022ff3000-7f7023026000 rw-p 011f2000 103:02 26368272                  /opt/jdk/lib/server/libjvm.so
7f7023026000-7f7023080000 rw-p 00000000 00:00 0 
7f7023081000-7f7023083000 r-xp 00000000 103:02 26368227                  /opt/jdk/lib/libextnet.so
7f7023083000-7f7023084000 r--p 00001000 103:02 26368227                  /opt/jdk/lib/libextnet.so
7f7023084000-7f7023085000 rw-p 00002000 103:02 26368227                  /opt/jdk/lib/libextnet.so
7f7023085000-7f702309a000 r-xp 00000000 103:02 26368249                  /opt/jdk/lib/libnet.so
7f702309a000-7f702309b000 ---p 00015000 103:02 26368249                  /opt/jdk/lib/libnet.so
7f702309b000-7f702309c000 r--p 00015000 103:02 26368249                  /opt/jdk/lib/libnet.so
7f702309c000-7f702309d000 rw-p 00016000 103:02 26368249                  /opt/jdk/lib/libnet.so
7f702309d000-7f70230b0000 r-xp 00000000 103:02 26368250                  /opt/jdk/lib/libnio.so
7f70230b0000-7f70230b1000 r--p 00012000 103:02 26368250                  /opt/jdk/lib/libnio.so
7f70230b1000-7f70230b2000 rw-p 00013000 103:02 26368250                  /opt/jdk/lib/libnio.so
7f70230b2000-7f70230cb000 rw-p 00000000 00:00 0 
7f70230cb000-7f70230d2000 ---p 00000000 00:00 0 
7f70230d2000-7f70230f6000 r-xp 00000000 103:02 26368234                  /opt/jdk/lib/libjava.so
7f70230f6000-7f70230f7000 ---p 00024000 103:02 26368234                  /opt/jdk/lib/libjava.so
7f70230f7000-7f70230f8000 r--p 00024000 103:02 26368234                  /opt/jdk/lib/libjava.so
7f70230f8000-7f70230f9000 rw-p 00025000 103:02 26368234                  /opt/jdk/lib/libjava.so
7f70230f9000-7f70230fa000 rw-p 00000000 00:00 0 
7f70230fa000-7f7023115000 r-xp 00000000 103:02 26368238                  /opt/jdk/lib/libjimage.so
7f7023115000-7f7023116000 ---p 0001b000 103:02 26368238                  /opt/jdk/lib/libjimage.so
7f7023116000-7f7023118000 r--p 0001b000 103:02 26368238                  /opt/jdk/lib/libjimage.so
7f7023118000-7f7023119000 rw-p 0001d000 103:02 26368238                  /opt/jdk/lib/libjimage.so
7f7023119000-7f7023127000 r--p 00000000 103:02 3808139                   /usr/lib/x86_64-linux-gnu/libm.so.6
7f7023127000-7f70231a3000 r-xp 0000e000 103:02 3808139                   /usr/lib/x86_64-linux-gnu/libm.so.6
7f70231a3000-7f70231fe000 r--p 0008a000 103:02 3808139                   /usr/lib/x86_64-linux-gnu/libm.so.6
7f70231fe000-7f70231ff000 r--p 000e4000 103:02 3808139                   /usr/lib/x86_64-linux-gnu/libm.so.6
7f70231ff000-7f7023200000 rw-p 000e5000 103:02 3808139                   /usr/lib/x86_64-linux-gnu/libm.so.6
7f7023200000-7f7023228000 r--p 00000000 103:02 3807490                   /usr/lib/x86_64-linux-gnu/libc.so.6
7f7023228000-7f70233bd000 r-xp 00028000 103:02 3807490                   /usr/lib/x86_64-linux-gnu/libc.so.6
7f70233bd000-7f7023415000 r--p 001bd000 103:02 3807490                   /usr/lib/x86_64-linux-gnu/libc.so.6
7f7023415000-7f7023419000 r--p 00214000 103:02 3807490                   /usr/lib/x86_64-linux-gnu/libc.so.6
7f7023419000-7f702341b000 rw-p 00218000 103:02 3807490                   /usr/lib/x86_64-linux-gnu/libc.so.6
7f702341b000-7f7023428000 rw-p 00000000 00:00 0 
7f7023428000-7f702342f000 r-xp 00000000 103:02 26368259                  /opt/jdk/lib/libzip.so
7f702342f000-7f7023430000 ---p 00007000 103:02 26368259                  /opt/jdk/lib/libzip.so
7f7023430000-7f7023431000 r--p 00007000 103:02 26368259                  /opt/jdk/lib/libzip.so
7f7023431000-7f7023432000 rw-p 00008000 103:02 26368259                  /opt/jdk/lib/libzip.so
7f7023432000-7f702343a000 rw-s 00000000 103:02 15466506                  /tmp/hsperfdata_ricebucket/200380
7f702343a000-7f702343b000 r--p 00000000 103:02 3808461                   /usr/lib/x86_64-linux-gnu/librt.so.1
7f702343b000-7f702343c000 r-xp 00001000 103:02 3808461                   /usr/lib/x86_64-linux-gnu/librt.so.1
7f702343c000-7f702343d000 r--p 00002000 103:02 3808461                   /usr/lib/x86_64-linux-gnu/librt.so.1
7f702343d000-7f702343e000 r--p 00002000 103:02 3808461                   /usr/lib/x86_64-linux-gnu/librt.so.1
7f702343e000-7f702343f000 rw-p 00003000 103:02 3808461                   /usr/lib/x86_64-linux-gnu/librt.so.1
7f702343f000-7f7023441000 rw-p 00000000 00:00 0 
7f7023441000-7f7023442000 r--p 00000000 103:02 3807632                   /usr/lib/x86_64-linux-gnu/libdl.so.2
7f7023442000-7f7023443000 r-xp 00001000 103:02 3807632                   /usr/lib/x86_64-linux-gnu/libdl.so.2
7f7023443000-7f7023444000 r--p 00002000 103:02 3807632                   /usr/lib/x86_64-linux-gnu/libdl.so.2
7f7023444000-7f7023445000 r--p 00002000 103:02 3807632                   /usr/lib/x86_64-linux-gnu/libdl.so.2
7f7023445000-7f7023446000 rw-p 00003000 103:02 3807632                   /usr/lib/x86_64-linux-gnu/libdl.so.2
7f7023446000-7f7023447000 r--p 00000000 103:02 3808405                   /usr/lib/x86_64-linux-gnu/libpthread.so.0
7f7023447000-7f7023448000 r-xp 00001000 103:02 3808405                   /usr/lib/x86_64-linux-gnu/libpthread.so.0
7f7023448000-7f7023449000 r--p 00002000 103:02 3808405                   /usr/lib/x86_64-linux-gnu/libpthread.so.0
7f7023449000-7f702344a000 r--p 00002000 103:02 3808405                   /usr/lib/x86_64-linux-gnu/libpthread.so.0
7f702344a000-7f702344b000 rw-p 00003000 103:02 3808405                   /usr/lib/x86_64-linux-gnu/libpthread.so.0
7f702344b000-7f702345a000 r-xp 00000000 103:02 26368239                  /opt/jdk/lib/libjli.so
7f702345a000-7f702345b000 r--p 0000e000 103:02 26368239                  /opt/jdk/lib/libjli.so
7f702345b000-7f702345c000 rw-p 0000f000 103:02 26368239                  /opt/jdk/lib/libjli.so
7f702345c000-7f702345e000 r--p 00000000 103:02 3801386                   /usr/lib/x86_64-linux-gnu/libz.so.1.2.11
7f702345e000-7f702346f000 r-xp 00002000 103:02 3801386                   /usr/lib/x86_64-linux-gnu/libz.so.1.2.11
7f702346f000-7f7023475000 r--p 00013000 103:02 3801386                   /usr/lib/x86_64-linux-gnu/libz.so.1.2.11
7f7023475000-7f7023476000 ---p 00019000 103:02 3801386                   /usr/lib/x86_64-linux-gnu/libz.so.1.2.11
7f7023476000-7f7023477000 r--p 00019000 103:02 3801386                   /usr/lib/x86_64-linux-gnu/libz.so.1.2.11
7f7023477000-7f7023478000 rw-p 0001a000 103:02 3801386                   /usr/lib/x86_64-linux-gnu/libz.so.1.2.11
7f7023478000-7f7023482000 r-xp 00000000 103:02 26368229                  /opt/jdk/lib/libinstrument.so
7f7023482000-7f7023483000 r--p 00009000 103:02 26368229                  /opt/jdk/lib/libinstrument.so
7f7023483000-7f7023484000 rw-p 0000a000 103:02 26368229                  /opt/jdk/lib/libinstrument.so
7f7023484000-7f7023485000 ---p 00000000 00:00 0 
7f7023485000-7f7023486000 r--p 00000000 00:00 0 
7f7023486000-7f7023488000 rw-p 00000000 00:00 0 
7f7023488000-7f702348a000 r--p 00000000 103:02 3807155                   /usr/lib/x86_64-linux-gnu/ld-linux-x86-64.so.2
7f702348a000-7f70234b4000 r-xp 00002000 103:02 3807155                   /usr/lib/x86_64-linux-gnu/ld-linux-x86-64.so.2
7f70234b4000-7f70234bf000 r--p 0002c000 103:02 3807155                   /usr/lib/x86_64-linux-gnu/ld-linux-x86-64.so.2
7f70234bf000-7f70234c0000 ---p 00000000 00:00 0 
7f70234c0000-7f70234c2000 r--p 00037000 103:02 3807155                   /usr/lib/x86_64-linux-gnu/ld-linux-x86-64.so.2
7f70234c2000-7f70234c4000 rw-p 00039000 103:02 3807155                   /usr/lib/x86_64-linux-gnu/ld-linux-x86-64.so.2
7ffe529d7000-7ffe529f9000 rw-p 00000000 00:00 0                          [stack]
7ffe529f9000-7ffe529fd000 r--p 00000000 00:00 0                          [vvar]
7ffe529fd000-7ffe529ff000 r-xp 00000000 00:00 0                          [vdso]
ffffffffff600000-ffffffffff601000 --xp 00000000 00:00 0                  [vsyscall]


VM Arguments:
jvm_args: --add-modules=ALL-SYSTEM --add-opens=java.base/java.util=ALL-UNNAMED --add-opens=java.base/java.lang=ALL-UNNAMED --add-opens=java.base/sun.nio.fs=ALL-UNNAMED -Declipse.application=org.eclipse.jdt.ls.core.id1 -Dosgi.bundles.defaultStartLevel=4 -Declipse.product=org.eclipse.jdt.ls.core.product -Djava.import.generatesMetadataFilesAtProjectRoot=false -Dfile.encoding=utf8 -XX:+UseParallelGC -XX:GCTimeRatio=4 -XX:AdaptiveSizePolicyWeight=90 -Dsun.zip.disableMemoryMapping=true -Xmx1G -Xms100m -Xlog:disable -javaagent:/home/ricebucket/.vscode/extensions/redhat.java-1.16.0/lombok/lombok-1.18.24.jar -XX:+HeapDumpOnOutOfMemoryError -XX:HeapDumpPath=/home/ricebucket/.config/Code/User/workspaceStorage/638bf6c381946d43ad00d72bf457aa54/redhat.java 
java_command: /home/ricebucket/.vscode/extensions/redhat.java-1.16.0/server/plugins/org.eclipse.equinox.launcher_1.6.400.v20210924-0641.jar -configuration /home/ricebucket/.config/Code/User/globalStorage/redhat.java/1.16.0/config_linux -data /home/ricebucket/.config/Code/User/workspaceStorage/638bf6c381946d43ad00d72bf457aa54/redhat.java/jdt_ws
java_class_path (initial): /home/ricebucket/.vscode/extensions/redhat.java-1.16.0/server/plugins/org.eclipse.equinox.launcher_1.6.400.v20210924-0641.jar
Launcher Type: SUN_STANDARD

[Global flags]
    uintx AdaptiveSizePolicyWeight                 = 90                                        {product} {command line}
     intx CICompilerCount                          = 4                                         {product} {ergonomic}
    uintx GCTimeRatio                              = 4                                         {product} {command line}
     bool HeapDumpOnOutOfMemoryError               = true                                   {manageable} {command line}
    ccstr HeapDumpPath                             = /home/ricebucket/.config/Code/User/workspaceStorage/638bf6c381946d43ad00d72bf457aa54/redhat.java         {manageable} {command line}
   size_t InitialHeapSize                          = 104857600                                 {product} {command line}
   size_t MaxHeapSize                              = 1073741824                                {product} {command line}
   size_t MaxNewSize                               = 357564416                                 {product} {ergonomic}
   size_t MinHeapDeltaBytes                        = 524288                                    {product} {ergonomic}
   size_t MinHeapSize                              = 104857600                                 {product} {command line}
   size_t NewSize                                  = 34603008                                  {product} {ergonomic}
    uintx NonNMethodCodeHeapSize                   = 5839372                                {pd product} {ergonomic}
    uintx NonProfiledCodeHeapSize                  = 122909434                              {pd product} {ergonomic}
   size_t OldSize                                  = 70254592                                  {product} {ergonomic}
    uintx ProfiledCodeHeapSize                     = 122909434                              {pd product} {ergonomic}
    uintx ReservedCodeCacheSize                    = 251658240                              {pd product} {ergonomic}
     bool SegmentedCodeCache                       = true                                      {product} {ergonomic}
   size_t SoftMaxHeapSize                          = 1073741824                             {manageable} {ergonomic}
     bool UseCompressedClassPointers               = true                           {product lp64_product} {ergonomic}
     bool UseCompressedOops                        = true                           {product lp64_product} {ergonomic}
     bool UseParallelGC                            = true                                      {product} {command line}

Logging:
Log output configuration:
 #0: stdout all=off uptime,level,tags
 #1: stderr all=off uptime,level,tags

Environment Variables:
PATH=~/go/bin:/opt/jdk/bin:/opt/anaconda3/bin:/opt/anaconda3/condabin:/opt/anaconda3/bin:/usr/local/sbin:/usr/local/bin:/usr/sbin:/usr/bin:/sbin:/bin:/usr/games:/usr/local/games:/snap/bin:/snap/bin
USERNAME=ricebucket
SHELL=/bin/bash
DISPLAY=:0
LANG=zh_CN.UTF-8

Signal Handlers:
   SIGSEGV: crash_handler in libjvm.so, mask=11100100010111111101111111111110, flags=SA_RESTART|SA_SIGINFO
    SIGBUS: crash_handler in libjvm.so, mask=11100100010111111101111111111110, flags=SA_RESTART|SA_SIGINFO
    SIGFPE: crash_handler in libjvm.so, mask=11100100010111111101111111111110, flags=SA_RESTART|SA_SIGINFO
   SIGPIPE: javaSignalHandler in libjvm.so, mask=11100100010111111101111111111110, flags=SA_RESTART|SA_SIGINFO
   SIGXFSZ: javaSignalHandler in libjvm.so, mask=11100100010111111101111111111110, flags=SA_RESTART|SA_SIGINFO
    SIGILL: crash_handler in libjvm.so, mask=11100100010111111101111111111110, flags=SA_RESTART|SA_SIGINFO
   SIGUSR2: SR_handler in libjvm.so, mask=00000000000000000000000000000000, flags=SA_RESTART|SA_SIGINFO
    SIGHUP: UserHandler in libjvm.so, mask=11100100010111111101111111111110, flags=SA_RESTART|SA_SIGINFO
    SIGINT: UserHandler in libjvm.so, mask=11100100010111111101111111111110, flags=SA_RESTART|SA_SIGINFO
   SIGTERM: UserHandler in libjvm.so, mask=11100100010111111101111111111110, flags=SA_RESTART|SA_SIGINFO
   SIGQUIT: UserHandler in libjvm.so, mask=11100100010111111101111111111110, flags=SA_RESTART|SA_SIGINFO
   SIGTRAP: crash_handler in libjvm.so, mask=11100100010111111101111111111110, flags=SA_RESTART|SA_SIGINFO


---------------  S Y S T E M  ---------------

OS:
DISTRIB_ID=Ubuntu
DISTRIB_RELEASE=22.04
DISTRIB_CODENAME=jammy
DISTRIB_DESCRIPTION="Ubuntu 22.04.2 LTS"
uname: Linux 5.19.0-42-generic #43~22.04.1-Ubuntu SMP PREEMPT_DYNAMIC Fri Apr 21 16:51:08 UTC 2 x86_64
OS uptime: 0 days 2:02 hours
libc: glibc 2.35 NPTL 2.35 
rlimit (soft/hard): STACK 8192k/infinity , CORE 0k/infinity , NPROC 27139/27139 , NOFILE 1048576/1048576 , AS infinity/infinity , CPU infinity/infinity , DATA infinity/infinity , FSIZE infinity/infinity , MEMLOCK 878436k/878436k
load average: 1.59 1.14 1.10

/proc/meminfo:
MemTotal:        7027504 kB
MemFree:          264368 kB
MemAvailable:    1338844 kB
Buffers:          130360 kB
Cached:          1220336 kB
SwapCached:        54472 kB
Active:          1828712 kB
Inactive:        3576920 kB
Active(anon):     898980 kB
Inactive(anon):  3288544 kB
Active(file):     929732 kB
Inactive(file):   288376 kB
Unevictable:          48 kB
Mlocked:              48 kB
SwapTotal:       2097148 kB
SwapFree:         721660 kB
Zswap:                 0 kB
Zswapped:              0 kB
Dirty:              1132 kB
Writeback:             0 kB
AnonPages:       4036848 kB
Mapped:           768056 kB
Shmem:            136260 kB
KReclaimable:     170872 kB
Slab:             418652 kB
SReclaimable:     170872 kB
SUnreclaim:       247780 kB
KernelStack:       27904 kB
PageTables:        75768 kB
NFS_Unstable:          0 kB
Bounce:                0 kB
WritebackTmp:          0 kB
CommitLimit:     5610900 kB
Committed_AS:   20445384 kB
VmallocTotal:   34359738367 kB
VmallocUsed:      121896 kB
VmallocChunk:          0 kB
Percpu:            20544 kB
HardwareCorrupted:     0 kB
AnonHugePages:         0 kB
ShmemHugePages:        0 kB
ShmemPmdMapped:        0 kB
FileHugePages:         0 kB
FilePmdMapped:         0 kB
HugePages_Total:       0
HugePages_Free:        0
HugePages_Rsvd:        0
HugePages_Surp:        0
Hugepagesize:       2048 kB
Hugetlb:               0 kB
DirectMap4k:     1459176 kB
DirectMap2M:     5804032 kB
DirectMap1G:           0 kB

/sys/kernel/mm/transparent_hugepage/enabled: always [madvise] never
/sys/kernel/mm/transparent_hugepage/defrag (defrag/compaction efforts parameter): always defer defer+madvise [madvise] never

Process Memory:
Virtual Size: 5582788K (peak: 5704644K)
Resident Set Size: 695920K (peak: 755796K) (anon: 611504K, file: 84416K, shmem: 0K)
Swapped out: 0K
C-Heap outstanding allocations: 91527K, retained: 154188K

/proc/sys/kernel/threads-max (system-wide limit on the number of threads): 54279
/proc/sys/vm/max_map_count (maximum number of memory map areas a process may have): 65530
/proc/sys/kernel/pid_max (system-wide limit on number of process identifiers): 4194304

container (cgroup) information:
container_type: cgroupv2
cpu_cpuset_cpus: not supported
cpu_memory_nodes: not supported
active_processor_count: 8
cpu_quota: not supported
cpu_period: not supported
cpu_shares: not supported
memory_limit_in_bytes: unlimited
memory_and_swap_limit_in_bytes: unlimited
memory_soft_limit_in_bytes: unlimited
memory_usage_in_bytes: 2125836 k
memory_max_usage_in_bytes: not supported
memory_swap_current_in_bytes: 452264 k
memory_swap_max_limit_in_bytes: unlimited
maximum number of tasks: 8141
current number of tasks: 356

Steal ticks since vm start: 0
Steal ticks percentage since vm start:  0.000

CPU: total 8 (initial active 8) (8 cores per cpu, 2 threads per core) family 23 model 17 stepping 0 microcode 0x810100b, cx8, cmov, fxsr, ht, mmx, 3dnowpref, sse, sse2, sse3, ssse3, sse4a, sse4.1, sse4.2, popcnt, lzcnt, tsc, tscinvbit, avx, avx2, aes, clmul, bmi1, bmi2, adx, sha, fma, vzeroupper, clflush, clflushopt
CPU Model and flags from /proc/cpuinfo:
model name	: AMD Ryzen 5 2400G with Radeon Vega Graphics
flags		: fpu vme de pse tsc msr pae mce cx8 apic sep mtrr pge mca cmov pat pse36 clflush mmx fxsr sse sse2 ht syscall nx mmxext fxsr_opt pdpe1gb rdtscp lm constant_tsc rep_good nopl nonstop_tsc cpuid extd_apicid aperfmperf rapl pni pclmulqdq monitor ssse3 fma cx16 sse4_1 sse4_2 movbe popcnt aes xsave avx f16c rdrand lahf_lm cmp_legacy svm extapic cr8_legacy abm sse4a misalignsse 3dnowprefetch osvw skinit wdt tce topoext perfctr_core perfctr_nb bpext perfctr_llc mwaitx cpb hw_pstate ssbd ibpb vmmcall fsgsbase bmi1 avx2 smep bmi2 rdseed adx smap clflushopt sha_ni xsaveopt xsavec xgetbv1 xsaves clzero irperf xsaveerptr arat npt lbrv svm_lock nrip_save tsc_scale vmcb_clean flushbyasid decodeassists pausefilter pfthreshold avic v_vmsave_vmload vgif overflow_recov succor smca sev sev_es

Online cpus: 0-7
Offline cpus: 8-15
BIOS frequency limitation: 3600000
Frequency switch latency (ns): 0
Available cpu frequencies: 3600000 2300000 1600000 
Current governor: schedutil
Core performance/turbo boost: 1

Memory: 4k page, physical 7027504k(264368k free), swap 2097148k(721660k free)
Page Sizes: 4k

vm_info: Java HotSpot(TM) 64-Bit Server VM (17.0.7+8-LTS-224) for linux-amd64 JRE (17.0.7+8-LTS-224), built on Feb 28 2023 22:56:25 by "mach5one" with gcc 10.3.0

END.
