#
# A fatal error has been detected by the Java Runtime Environment:
#
#  SIGSEGV (0xb) at pc=0x00007f703f3ea69f, pid=222847, tid=222856
#
# JRE version: Java(TM) SE Runtime Environment (17.0.7+8) (build 17.0.7+8-LTS-224)
# Java VM: Java HotSpot(TM) 64-Bit Server VM (17.0.7+8-LTS-224, mixed mode, sharing, tiered, compressed oops, compressed class ptrs, parallel gc, linux-amd64)
# Problematic frame:
# V  [libjvm.so+0xbea69f]  Opaque4Node::Value(PhaseGVN*) const+0xf
#
# Core dump will be written. Default location: Core dumps may be processed with "/usr/share/apport/apport -p%p -s%s -c%c -d%d -P%P -u%u -g%g -- %E" (or dumping to /home/ricebucket/code/java-hw/core.222847)
#
# If you would like to submit a bug report, please visit:
#   https://bugreport.java.com/bugreport/crash.jsp
#

---------------  S U M M A R Y ------------

Command Line: --add-modules=ALL-SYSTEM --add-opens=java.base/java.util=ALL-UNNAMED --add-opens=java.base/java.lang=ALL-UNNAMED --add-opens=java.base/sun.nio.fs=ALL-UNNAMED -Declipse.application=org.eclipse.jdt.ls.core.id1 -Dosgi.bundles.defaultStartLevel=4 -Declipse.product=org.eclipse.jdt.ls.core.product -Djava.import.generatesMetadataFilesAtProjectRoot=false -Dfile.encoding=utf8 -XX:+UseParallelGC -XX:GCTimeRatio=4 -XX:AdaptiveSizePolicyWeight=90 -Dsun.zip.disableMemoryMapping=true -Xmx1G -Xms100m -Xlog:disable -javaagent:/home/ricebucket/.vscode/extensions/redhat.java-1.16.0/lombok/lombok-1.18.24.jar -XX:+HeapDumpOnOutOfMemoryError -XX:HeapDumpPath=/home/ricebucket/.config/Code/User/workspaceStorage/638bf6c381946d43ad00d72bf457aa54/redhat.java /home/ricebucket/.vscode/extensions/redhat.java-1.16.0/server/plugins/org.eclipse.equinox.launcher_1.6.400.v20210924-0641.jar -configuration /home/ricebucket/.config/Code/User/globalStorage/redhat.java/1.16.0/config_linux -data /home/ricebucket/.config/Code/User/workspaceStorage/638bf6c381946d43ad00d72bf457aa54/redhat.java/jdt_ws

Host: AMD Ryzen 5 2400G with Radeon Vega Graphics, 8 cores, 6G, Ubuntu 22.04.2 LTS
Time: Wed May 31 11:19:57 2023 CST elapsed time: 617.585746 seconds (0d 0h 10m 17s)

---------------  T H R E A D  ---------------

Current thread (0x00007f703819b050):  JavaThread "C2 CompilerThread0" daemon [_thread_in_native, id=222856, stack(0x00007f7019a00000,0x00007f7019b00000)]


Current CompileTask:
C2: 617585 9681   !   4       org.eclipse.jdt.internal.core.NameLookup::findType (612 bytes)

Stack: [0x00007f7019a00000,0x00007f7019b00000],  sp=0x00007f7019afba88,  free space=1006k
Native frames: (J=compiled Java code, j=interpreted, Vv=VM code, C=native code)
V  [libjvm.so+0xbea69f]  Opaque4Node::Value(PhaseGVN*) const+0xf
V  [libjvm.so+0x5a9da3]  Compile::Optimize()+0x913
V  [libjvm.so+0x5abc35]  Compile::Compile(ciEnv*, ciMethod*, int, bool, bool, bool, bool, bool, DirectiveSet*)+0xe65
V  [libjvm.so+0x4ed869]  C2Compiler::compile_method(ciEnv*, ciMethod*, int, bool, DirectiveSet*)+0xe9
V  [libjvm.so+0x5b4a62]  CompileBroker::invoke_compiler_on_method(CompileTask*)+0xd52
V  [libjvm.so+0x5b5678]  CompileBroker::compiler_thread_loop()+0x508
V  [libjvm.so+0xda3080]  JavaThread::thread_main_inner()+0xd0
V  [libjvm.so+0xda673e]  Thread::call_run()+0xde
V  [libjvm.so+0xbf7651]  thread_native_entry(Thread*)+0xe1


siginfo: si_signo: 11 (SIGSEGV), si_code: 2 (SEGV_ACCERR), si_addr: 0x00007f70106b71f8

Register to memory mapping:

RAX=0x00007f70006a0c10 points into unknown readable memory: 0x00007f7000021f10 | 10 1f 02 00 70 7f 00 00
RBX=0x0000000000002350 is an unknown value
RCX=0x0000000000002cbe is an unknown value
RDX=0x0000000002002cbd is an unknown value
RSP=0x00007f7019afba88 is pointing into the stack for thread: 0x00007f703819b050
RBP=0x00007f7019afbb80 is pointing into the stack for thread: 0x00007f703819b050
RSI=0x00007f7019afc780 is pointing into the stack for thread: 0x00007f703819b050
RDI=0x00007f70024acc80 points into unknown readable memory: 0x00007f703f9db168 | 68 b1 9d 3f 70 7f 00 00
R8 =0x00007f7019afc780 is pointing into the stack for thread: 0x00007f703819b050
R9 =0x0 is NULL
R10=0x00007f70007f1330 points into unknown readable memory: 0x00007f70004b5318 | 18 53 4b 00 70 7f 00 00
R11=0x00007f7000000090 points into unknown readable memory: 0x00007f7003262910 | 10 29 26 03 70 7f 00 00
R12=0x00007f7000444340 points into unknown readable memory: 0x00007f703f9d0958 | 58 09 9d 3f 70 7f 00 00
R13=0x00007f7019afc780 is pointing into the stack for thread: 0x00007f703819b050
R14=0x00007f70024acc80 points into unknown readable memory: 0x00007f703f9db168 | 68 b1 9d 3f 70 7f 00 00
R15=0x00007f703803cf80 points into unknown readable memory: 0x00007f703f9ce6b0 | b0 e6 9c 3f 70 7f 00 00


Registers:
RAX=0x00007f70006a0c10, RBX=0x0000000000002350, RCX=0x0000000000002cbe, RDX=0x0000000002002cbd
RSP=0x00007f7019afba88, RBP=0x00007f7019afbb80, RSI=0x00007f7019afc780, RDI=0x00007f70024acc80
R8 =0x00007f7019afc780, R9 =0x0000000000000000, R10=0x00007f70007f1330, R11=0x00007f7000000090
R12=0x00007f7000444340, R13=0x00007f7019afc780, R14=0x00007f70024acc80, R15=0x00007f703803cf80
RIP=0x00007f703f3ea69f, EFLAGS=0x0000000000010293, CSGSFS=0x002b000000000033, ERR=0x0000000000000004
  TRAPNO=0x000000000000000e

Top of Stack: (sp=0x00007f7019afba88)
0x00007f7019afba88:   00007f703f440d9a 00007ffcf5dd884a
0x00007f7019afba98:   00007f7019afded0 00007f703fa40320
0x00007f7019afbaa8:   00007f7019afbd60 00007f7019afc780
0x00007f7019afbab8:   00007f7019afbc30 00007f7019afbaf0 

Instructions: (pc=0x00007f703f3ea69f)
0x00007f703f3ea59f:   90 66 66 66 66 66 66 2e 0f 1f 84 00 00 00 00 00
0x00007f703f3ea5af:   66 66 66 66 66 66 2e 0f 1f 84 00 00 00 00 00 00
0x00007f703f3ea5bf:   00 31 c0 c3 90 66 66 2e 0f 1f 84 00 00 00 00 00
0x00007f703f3ea5cf:   90 48 39 fe 0f 94 c0 c3 90 0f 1f 84 00 00 00 00
0x00007f703f3ea5df:   00 48 39 fe 0f 94 c0 c3 90 0f 1f 84 00 00 00 00
0x00007f703f3ea5ef:   00 48 39 fe 0f 94 c0 c3 90 0f 1f 84 00 00 00 00
0x00007f703f3ea5ff:   00 31 c0 84 d2 74 12 80 7f 3d 00 74 0c c6 47 3d
0x00007f703f3ea60f:   00 48 89 f8 c3 0f 1f 40 00 c3 90 66 0f 1f 44 00
0x00007f703f3ea61f:   00 80 7f 3d 00 75 0a 48 8b 47 08 48 8b 40 08 c3
0x00007f703f3ea62f:   90 48 89 f8 c3 66 66 2e 0f 1f 84 00 00 00 00 00
0x00007f703f3ea63f:   90 55 48 89 e5 41 54 49 89 fc 48 83 ec 08 48 8b
0x00007f703f3ea64f:   7e 10 80 7f 70 00 74 19 49 8b 44 24 08 4c 8b 60
0x00007f703f3ea65f:   08 4c 89 e0 4c 8b 65 f8 c9 c3 0f 1f 80 00 00 00
0x00007f703f3ea66f:   00 4c 89 e6 e8 e8 c9 9b ff 4c 89 e0 4c 8b 65 f8
0x00007f703f3ea67f:   c9 c3 90 66 66 2e 0f 1f 84 00 00 00 00 00 0f 1f
0x00007f703f3ea68f:   00 48 8b 47 08 48 8b 40 08 8b 50 28 48 8b 46 50
0x00007f703f3ea69f:   48 8b 04 d0 c3 66 66 66 2e 0f 1f 84 00 00 00 00
0x00007f703f3ea6af:   00 48 8d 05 61 b8 68 00 48 8b 00 c3 0f 1f 44 00
0x00007f703f3ea6bf:   00 66 66 66 66 66 66 2e 0f 1f 84 00 00 00 00 00
0x00007f703f3ea6cf:   66 66 66 66 66 66 2e 0f 1f 84 00 00 00 00 00 00
0x00007f703f3ea6df:   00 48 8d 05 41 08 67 00 48 8b 00 48 85 c0 74 09
0x00007f703f3ea6ef:   ff e0 0f 1f 80 00 00 00 00 c3 0f 1f 80 00 00 00
0x00007f703f3ea6ff:   00 66 66 66 66 66 66 2e 0f 1f 84 00 00 00 00 00
0x00007f703f3ea70f:   00 55 48 89 e5 41 57 41 56 41 55 41 54 53 48 89
0x00007f703f3ea71f:   f3 48 81 ec 08 02 00 00 64 48 8b 04 25 28 00 00
0x00007f703f3ea72f:   00 48 89 45 c8 48 8d 05 45 0d 62 00 8b 70 24 e8
0x00007f703f3ea73f:   0d b5 00 00 48 8d 95 c8 fe ff ff 48 8d 85 09 ff
0x00007f703f3ea74f:   ff ff 66 48 0f 6e c2 66 48 0f 6e d0 66 0f 6c c2
0x00007f703f3ea75f:   0f 29 85 d0 fd ff ff 66 2e 0f 1f 84 00 00 00 00
0x00007f703f3ea76f:   00 e8 2b f2 0d 00 41 89 c4 e8 f3 f9 0d 00 44 39
0x00007f703f3ea77f:   e0 0f 84 e2 02 00 00 41 83 fc 03 0f 85 80 01 00
0x00007f703f3ea78f:   00 48 8d 05 5a 21 65 00 80 38 00 75 32 4c 8d 25 


Stack slot to memory mapping:
stack at sp + 0 slots: 0x00007f703f440d9a: <offset 0x0000000000c40d9a> in /opt/jdk/lib/server/libjvm.so at 0x00007f703e800000
stack at sp + 1 slots: 0x00007ffcf5dd884a: <offset 0x000000000000084a> in linux-vdso.so.1 at 0x00007ffcf5dd8000
stack at sp + 2 slots: 0x00007f7019afded0 is pointing into the stack for thread: 0x00007f703819b050
stack at sp + 3 slots: 0x00007f703fa40320: <offset 0x0000000001240320> in /opt/jdk/lib/server/libjvm.so at 0x00007f703e800000
stack at sp + 4 slots: 0x00007f7019afbd60 is pointing into the stack for thread: 0x00007f703819b050
stack at sp + 5 slots: 0x00007f7019afc780 is pointing into the stack for thread: 0x00007f703819b050
stack at sp + 6 slots: 0x00007f7019afbc30 is pointing into the stack for thread: 0x00007f703819b050
stack at sp + 7 slots: 0x00007f7019afbaf0 is pointing into the stack for thread: 0x00007f703819b050


---------------  P R O C E S S  ---------------

Threads class SMR info:
_java_thread_list=0x00007f6fa80650e0, length=29, elements={
0x00007f70380257e0, 0x00007f703818af70, 0x00007f703818c380, 0x00007f7038196f70,
0x00007f70381982f0, 0x00007f70381996d0, 0x00007f703819b050, 0x00007f703819c550,
0x00007f70381a5980, 0x00007f70381c17a0, 0x00007f7038272910, 0x00007f7038483f40,
0x00007f70384d80b0, 0x00007f70384daf00, 0x00007f6fc00314d0, 0x00007f6fc0231970,
0x00007f6fc02e8110, 0x00007f6f9c000ff0, 0x00007f6fc0835f80, 0x00007f70384f15d0,
0x00007f703865fca0, 0x00007f6f9000c4a0, 0x00007f6f9000d620, 0x00007f6f9000a880,
0x00007f6f78001f10, 0x00007f6f78003a70, 0x00007f6f785022f0, 0x00007f6f60005b00,
0x00007f6fa80122b0
}

Java Threads: ( => current thread )
  0x00007f70380257e0 JavaThread "main" [_thread_blocked, id=222848, stack(0x00007f703e700000,0x00007f703e800000)]
  0x00007f703818af70 JavaThread "Reference Handler" daemon [_thread_blocked, id=222851, stack(0x00007f701b5f6000,0x00007f701b6f6000)]
  0x00007f703818c380 JavaThread "Finalizer" daemon [_thread_blocked, id=222852, stack(0x00007f701b4f6000,0x00007f701b5f6000)]
  0x00007f7038196f70 JavaThread "Signal Dispatcher" daemon [_thread_blocked, id=222853, stack(0x00007f7019d00000,0x00007f7019e00000)]
  0x00007f70381982f0 JavaThread "Service Thread" daemon [_thread_blocked, id=222854, stack(0x00007f7019c00000,0x00007f7019d00000)]
  0x00007f70381996d0 JavaThread "Monitor Deflation Thread" daemon [_thread_blocked, id=222855, stack(0x00007f7019b00000,0x00007f7019c00000)]
=>0x00007f703819b050 JavaThread "C2 CompilerThread0" daemon [_thread_in_native, id=222856, stack(0x00007f7019a00000,0x00007f7019b00000)]
  0x00007f703819c550 JavaThread "C1 CompilerThread0" daemon [_thread_blocked, id=222857, stack(0x00007f7019900000,0x00007f7019a00000)]
  0x00007f70381a5980 JavaThread "Sweeper thread" daemon [_thread_blocked, id=222858, stack(0x00007f7019800000,0x00007f7019900000)]
  0x00007f70381c17a0 JavaThread "Common-Cleaner" daemon [_thread_blocked, id=222859, stack(0x00007f7019700000,0x00007f7019800000)]
  0x00007f7038272910 JavaThread "Notification Thread" daemon [_thread_blocked, id=222861, stack(0x00007f7019500000,0x00007f7019600000)]
  0x00007f7038483f40 JavaThread "Active Thread: Equinox Container: 0c160135-69a3-46c9-9bd0-c06a7ada6163" [_thread_blocked, id=222872, stack(0x00007f7018cf4000,0x00007f7018df4000)]
  0x00007f70384d80b0 JavaThread "Framework Event Dispatcher: Equinox Container: 0c160135-69a3-46c9-9bd0-c06a7ada6163" daemon [_thread_blocked, id=222873, stack(0x00007f7018bf4000,0x00007f7018cf4000)]
  0x00007f70384daf00 JavaThread "Start Level: Equinox Container: 0c160135-69a3-46c9-9bd0-c06a7ada6163" daemon [_thread_blocked, id=222874, stack(0x00007f7018af4000,0x00007f7018bf4000)]
  0x00007f6fc00314d0 JavaThread "SCR Component Actor" daemon [_thread_blocked, id=222875, stack(0x00007f6fbbf00000,0x00007f6fbc000000)]
  0x00007f6fc0231970 JavaThread "Worker-JM" [_thread_blocked, id=222879, stack(0x00007f70192fe000,0x00007f70193fe000)]
  0x00007f6fc02e8110 JavaThread "Worker-0" [_thread_blocked, id=222880, stack(0x00007f6fbbafc000,0x00007f6fbbbfc000)]
  0x00007f6f9c000ff0 JavaThread "Worker-2" [_thread_blocked, id=222883, stack(0x00007f6fbb7fc000,0x00007f6fbb8fc000)]
  0x00007f6fc0835f80 JavaThread "Java indexing" daemon [_thread_blocked, id=222886, stack(0x00007f6fbb6fc000,0x00007f6fbb7fc000)]
  0x00007f70384f15d0 JavaThread "pool-2-thread-1" [_thread_blocked, id=222887, stack(0x00007f6fbb429000,0x00007f6fbb529000)]
  0x00007f703865fca0 JavaThread "pool-1-thread-1" [_thread_in_native, id=222888, stack(0x00007f6fbb5fc000,0x00007f6fbb6fc000)]
  0x00007f6f9000c4a0 JavaThread "ForkJoinPool.commonPool-worker-6" daemon [_thread_blocked, id=222969, stack(0x00007f6fb8d00000,0x00007f6fb8e00000)]
  0x00007f6f9000d620 JavaThread "ForkJoinPool.commonPool-worker-7" daemon [_thread_blocked, id=222970, stack(0x00007f6fb8c00000,0x00007f6fb8d00000)]
  0x00007f6f9000a880 JavaThread "ForkJoinPool.commonPool-worker-9" daemon [_thread_blocked, id=236367, stack(0x00007f6fb8f00000,0x00007f6fb9000000)]
  0x00007f6f78001f10 JavaThread "ForkJoinPool.commonPool-worker-10" daemon [_thread_blocked, id=236368, stack(0x00007f6fba000000,0x00007f6fba100000)]
  0x00007f6f78003a70 JavaThread "ForkJoinPool.commonPool-worker-11" daemon [_thread_blocked, id=236393, stack(0x00007f6fb8e00000,0x00007f6fb8f00000)]
  0x00007f6f785022f0 JavaThread "ForkJoinPool.commonPool-worker-12" daemon [_thread_blocked, id=236401, stack(0x00007f6fba200000,0x00007f6fba300000)]
  0x00007f6f60005b00 JavaThread "ForkJoinPool.commonPool-worker-13" daemon [_thread_blocked, id=240004, stack(0x00007f6fba100000,0x00007f6fba200000)]
  0x00007f6fa80122b0 JavaThread "Worker-5" [_thread_blocked, id=240617, stack(0x00007f6fb8b00000,0x00007f6fb8c00000)]

Other Threads:
  0x00007f7038186780 VMThread "VM Thread" [stack: 0x00007f701b6f8000,0x00007f701b7f8000] [id=222850]
  0x00007f703827c120 WatcherThread [stack: 0x00007f7019400000,0x00007f7019500000] [id=222862]
  0x00007f703803d030 GCTaskThread "GC Thread#0" [stack: 0x00007f703e229000,0x00007f703e329000] [id=222849]
  0x00007f7014001250 GCTaskThread "GC Thread#1" [stack: 0x00007f70191fe000,0x00007f70192fe000] [id=222866]
  0x00007f7014003140 GCTaskThread "GC Thread#2" [stack: 0x00007f70190fc000,0x00007f70191fc000] [id=222867]
  0x00007f7014003af0 GCTaskThread "GC Thread#3" [stack: 0x00007f7018ffa000,0x00007f70190fa000] [id=222868]
  0x00007f70140044a0 GCTaskThread "GC Thread#4" [stack: 0x00007f7018ef8000,0x00007f7018ff8000] [id=222869]
  0x00007f7014004e50 GCTaskThread "GC Thread#5" [stack: 0x00007f7018df6000,0x00007f7018ef6000] [id=222870]
  0x00007f7014006270 GCTaskThread "GC Thread#6" [stack: 0x00007f6fbbe00000,0x00007f6fbbf00000] [id=222876]
  0x00007f7014006bb0 GCTaskThread "GC Thread#7" [stack: 0x00007f6fbbcfe000,0x00007f6fbbdfe000] [id=222877]

Threads with active compile tasks:
C2 CompilerThread0   617590 9681   !   4       org.eclipse.jdt.internal.core.NameLookup::findType (612 bytes)

VM state: not at safepoint (normal execution)

VM Mutex/Monitor currently owned by a thread: None

Heap address: 0x00000000c0000000, size: 1024 MB, Compressed Oops mode: 32-bit

CDS archive(s) mapped at: [0x0000000800000000-0x0000000800be3000-0x0000000800be3000), size 12464128, SharedBaseAddress: 0x0000000800000000, ArchiveRelocationMode: 0.
Compressed class space mapped at: 0x0000000800c00000-0x0000000840c00000, reserved size: 1073741824
Narrow klass base: 0x0000000800000000, Narrow klass shift: 0, Narrow klass range: 0x100000000

GC Precious Log:
 CPUs: 8 total, 8 available
 Memory: 6862M
 Large Page Support: Disabled
 NUMA Support: Disabled
 Compressed Oops: Enabled (32-bit)
 Alignments: Space 512K, Generation 512K, Heap 2M
 Heap Min Capacity: 100M
 Heap Initial Capacity: 100M
 Heap Max Capacity: 1G
 Pre-touch: Disabled
 Parallel Workers: 8

Heap:
 PSYoungGen      total 13312K, used 8627K [0x00000000eab00000, 0x00000000ec400000, 0x0000000100000000)
  eden space 11264K, 58% used [0x00000000eab00000,0x00000000eb172be8,0x00000000eb600000)
  from space 2048K, 98% used [0x00000000eb680000,0x00000000eb87a0c0,0x00000000eb880000)
  to   space 7168K, 0% used [0x00000000ebd00000,0x00000000ebd00000,0x00000000ec400000)
 ParOldGen       total 75776K, used 64925K [0x00000000c0000000, 0x00000000c4a00000, 0x00000000eab00000)
  object space 75776K, 85% used [0x00000000c0000000,0x00000000c3f676e8,0x00000000c4a00000)
 Metaspace       used 66689K, committed 67648K, reserved 1114112K
  class space    used 6998K, committed 7424K, reserved 1048576K

Card table byte_map: [0x00007f703e329000,0x00007f703e52a000] _byte_map_base: 0x00007f703dd29000

Marking Bits: (ParMarkBitMap*) 0x00007f703fa583e0
 Begin Bits: [0x00007f703c0d1000, 0x00007f703d0d1000)
 End Bits:   [0x00007f703d0d1000, 0x00007f703e0d1000)

Polling page: 0x00007f703fe96000

Metaspace:

Usage:
  Non-class:     58.29 MB used.
      Class:      6.83 MB used.
       Both:     65.13 MB used.

Virtual space:
  Non-class space:       64.00 MB reserved,      58.81 MB ( 92%) committed,  8 nodes.
      Class space:        1.00 GB reserved,       7.25 MB ( <1%) committed,  1 nodes.
             Both:        1.06 GB reserved,      66.06 MB (  6%) committed. 

Chunk freelists:
   Non-Class:  528.00 KB
       Class:  732.00 KB
        Both:  1.23 MB

MaxMetaspaceSize: unlimited
CompressedClassSpaceSize: 1.00 GB
Initial GC threshold: 21.00 MB
Current GC threshold: 108.12 MB
CDS: on
MetaspaceReclaimPolicy: balanced
 - commit_granule_bytes: 65536.
 - commit_granule_words: 8192.
 - virtual_space_node_default_size: 1048576.
 - enlarge_chunks_in_place: 1.
 - new_chunks_are_fully_committed: 0.
 - uncommit_free_chunks: 1.
 - use_allocation_guard: 0.
 - handle_deallocations: 1.


Internal statistics:

num_allocs_failed_limit: 9.
num_arena_births: 498.
num_arena_deaths: 16.
num_vsnodes_births: 9.
num_vsnodes_deaths: 0.
num_space_committed: 1057.
num_space_uncommitted: 0.
num_chunks_returned_to_freelist: 25.
num_chunks_taken_from_freelist: 3216.
num_chunk_merges: 13.
num_chunk_splits: 2101.
num_chunks_enlarged: 1322.
num_purges: 4.
num_inconsistent_stats: 0.

CodeHeap 'non-profiled nmethods': size=120028Kb used=5781Kb max_used=5781Kb free=114246Kb
 bounds [0x00007f70290c9000, 0x00007f7029679000, 0x00007f7030600000]
CodeHeap 'profiled nmethods': size=120028Kb used=18199Kb max_used=18199Kb free=101828Kb
 bounds [0x00007f7021600000, 0x00007f70227d0000, 0x00007f7028b37000]
CodeHeap 'non-nmethods': size=5704Kb used=1388Kb max_used=1469Kb free=4315Kb
 bounds [0x00007f7028b37000, 0x00007f7028da7000, 0x00007f70290c9000]
 total_blobs=9035 nmethods=8303 adapters=646
 compilation: enabled
              stopped_count=0, restarted_count=0
 full_count=0

Compilation events (20 events):
Event: 617.478 Thread 0x00007f703819c550 9726       3       org.eclipse.jdt.internal.core.util.Util::quickSort (101 bytes)
Event: 617.478 Thread 0x00007f703819c550 nmethod 9726 0x00007f70227c2510 code [0x00007f70227c2700, 0x00007f70227c2c50]
Event: 617.478 Thread 0x00007f703819c550 9725       3       org.eclipse.jdt.internal.core.index.DiskIndex$IntList::add (67 bytes)
Event: 617.479 Thread 0x00007f703819c550 nmethod 9725 0x00007f70227c2e90 code [0x00007f70227c3040, 0x00007f70227c3380]
Event: 617.479 Thread 0x00007f703819c550 9727       1       org.eclipse.jdt.internal.core.JavaElementDelta::getAffectedChildren (5 bytes)
Event: 617.479 Thread 0x00007f703819c550 nmethod 9727 0x00007f702966de90 code [0x00007f702966e020, 0x00007f702966e0f0]
Event: 617.479 Thread 0x00007f703819c550 9728       3       org.eclipse.core.runtime.SubMonitor$RootInfo::worked (11 bytes)
Event: 617.479 Thread 0x00007f703819c550 nmethod 9728 0x00007f70227c3510 code [0x00007f70227c36c0, 0x00007f70227c3880]
Event: 617.479 Thread 0x00007f703819c550 9729       3       org.eclipse.core.internal.jobs.InternalJob::remove (48 bytes)
Event: 617.479 Thread 0x00007f703819c550 nmethod 9729 0x00007f70227c3990 code [0x00007f70227c3b40, 0x00007f70227c3d70]
Event: 617.479 Thread 0x00007f703819c550 9730       3       java.io.FileInputStream::<init> (107 bytes)
Event: 617.480 Thread 0x00007f703819c550 nmethod 9730 0x00007f70227c3e90 code [0x00007f70227c4100, 0x00007f70227c4ae0]
Event: 617.480 Thread 0x00007f703819c550 9731       3       java.io.FileInputStream::open (6 bytes)
Event: 617.480 Thread 0x00007f703819c550 nmethod 9731 0x00007f70227c4f10 code [0x00007f70227c50c0, 0x00007f70227c5200]
Event: 617.480 Thread 0x00007f703819c550 9732       3       sun.nio.cs.StreamDecoder::<init> (23 bytes)
Event: 617.481 Thread 0x00007f703819c550 nmethod 9732 0x00007f70227c5290 code [0x00007f70227c5480, 0x00007f70227c59b0]
Event: 617.482 Thread 0x00007f703819c550 9733  s    3       java.util.Vector::removeElementAt (115 bytes)
Event: 617.483 Thread 0x00007f703819c550 nmethod 9733 0x00007f70227c5b90 code [0x00007f70227c5e20, 0x00007f70227c6960]
Event: 617.484 Thread 0x00007f703819c550 9734       3       org.eclipse.jface.text.CopyOnWriteTextStore$StringTextStore::<init> (48 bytes)
Event: 617.484 Thread 0x00007f703819c550 nmethod 9734 0x00007f70227c6d10 code [0x00007f70227c6ee0, 0x00007f70227c7330]

GC Heap History (20 events):
Event: 449.675 GC heap before
{Heap before GC invocations=61 (full 4):
 PSYoungGen      total 15872K, used 15008K [0x00000000eab00000, 0x00000000ebc00000, 0x0000000100000000)
  eden space 14848K, 100% used [0x00000000eab00000,0x00000000eb980000,0x00000000eb980000)
  from space 1024K, 15% used [0x00000000eba00000,0x00000000eba28000,0x00000000ebb00000)
  to   space 512K, 0% used [0x00000000ebb80000,0x00000000ebb80000,0x00000000ebc00000)
 ParOldGen       total 75776K, used 51609K [0x00000000c0000000, 0x00000000c4a00000, 0x00000000eab00000)
  object space 75776K, 68% used [0x00000000c0000000,0x00000000c32666b8,0x00000000c4a00000)
 Metaspace       used 65560K, committed 66496K, reserved 1114112K
  class space    used 6971K, committed 7360K, reserved 1048576K
}
Event: 449.676 GC heap after
{Heap after GC invocations=61 (full 4):
 PSYoungGen      total 14336K, used 484K [0x00000000eab00000, 0x00000000ebf80000, 0x0000000100000000)
  eden space 13824K, 0% used [0x00000000eab00000,0x00000000eab00000,0x00000000eb880000)
  from space 512K, 94% used [0x00000000ebb80000,0x00000000ebbf9348,0x00000000ebc00000)
  to   space 3072K, 0% used [0x00000000eb880000,0x00000000eb880000,0x00000000ebb80000)
 ParOldGen       total 75776K, used 53480K [0x00000000c0000000, 0x00000000c4a00000, 0x00000000eab00000)
  object space 75776K, 70% used [0x00000000c0000000,0x00000000c343a3f8,0x00000000c4a00000)
 Metaspace       used 65560K, committed 66496K, reserved 1114112K
  class space    used 6971K, committed 7360K, reserved 1048576K
}
Event: 449.696 GC heap before
{Heap before GC invocations=62 (full 4):
 PSYoungGen      total 14336K, used 12846K [0x00000000eab00000, 0x00000000ebf80000, 0x0000000100000000)
  eden space 13824K, 89% used [0x00000000eab00000,0x00000000eb712648,0x00000000eb880000)
  from space 512K, 94% used [0x00000000ebb80000,0x00000000ebbf9348,0x00000000ebc00000)
  to   space 3072K, 0% used [0x00000000eb880000,0x00000000eb880000,0x00000000ebb80000)
 ParOldGen       total 75776K, used 53480K [0x00000000c0000000, 0x00000000c4a00000, 0x00000000eab00000)
  object space 75776K, 70% used [0x00000000c0000000,0x00000000c343a3f8,0x00000000c4a00000)
 Metaspace       used 65571K, committed 66496K, reserved 1114112K
  class space    used 6971K, committed 7360K, reserved 1048576K
}
Event: 449.697 GC heap after
{Heap after GC invocations=62 (full 4):
 PSYoungGen      total 14848K, used 608K [0x00000000eab00000, 0x00000000ebc00000, 0x0000000100000000)
  eden space 13824K, 0% used [0x00000000eab00000,0x00000000eab00000,0x00000000eb880000)
  from space 1024K, 59% used [0x00000000eb880000,0x00000000eb918000,0x00000000eb980000)
  to   space 1536K, 0% used [0x00000000eba80000,0x00000000eba80000,0x00000000ebc00000)
 ParOldGen       total 75776K, used 53536K [0x00000000c0000000, 0x00000000c4a00000, 0x00000000eab00000)
  object space 75776K, 70% used [0x00000000c0000000,0x00000000c34483f8,0x00000000c4a00000)
 Metaspace       used 65571K, committed 66496K, reserved 1114112K
  class space    used 6971K, committed 7360K, reserved 1048576K
}
Event: 449.719 GC heap before
{Heap before GC invocations=63 (full 4):
 PSYoungGen      total 14848K, used 13315K [0x00000000eab00000, 0x00000000ebc00000, 0x0000000100000000)
  eden space 13824K, 91% used [0x00000000eab00000,0x00000000eb768c20,0x00000000eb880000)
  from space 1024K, 59% used [0x00000000eb880000,0x00000000eb918000,0x00000000eb980000)
  to   space 1536K, 0% used [0x00000000eba80000,0x00000000eba80000,0x00000000ebc00000)
 ParOldGen       total 75776K, used 53536K [0x00000000c0000000, 0x00000000c4a00000, 0x00000000eab00000)
  object space 75776K, 70% used [0x00000000c0000000,0x00000000c34483f8,0x00000000c4a00000)
 Metaspace       used 65573K, committed 66496K, reserved 1114112K
  class space    used 6971K, committed 7360K, reserved 1048576K
}
Event: 449.720 GC heap after
{Heap after GC invocations=63 (full 4):
 PSYoungGen      total 14336K, used 128K [0x00000000eab00000, 0x00000000ebb00000, 0x0000000100000000)
  eden space 13824K, 0% used [0x00000000eab00000,0x00000000eab00000,0x00000000eb880000)
  from space 512K, 25% used [0x00000000eba80000,0x00000000ebaa0000,0x00000000ebb00000)
  to   space 512K, 0% used [0x00000000eba00000,0x00000000eba00000,0x00000000eba80000)
 ParOldGen       total 75776K, used 54070K [0x00000000c0000000, 0x00000000c4a00000, 0x00000000eab00000)
  object space 75776K, 71% used [0x00000000c0000000,0x00000000c34cd878,0x00000000c4a00000)
 Metaspace       used 65573K, committed 66496K, reserved 1114112K
  class space    used 6971K, committed 7360K, reserved 1048576K
}
Event: 451.504 GC heap before
{Heap before GC invocations=64 (full 4):
 PSYoungGen      total 14336K, used 13952K [0x00000000eab00000, 0x00000000ebb00000, 0x0000000100000000)
  eden space 13824K, 100% used [0x00000000eab00000,0x00000000eb880000,0x00000000eb880000)
  from space 512K, 25% used [0x00000000eba80000,0x00000000ebaa0000,0x00000000ebb00000)
  to   space 512K, 0% used [0x00000000eba00000,0x00000000eba00000,0x00000000eba80000)
 ParOldGen       total 75776K, used 54070K [0x00000000c0000000, 0x00000000c4a00000, 0x00000000eab00000)
  object space 75776K, 71% used [0x00000000c0000000,0x00000000c34cd878,0x00000000c4a00000)
 Metaspace       used 65713K, committed 66688K, reserved 1114112K
  class space    used 6978K, committed 7424K, reserved 1048576K
}
Event: 451.506 GC heap after
{Heap after GC invocations=64 (full 4):
 PSYoungGen      total 14336K, used 512K [0x00000000eab00000, 0x00000000ebb80000, 0x0000000100000000)
  eden space 13824K, 0% used [0x00000000eab00000,0x00000000eab00000,0x00000000eb880000)
  from space 512K, 100% used [0x00000000eba00000,0x00000000eba80000,0x00000000eba80000)
  to   space 1024K, 0% used [0x00000000eba80000,0x00000000eba80000,0x00000000ebb80000)
 ParOldGen       total 75776K, used 54762K [0x00000000c0000000, 0x00000000c4a00000, 0x00000000eab00000)
  object space 75776K, 72% used [0x00000000c0000000,0x00000000c357ab88,0x00000000c4a00000)
 Metaspace       used 65713K, committed 66688K, reserved 1114112K
  class space    used 6978K, committed 7424K, reserved 1048576K
}
Event: 560.263 GC heap before
{Heap before GC invocations=65 (full 4):
 PSYoungGen      total 14336K, used 14336K [0x00000000eab00000, 0x00000000ebb80000, 0x0000000100000000)
  eden space 13824K, 100% used [0x00000000eab00000,0x00000000eb880000,0x00000000eb880000)
  from space 512K, 100% used [0x00000000eba00000,0x00000000eba80000,0x00000000eba80000)
  to   space 1024K, 0% used [0x00000000eba80000,0x00000000eba80000,0x00000000ebb80000)
 ParOldGen       total 75776K, used 54762K [0x00000000c0000000, 0x00000000c4a00000, 0x00000000eab00000)
  object space 75776K, 72% used [0x00000000c0000000,0x00000000c357ab88,0x00000000c4a00000)
 Metaspace       used 65903K, committed 66880K, reserved 1114112K
  class space    used 6989K, committed 7424K, reserved 1048576K
}
Event: 560.268 GC heap after
{Heap after GC invocations=65 (full 4):
 PSYoungGen      total 12288K, used 992K [0x00000000eab00000, 0x00000000ec180000, 0x0000000100000000)
  eden space 11264K, 0% used [0x00000000eab00000,0x00000000eab00000,0x00000000eb600000)
  from space 1024K, 96% used [0x00000000eba80000,0x00000000ebb78020,0x00000000ebb80000)
  to   space 4608K, 0% used [0x00000000eb600000,0x00000000eb600000,0x00000000eba80000)
 ParOldGen       total 75776K, used 57719K [0x00000000c0000000, 0x00000000c4a00000, 0x00000000eab00000)
  object space 75776K, 76% used [0x00000000c0000000,0x00000000c385dd28,0x00000000c4a00000)
 Metaspace       used 65903K, committed 66880K, reserved 1114112K
  class space    used 6989K, committed 7424K, reserved 1048576K
}
Event: 563.670 GC heap before
{Heap before GC invocations=66 (full 4):
 PSYoungGen      total 12288K, used 12256K [0x00000000eab00000, 0x00000000ec180000, 0x0000000100000000)
  eden space 11264K, 100% used [0x00000000eab00000,0x00000000eb600000,0x00000000eb600000)
  from space 1024K, 96% used [0x00000000eba80000,0x00000000ebb78020,0x00000000ebb80000)
  to   space 4608K, 0% used [0x00000000eb600000,0x00000000eb600000,0x00000000eba80000)
 ParOldGen       total 75776K, used 57719K [0x00000000c0000000, 0x00000000c4a00000, 0x00000000eab00000)
  object space 75776K, 76% used [0x00000000c0000000,0x00000000c385dd28,0x00000000c4a00000)
 Metaspace       used 66203K, committed 67200K, reserved 1114112K
  class space    used 6992K, committed 7424K, reserved 1048576K
}
Event: 563.672 GC heap after
{Heap after GC invocations=66 (full 4):
 PSYoungGen      total 12288K, used 704K [0x00000000eab00000, 0x00000000ebb00000, 0x0000000100000000)
  eden space 11264K, 0% used [0x00000000eab00000,0x00000000eab00000,0x00000000eb600000)
  from space 1024K, 68% used [0x00000000eb600000,0x00000000eb6b0020,0x00000000eb700000)
  to   space 2048K, 0% used [0x00000000eb900000,0x00000000eb900000,0x00000000ebb00000)
 ParOldGen       total 75776K, used 58681K [0x00000000c0000000, 0x00000000c4a00000, 0x00000000eab00000)
  object space 75776K, 77% used [0x00000000c0000000,0x00000000c394e668,0x00000000c4a00000)
 Metaspace       used 66203K, committed 67200K, reserved 1114112K
  class space    used 6992K, committed 7424K, reserved 1048576K
}
Event: 593.600 GC heap before
{Heap before GC invocations=67 (full 4):
 PSYoungGen      total 12288K, used 11968K [0x00000000eab00000, 0x00000000ebb00000, 0x0000000100000000)
  eden space 11264K, 100% used [0x00000000eab00000,0x00000000eb600000,0x00000000eb600000)
  from space 1024K, 68% used [0x00000000eb600000,0x00000000eb6b0020,0x00000000eb700000)
  to   space 2048K, 0% used [0x00000000eb900000,0x00000000eb900000,0x00000000ebb00000)
 ParOldGen       total 75776K, used 58681K [0x00000000c0000000, 0x00000000c4a00000, 0x00000000eab00000)
  object space 75776K, 77% used [0x00000000c0000000,0x00000000c394e668,0x00000000c4a00000)
 Metaspace       used 66397K, committed 67328K, reserved 1114112K
  class space    used 6995K, committed 7424K, reserved 1048576K
}
Event: 593.602 GC heap after
{Heap after GC invocations=67 (full 4):
 PSYoungGen      total 12288K, used 944K [0x00000000eab00000, 0x00000000eba00000, 0x0000000100000000)
  eden space 11264K, 0% used [0x00000000eab00000,0x00000000eab00000,0x00000000eb600000)
  from space 1024K, 92% used [0x00000000eb900000,0x00000000eb9ec010,0x00000000eba00000)
  to   space 1536K, 0% used [0x00000000eb700000,0x00000000eb700000,0x00000000eb880000)
 ParOldGen       total 75776K, used 59274K [0x00000000c0000000, 0x00000000c4a00000, 0x00000000eab00000)
  object space 75776K, 78% used [0x00000000c0000000,0x00000000c39e2a08,0x00000000c4a00000)
 Metaspace       used 66397K, committed 67328K, reserved 1114112K
  class space    used 6995K, committed 7424K, reserved 1048576K
}
Event: 595.470 GC heap before
{Heap before GC invocations=68 (full 4):
 PSYoungGen      total 12288K, used 12208K [0x00000000eab00000, 0x00000000eba00000, 0x0000000100000000)
  eden space 11264K, 100% used [0x00000000eab00000,0x00000000eb600000,0x00000000eb600000)
  from space 1024K, 92% used [0x00000000eb900000,0x00000000eb9ec010,0x00000000eba00000)
  to   space 1536K, 0% used [0x00000000eb700000,0x00000000eb700000,0x00000000eb880000)
 ParOldGen       total 75776K, used 59274K [0x00000000c0000000, 0x00000000c4a00000, 0x00000000eab00000)
  object space 75776K, 78% used [0x00000000c0000000,0x00000000c39e2a08,0x00000000c4a00000)
 Metaspace       used 66442K, committed 67392K, reserved 1114112K
  class space    used 6997K, committed 7424K, reserved 1048576K
}
Event: 595.473 GC heap after
{Heap after GC invocations=68 (full 4):
 PSYoungGen      total 12800K, used 1526K [0x00000000eab00000, 0x00000000ebd00000, 0x0000000100000000)
  eden space 11264K, 0% used [0x00000000eab00000,0x00000000eab00000,0x00000000eb600000)
  from space 1536K, 99% used [0x00000000eb700000,0x00000000eb87db70,0x00000000eb880000)
  to   space 3584K, 0% used [0x00000000eb980000,0x00000000eb980000,0x00000000ebd00000)
 ParOldGen       total 75776K, used 60771K [0x00000000c0000000, 0x00000000c4a00000, 0x00000000eab00000)
  object space 75776K, 80% used [0x00000000c0000000,0x00000000c3b58da8,0x00000000c4a00000)
 Metaspace       used 66442K, committed 67392K, reserved 1114112K
  class space    used 6997K, committed 7424K, reserved 1048576K
}
Event: 616.637 GC heap before
{Heap before GC invocations=69 (full 4):
 PSYoungGen      total 12800K, used 12790K [0x00000000eab00000, 0x00000000ebd00000, 0x0000000100000000)
  eden space 11264K, 100% used [0x00000000eab00000,0x00000000eb600000,0x00000000eb600000)
  from space 1536K, 99% used [0x00000000eb700000,0x00000000eb87db70,0x00000000eb880000)
  to   space 3584K, 0% used [0x00000000eb980000,0x00000000eb980000,0x00000000ebd00000)
 ParOldGen       total 75776K, used 60771K [0x00000000c0000000, 0x00000000c4a00000, 0x00000000eab00000)
  object space 75776K, 80% used [0x00000000c0000000,0x00000000c3b58da8,0x00000000c4a00000)
 Metaspace       used 66622K, committed 67584K, reserved 1114112K
  class space    used 6998K, committed 7424K, reserved 1048576K
}
Event: 616.639 GC heap after
{Heap after GC invocations=69 (full 4):
 PSYoungGen      total 12288K, used 704K [0x00000000eab00000, 0x00000000eba80000, 0x0000000100000000)
  eden space 11264K, 0% used [0x00000000eab00000,0x00000000eab00000,0x00000000eb600000)
  from space 1024K, 68% used [0x00000000eb980000,0x00000000eba30000,0x00000000eba80000)
  to   space 2048K, 0% used [0x00000000eb680000,0x00000000eb680000,0x00000000eb880000)
 ParOldGen       total 75776K, used 60923K [0x00000000c0000000, 0x00000000c4a00000, 0x00000000eab00000)
  object space 75776K, 80% used [0x00000000c0000000,0x00000000c3b7eda8,0x00000000c4a00000)
 Metaspace       used 66622K, committed 67584K, reserved 1114112K
  class space    used 6998K, committed 7424K, reserved 1048576K
}
Event: 617.494 GC heap before
{Heap before GC invocations=70 (full 4):
 PSYoungGen      total 12288K, used 11968K [0x00000000eab00000, 0x00000000eba80000, 0x0000000100000000)
  eden space 11264K, 100% used [0x00000000eab00000,0x00000000eb600000,0x00000000eb600000)
  from space 1024K, 68% used [0x00000000eb980000,0x00000000eba30000,0x00000000eba80000)
  to   space 2048K, 0% used [0x00000000eb680000,0x00000000eb680000,0x00000000eb880000)
 ParOldGen       total 75776K, used 60923K [0x00000000c0000000, 0x00000000c4a00000, 0x00000000eab00000)
  object space 75776K, 80% used [0x00000000c0000000,0x00000000c3b7eda8,0x00000000c4a00000)
 Metaspace       used 66689K, committed 67648K, reserved 1114112K
  class space    used 6998K, committed 7424K, reserved 1048576K
}
Event: 617.500 GC heap after
{Heap after GC invocations=70 (full 4):
 PSYoungGen      total 13312K, used 2024K [0x00000000eab00000, 0x00000000ec400000, 0x0000000100000000)
  eden space 11264K, 0% used [0x00000000eab00000,0x00000000eab00000,0x00000000eb600000)
  from space 2048K, 98% used [0x00000000eb680000,0x00000000eb87a0c0,0x00000000eb880000)
  to   space 7168K, 0% used [0x00000000ebd00000,0x00000000ebd00000,0x00000000ec400000)
 ParOldGen       total 75776K, used 64925K [0x00000000c0000000, 0x00000000c4a00000, 0x00000000eab00000)
  object space 75776K, 85% used [0x00000000c0000000,0x00000000c3f676e8,0x00000000c4a00000)
 Metaspace       used 66689K, committed 67648K, reserved 1114112K
  class space    used 6998K, committed 7424K, reserved 1048576K
}

Deoptimization events (20 events):
Event: 592.727 Thread 0x00007f6fc02e8110 DEOPT PACKING pc=0x00007f70295f4e40 sp=0x00007f6fbbbf9ec0
Event: 592.727 Thread 0x00007f6fc02e8110 DEOPT UNPACKING pc=0x00007f7028b88d99 sp=0x00007f6fbbbf9eb0 mode 2
Event: 593.064 Thread 0x00007f6f9000d620 DEOPT PACKING pc=0x00007f7021db2806 sp=0x00007f6fb8cfd780
Event: 593.064 Thread 0x00007f6f9000d620 DEOPT UNPACKING pc=0x00007f7028b8952f sp=0x00007f6fb8cfcc18 mode 0
Event: 595.328 Thread 0x00007f703865fca0 Uncommon trap: trap_request=0xffffffc6 fr.pc=0x00007f70292bdb0c relative=0x000000000000028c
Event: 595.328 Thread 0x00007f703865fca0 Uncommon trap: reason=bimorphic_or_optimized_type_check action=maybe_recompile pc=0x00007f70292bdb0c method=com.google.gson.internal.bind.TypeAdapterRuntimeTypeWrapper.read(Lcom/google/gson/stream/JsonReader;)Ljava/lang/Object; @ 5 c2
Event: 595.328 Thread 0x00007f703865fca0 DEOPT PACKING pc=0x00007f70292bdb0c sp=0x00007f6fbb6f9d30
Event: 595.328 Thread 0x00007f703865fca0 DEOPT UNPACKING pc=0x00007f7028b88d99 sp=0x00007f6fbb6f9cd8 mode 2
Event: 595.328 Thread 0x00007f703865fca0 Uncommon trap: trap_request=0xffffffc6 fr.pc=0x00007f70292bdb0c relative=0x000000000000028c
Event: 595.328 Thread 0x00007f703865fca0 Uncommon trap: reason=bimorphic_or_optimized_type_check action=maybe_recompile pc=0x00007f70292bdb0c method=com.google.gson.internal.bind.TypeAdapterRuntimeTypeWrapper.read(Lcom/google/gson/stream/JsonReader;)Ljava/lang/Object; @ 5 c2
Event: 595.328 Thread 0x00007f703865fca0 DEOPT PACKING pc=0x00007f70292bdb0c sp=0x00007f6fbb6f9d30
Event: 595.328 Thread 0x00007f703865fca0 DEOPT UNPACKING pc=0x00007f7028b88d99 sp=0x00007f6fbb6f9cd8 mode 2
Event: 595.330 Thread 0x00007f6f9000d620 Uncommon trap: trap_request=0xffffffc6 fr.pc=0x00007f702953ed04 relative=0x0000000000000f24
Event: 595.330 Thread 0x00007f6f9000d620 Uncommon trap: reason=bimorphic_or_optimized_type_check action=maybe_recompile pc=0x00007f702953ed04 method=java.util.Hashtable.putAll(Ljava/util/Map;)V @ 22 c2
Event: 595.330 Thread 0x00007f6f9000d620 DEOPT PACKING pc=0x00007f702953ed04 sp=0x00007f6fb8cfdf90
Event: 595.330 Thread 0x00007f6f9000d620 DEOPT UNPACKING pc=0x00007f7028b88d99 sp=0x00007f6fb8cfdf90 mode 2
Event: 617.429 Thread 0x00007f6f9000d620 Uncommon trap: trap_request=0xffffffc6 fr.pc=0x00007f702953ed04 relative=0x0000000000000f24
Event: 617.429 Thread 0x00007f6f9000d620 Uncommon trap: reason=bimorphic_or_optimized_type_check action=maybe_recompile pc=0x00007f702953ed04 method=java.util.Hashtable.putAll(Ljava/util/Map;)V @ 22 c2
Event: 617.429 Thread 0x00007f6f9000d620 DEOPT PACKING pc=0x00007f702953ed04 sp=0x00007f6fb8cfdf90
Event: 617.429 Thread 0x00007f6f9000d620 DEOPT UNPACKING pc=0x00007f7028b88d99 sp=0x00007f6fb8cfdf90 mode 2

Classes unloaded (8 events):
Event: 1.773 Thread 0x00007f7038186780 Unloading class 0x0000000800d6a400 'java/lang/invoke/LambdaForm$MH+0x0000000800d6a400'
Event: 1.773 Thread 0x00007f7038186780 Unloading class 0x0000000800d6a000 'java/lang/invoke/LambdaForm$MH+0x0000000800d6a000'
Event: 1.773 Thread 0x00007f7038186780 Unloading class 0x0000000800d69c00 'java/lang/invoke/LambdaForm$MH+0x0000000800d69c00'
Event: 1.773 Thread 0x00007f7038186780 Unloading class 0x0000000800d69800 'java/lang/invoke/LambdaForm$MH+0x0000000800d69800'
Event: 1.773 Thread 0x00007f7038186780 Unloading class 0x0000000800d69000 'java/lang/invoke/LambdaForm$BMH+0x0000000800d69000'
Event: 1.773 Thread 0x00007f7038186780 Unloading class 0x0000000800d68c00 'java/lang/invoke/LambdaForm$DMH+0x0000000800d68c00'
Event: 1.773 Thread 0x00007f7038186780 Unloading class 0x0000000800d66000 'java/lang/invoke/LambdaForm$DMH+0x0000000800d66000'
Event: 8.983 Thread 0x00007f7038186780 Unloading class 0x0000000801100000 'java/lang/invoke/LambdaForm$DMH+0x0000000801100000'

Classes redefined (0 events):
No events

Internal exceptions (20 events):
Event: 617.482 Thread 0x00007f703865fca0 Exception <a 'java/lang/NullPointerException'{0x00000000eb2012c0}> (0x00000000eb2012c0) 
thrown [open/src/hotspot/share/runtime/sharedRuntime.cpp, line 628]
Event: 617.482 Thread 0x00007f703865fca0 Implicit null exception at 0x00007f7022651614 to 0x00007f7022651ca5
Event: 617.482 Thread 0x00007f703865fca0 Exception <a 'java/lang/NullPointerException'{0x00000000eb2019a8}> (0x00000000eb2019a8) 
thrown [open/src/hotspot/share/runtime/sharedRuntime.cpp, line 628]
Event: 617.482 Thread 0x00007f703865fca0 Implicit null exception at 0x00007f7022651614 to 0x00007f7022651ca5
Event: 617.482 Thread 0x00007f703865fca0 Exception <a 'java/lang/NullPointerException'{0x00000000eb2020a0}> (0x00000000eb2020a0) 
thrown [open/src/hotspot/share/runtime/sharedRuntime.cpp, line 628]
Event: 617.489 Thread 0x00007f703865fca0 Implicit null exception at 0x00007f7022651614 to 0x00007f7022651ca5
Event: 617.489 Thread 0x00007f703865fca0 Exception <a 'java/lang/NullPointerException'{0x00000000eb3f99d8}> (0x00000000eb3f99d8) 
thrown [open/src/hotspot/share/runtime/sharedRuntime.cpp, line 628]
Event: 617.489 Thread 0x00007f703865fca0 Implicit null exception at 0x00007f7022651614 to 0x00007f7022651ca5
Event: 617.489 Thread 0x00007f703865fca0 Exception <a 'java/lang/NullPointerException'{0x00000000eb3fa0b8}> (0x00000000eb3fa0b8) 
thrown [open/src/hotspot/share/runtime/sharedRuntime.cpp, line 628]
Event: 617.489 Thread 0x00007f703865fca0 Implicit null exception at 0x00007f7022651614 to 0x00007f7022651ca5
Event: 617.489 Thread 0x00007f703865fca0 Exception <a 'java/lang/NullPointerException'{0x00000000eb3fa7a8}> (0x00000000eb3fa7a8) 
thrown [open/src/hotspot/share/runtime/sharedRuntime.cpp, line 628]
Event: 617.489 Thread 0x00007f703865fca0 Implicit null exception at 0x00007f7022651614 to 0x00007f7022651ca5
Event: 617.489 Thread 0x00007f703865fca0 Exception <a 'java/lang/NullPointerException'{0x00000000eb4340e8}> (0x00000000eb4340e8) 
thrown [open/src/hotspot/share/runtime/sharedRuntime.cpp, line 628]
Event: 617.489 Thread 0x00007f703865fca0 Implicit null exception at 0x00007f7022651614 to 0x00007f7022651ca5
Event: 617.489 Thread 0x00007f703865fca0 Exception <a 'java/lang/NullPointerException'{0x00000000eb4347a0}> (0x00000000eb4347a0) 
thrown [open/src/hotspot/share/runtime/sharedRuntime.cpp, line 628]
Event: 617.489 Thread 0x00007f703865fca0 Implicit null exception at 0x00007f7022651614 to 0x00007f7022651ca5
Event: 617.489 Thread 0x00007f703865fca0 Exception <a 'java/lang/NullPointerException'{0x00000000eb434e88}> (0x00000000eb434e88) 
thrown [open/src/hotspot/share/runtime/sharedRuntime.cpp, line 628]
Event: 617.489 Thread 0x00007f703865fca0 Implicit null exception at 0x00007f7022651614 to 0x00007f7022651ca5
Event: 617.489 Thread 0x00007f703865fca0 Exception <a 'java/lang/NullPointerException'{0x00000000eb435580}> (0x00000000eb435580) 
thrown [open/src/hotspot/share/runtime/sharedRuntime.cpp, line 628]
Event: 617.568 Thread 0x00007f6fc0835f80 Exception <a 'sun/nio/fs/UnixException'{0x00000000eb155738}> (0x00000000eb155738) 
thrown [open/src/hotspot/share/prims/jni.cpp, line 516]

VM Operations (20 events):
Event: 565.672 Executing VM operation: Cleanup
Event: 565.673 Executing VM operation: Cleanup done
Event: 592.676 Executing VM operation: Cleanup
Event: 592.677 Executing VM operation: Cleanup done
Event: 593.600 Executing VM operation: ParallelGCFailedAllocation
Event: 593.602 Executing VM operation: ParallelGCFailedAllocation done
Event: 594.602 Executing VM operation: Cleanup
Event: 594.602 Executing VM operation: Cleanup done
Event: 595.470 Executing VM operation: ParallelGCFailedAllocation
Event: 595.474 Executing VM operation: ParallelGCFailedAllocation done
Event: 596.474 Executing VM operation: Cleanup
Event: 596.474 Executing VM operation: Cleanup done
Event: 615.475 Executing VM operation: Cleanup
Event: 615.475 Executing VM operation: Cleanup done
Event: 616.475 Executing VM operation: Cleanup
Event: 616.475 Executing VM operation: Cleanup done
Event: 616.637 Executing VM operation: ParallelGCFailedAllocation
Event: 616.639 Executing VM operation: ParallelGCFailedAllocation done
Event: 617.494 Executing VM operation: ParallelGCFailedAllocation
Event: 617.500 Executing VM operation: ParallelGCFailedAllocation done

Events (20 events):
Event: 457.119 Thread 0x00007f6ff4012860 Thread exited: 0x00007f6ff4012860
Event: 509.068 Thread 0x00007f6f8808ffd0 Thread exited: 0x00007f6f8808ffd0
Event: 511.526 Thread 0x00007f6f74012dd0 Thread exited: 0x00007f6f74012dd0
Event: 556.546 Thread 0x00007f70381a5980 flushing nmethod 0x00007f70294c1e10
Event: 556.547 Thread 0x00007f70381a5980 flushing nmethod 0x00007f7021734190
Event: 556.547 Thread 0x00007f70381a5980 flushing nmethod 0x00007f7021749090
Event: 556.549 Thread 0x00007f70381a5980 flushing nmethod 0x00007f70218c7490
Event: 556.550 Thread 0x00007f70381a5980 flushing nmethod 0x00007f7021b0a490
Event: 556.550 Thread 0x00007f70381a5980 flushing nmethod 0x00007f7021b38990
Event: 556.551 Thread 0x00007f70381a5980 flushing nmethod 0x00007f7021bc7d90
Event: 556.551 Thread 0x00007f70381a5980 flushing nmethod 0x00007f7021c4eb10
Event: 556.552 Thread 0x00007f70381a5980 flushing nmethod 0x00007f7021e25610
Event: 556.553 Thread 0x00007f70381a5980 flushing nmethod 0x00007f7021ec0490
Event: 556.555 Thread 0x00007f70381a5980 flushing nmethod 0x00007f70221f1f90
Event: 556.557 Thread 0x00007f70381a5980 flushing nmethod 0x00007f7022388d10
Event: 556.557 Thread 0x00007f70381a5980 flushing nmethod 0x00007f70223b9990
Event: 558.580 Thread 0x00007f6f60005b00 Thread added: 0x00007f6f60005b00
Event: 558.580 Protecting memory [0x00007f6fba100000,0x00007f6fba104000] with protection modes 0
Event: 595.993 Thread 0x00007f6fa80122b0 Thread added: 0x00007f6fa80122b0
Event: 595.993 Protecting memory [0x00007f6fb8b00000,0x00007f6fb8b04000] with protection modes 0


Dynamic libraries:
c0000000-c4a00000 rw-p 00000000 00:00 0 
c4a00000-eab00000 ---p 00000000 00:00 0 
eab00000-ec400000 rw-p 00000000 00:00 0 
ec400000-100000000 ---p 00000000 00:00 0 
800000000-800be3000 rw-p 00001000 103:02 26368269                        /opt/jdk/lib/server/classes.jsa
800be3000-800c00000 ---p 00000000 00:00 0 
800c00000-800c20000 rw-p 00000000 00:00 0 
800c20000-800c40000 rw-p 00000000 00:00 0 
800c40000-800cc0000 rw-p 00000000 00:00 0 
800cc0000-800d00000 rw-p 00000000 00:00 0 
800d00000-800ec0000 rw-p 00000000 00:00 0 
800ec0000-800f00000 rw-p 00000000 00:00 0 
800f00000-8010c0000 rw-p 00000000 00:00 0 
8010c0000-8010e0000 rw-p 00000000 00:00 0 
8010e0000-801260000 rw-p 00000000 00:00 0 
801260000-801270000 rw-p 00000000 00:00 0 
801270000-801280000 ---p 00000000 00:00 0 
801280000-801350000 rw-p 00000000 00:00 0 
801350000-840c00000 ---p 00000000 00:00 0 
55dd112d8000-55dd112d9000 r-xp 00000000 103:02 26366846                  /opt/jdk/bin/java
55dd112da000-55dd112db000 r--p 00001000 103:02 26366846                  /opt/jdk/bin/java
55dd112db000-55dd112dc000 rw-p 00002000 103:02 26366846                  /opt/jdk/bin/java
55dd12d18000-55dd12d39000 rw-p 00000000 00:00 0                          [heap]
7f6f58000000-7f6f598e9000 rw-p 00000000 00:00 0 
7f6f598e9000-7f6f5c000000 ---p 00000000 00:00 0 
7f6f5e800000-7f6f5e900000 rw-p 00000000 00:00 0 
7f6f5e900000-7f6f5e950000 rw-p 00000000 00:00 0 
7f6f5e950000-7f6f5ea00000 ---p 00000000 00:00 0 
7f6f5ea00000-7f6f5eb80000 rw-p 00000000 00:00 0 
7f6f5eb80000-7f6f5f000000 ---p 00000000 00:00 0 
7f6f5f400000-7f6f5fc00000 rw-p 00000000 00:00 0 
7f6f60000000-7f6f6004a000 rw-p 00000000 00:00 0 
7f6f6004a000-7f6f64000000 ---p 00000000 00:00 0 
7f6f64000000-7f6f64021000 rw-p 00000000 00:00 0 
7f6f64021000-7f6f68000000 ---p 00000000 00:00 0 
7f6f68000000-7f6f68154000 rw-p 00000000 00:00 0 
7f6f68154000-7f6f6c000000 ---p 00000000 00:00 0 
7f6f6c000000-7f6f6c021000 rw-p 00000000 00:00 0 
7f6f6c021000-7f6f70000000 ---p 00000000 00:00 0 
7f6f70000000-7f6f70021000 rw-p 00000000 00:00 0 
7f6f70021000-7f6f74000000 ---p 00000000 00:00 0 
7f6f74000000-7f6f74024000 rw-p 00000000 00:00 0 
7f6f74024000-7f6f78000000 ---p 00000000 00:00 0 
7f6f78000000-7f6f7891d000 rw-p 00000000 00:00 0 
7f6f7891d000-7f6f7c000000 ---p 00000000 00:00 0 
7f6f7c600000-7f6f83f1c000 r--s 00000000 103:02 26368260                  /opt/jdk/lib/modules
7f6f84000000-7f6f868fd000 rw-p 00000000 00:00 0 
7f6f868fd000-7f6f88000000 ---p 00000000 00:00 0 
7f6f88000000-7f6f8869d000 rw-p 00000000 00:00 0 
7f6f8869d000-7f6f8c000000 ---p 00000000 00:00 0 
7f6f8c000000-7f6f8c021000 rw-p 00000000 00:00 0 
7f6f8c021000-7f6f90000000 ---p 00000000 00:00 0 
7f6f90000000-7f6f9082d000 rw-p 00000000 00:00 0 
7f6f9082d000-7f6f94000000 ---p 00000000 00:00 0 
7f6f94000000-7f6f940d5000 rw-p 00000000 00:00 0 
7f6f940d5000-7f6f98000000 ---p 00000000 00:00 0 
7f6f98000000-7f6f98027000 rw-p 00000000 00:00 0 
7f6f98027000-7f6f9c000000 ---p 00000000 00:00 0 
7f6f9c000000-7f6f9c177000 rw-p 00000000 00:00 0 
7f6f9c177000-7f6fa0000000 ---p 00000000 00:00 0 
7f6fa0000000-7f6fa1239000 rw-p 00000000 00:00 0 
7f6fa1239000-7f6fa4000000 ---p 00000000 00:00 0 
7f6fa4000000-7f6fa4021000 rw-p 00000000 00:00 0 
7f6fa4021000-7f6fa8000000 ---p 00000000 00:00 0 
7f6fa8000000-7f6fa807d000 rw-p 00000000 00:00 0 
7f6fa807d000-7f6fac000000 ---p 00000000 00:00 0 
7f6fac000000-7f6fac021000 rw-p 00000000 00:00 0 
7f6fac021000-7f6fb0000000 ---p 00000000 00:00 0 
7f6fb0000000-7f6fb0021000 rw-p 00000000 00:00 0 
7f6fb0021000-7f6fb4000000 ---p 00000000 00:00 0 
7f6fb4000000-7f6fb4021000 rw-p 00000000 00:00 0 
7f6fb4021000-7f6fb8000000 ---p 00000000 00:00 0 
7f6fb8a00000-7f6fb8a04000 ---p 00000000 00:00 0 
7f6fb8a04000-7f6fb8b00000 rw-p 00000000 00:00 0 
7f6fb8b00000-7f6fb8b04000 ---p 00000000 00:00 0 
7f6fb8b04000-7f6fb8c00000 rw-p 00000000 00:00 0 
7f6fb8c00000-7f6fb8c04000 ---p 00000000 00:00 0 
7f6fb8c04000-7f6fb8d00000 rw-p 00000000 00:00 0 
7f6fb8d00000-7f6fb8d04000 ---p 00000000 00:00 0 
7f6fb8d04000-7f6fb8e00000 rw-p 00000000 00:00 0 
7f6fb8e00000-7f6fb8e04000 ---p 00000000 00:00 0 
7f6fb8e04000-7f6fb8f00000 rw-p 00000000 00:00 0 
7f6fb8f00000-7f6fb8f04000 ---p 00000000 00:00 0 
7f6fb8f04000-7f6fb9780000 rw-p 00000000 00:00 0 
7f6fb9780000-7f6fb9800000 rw-p 00000000 00:00 0 
7f6fb9800000-7f6fb9980000 rw-p 00000000 00:00 0 
7f6fb9980000-7f6fb9a00000 rw-p 00000000 00:00 0 
7f6fb9a00000-7f6fb9b00000 rw-p 00000000 00:00 0 
7f6fb9b00000-7f6fb9d00000 rw-p 00000000 00:00 0 
7f6fb9d00000-7f6fb9d40000 rw-p 00000000 00:00 0 
7f6fb9d40000-7f6fb9d80000 rw-p 00000000 00:00 0 
7f6fb9d80000-7f6fb9f00000 rw-p 00000000 00:00 0 
7f6fb9f00000-7f6fba000000 rw-p 00000000 00:00 0 
7f6fba000000-7f6fba004000 ---p 00000000 00:00 0 
7f6fba004000-7f6fba100000 rw-p 00000000 00:00 0 
7f6fba100000-7f6fba104000 ---p 00000000 00:00 0 
7f6fba104000-7f6fba200000 rw-p 00000000 00:00 0 
7f6fba200000-7f6fba204000 ---p 00000000 00:00 0 
7f6fba204000-7f6fba300000 rw-p 00000000 00:00 0 
7f6fba300000-7f6fba304000 ---p 00000000 00:00 0 
7f6fba304000-7f6fbac00000 rw-p 00000000 00:00 0 
7f6fbac00000-7f6fbaf00000 rw-p 00000000 00:00 0 
7f6fbaf00000-7f6fbb000000 rw-p 00000000 00:00 0 
7f6fbb000000-7f6fbb300000 rw-p 00000000 00:00 0 
7f6fbb300000-7f6fbb400000 rw-p 00000000 00:00 0 
7f6fbb429000-7f6fbb42d000 ---p 00000000 00:00 0 
7f6fbb42d000-7f6fbb529000 rw-p 00000000 00:00 0 
7f6fbb5fc000-7f6fbb600000 ---p 00000000 00:00 0 
7f6fbb600000-7f6fbb6fc000 rw-p 00000000 00:00 0 
7f6fbb6fc000-7f6fbb700000 ---p 00000000 00:00 0 
7f6fbb700000-7f6fbb7fc000 rw-p 00000000 00:00 0 
7f6fbb7fc000-7f6fbb800000 ---p 00000000 00:00 0 
7f6fbb800000-7f6fbb8fc000 rw-p 00000000 00:00 0 
7f6fbb8fc000-7f6fbb900000 ---p 00000000 00:00 0 
7f6fbb900000-7f6fbb9fc000 rw-p 00000000 00:00 0 
7f6fbb9fc000-7f6fbba00000 ---p 00000000 00:00 0 
7f6fbba00000-7f6fbbafc000 rw-p 00000000 00:00 0 
7f6fbbafc000-7f6fbbb00000 ---p 00000000 00:00 0 
7f6fbbb00000-7f6fbbbfc000 rw-p 00000000 00:00 0 
7f6fbbbfc000-7f6fbbc00000 ---p 00000000 00:00 0 
7f6fbbc00000-7f6fbbcfc000 rw-p 00000000 00:00 0 
7f6fbbcfc000-7f6fbbcfd000 ---p 00000000 00:00 0 
7f6fbbcfd000-7f6fbbdfe000 rw-p 00000000 00:00 0 
7f6fbbdfe000-7f6fbbdff000 ---p 00000000 00:00 0 
7f6fbbdff000-7f6fbbf00000 rw-p 00000000 00:00 0 
7f6fbbf00000-7f6fbbf04000 ---p 00000000 00:00 0 
7f6fbbf04000-7f6fbc000000 rw-p 00000000 00:00 0 
7f6fbc000000-7f6fbc021000 rw-p 00000000 00:00 0 
7f6fbc021000-7f6fc0000000 ---p 00000000 00:00 0 
7f6fc0000000-7f6fc0965000 rw-p 00000000 00:00 0 
7f6fc0965000-7f6fc4000000 ---p 00000000 00:00 0 
7f6fc4000000-7f6fc4021000 rw-p 00000000 00:00 0 
7f6fc4021000-7f6fc8000000 ---p 00000000 00:00 0 
7f6fc8000000-7f6fc8021000 rw-p 00000000 00:00 0 
7f6fc8021000-7f6fcc000000 ---p 00000000 00:00 0 
7f6fcc000000-7f6fcc021000 rw-p 00000000 00:00 0 
7f6fcc021000-7f6fd0000000 ---p 00000000 00:00 0 
7f6fd0000000-7f6fd0021000 rw-p 00000000 00:00 0 
7f6fd0021000-7f6fd4000000 ---p 00000000 00:00 0 
7f6fd4000000-7f6fd4021000 rw-p 00000000 00:00 0 
7f6fd4021000-7f6fd8000000 ---p 00000000 00:00 0 
7f6fd8000000-7f6fd8021000 rw-p 00000000 00:00 0 
7f6fd8021000-7f6fdc000000 ---p 00000000 00:00 0 
7f6fdc000000-7f6fdc4ec000 rw-p 00000000 00:00 0 
7f6fdc4ec000-7f6fe0000000 ---p 00000000 00:00 0 
7f6fe0000000-7f6fe02d4000 rw-p 00000000 00:00 0 
7f6fe02d4000-7f6fe4000000 ---p 00000000 00:00 0 
7f6fe4000000-7f6fe4021000 rw-p 00000000 00:00 0 
7f6fe4021000-7f6fe8000000 ---p 00000000 00:00 0 
7f6fe8000000-7f6fe8021000 rw-p 00000000 00:00 0 
7f6fe8021000-7f6fec000000 ---p 00000000 00:00 0 
7f6fec000000-7f6fec021000 rw-p 00000000 00:00 0 
7f6fec021000-7f6ff0000000 ---p 00000000 00:00 0 
7f6ff0000000-7f6ff2291000 rw-p 00000000 00:00 0 
7f6ff2291000-7f6ff4000000 ---p 00000000 00:00 0 
7f6ff4000000-7f6ff4cf8000 rw-p 00000000 00:00 0 
7f6ff4cf8000-7f6ff8000000 ---p 00000000 00:00 0 
7f6ff8000000-7f6ff8109000 rw-p 00000000 00:00 0 
7f6ff8109000-7f6ffc000000 ---p 00000000 00:00 0 
7f6ffc000000-7f6ffc021000 rw-p 00000000 00:00 0 
7f6ffc021000-7f7000000000 ---p 00000000 00:00 0 
7f7000000000-7f7003fd5000 rw-p 00000000 00:00 0 
7f7003fd5000-7f7004000000 ---p 00000000 00:00 0 
7f7004000000-7f7004021000 rw-p 00000000 00:00 0 
7f7004021000-7f7008000000 ---p 00000000 00:00 0 
7f7008000000-7f7008021000 rw-p 00000000 00:00 0 
7f7008021000-7f700c000000 ---p 00000000 00:00 0 
7f700c000000-7f700c021000 rw-p 00000000 00:00 0 
7f700c021000-7f7010000000 ---p 00000000 00:00 0 
7f7010000000-7f7010021000 rw-p 00000000 00:00 0 
7f7010021000-7f7014000000 ---p 00000000 00:00 0 
7f7014000000-7f7014021000 rw-p 00000000 00:00 0 
7f7014021000-7f7018000000 ---p 00000000 00:00 0 
7f7018000000-7f7018100000 rw-p 00000000 00:00 0 
7f7018100000-7f7018200000 rw-p 00000000 00:00 0 
7f7018200000-7f7018800000 rw-p 00000000 00:00 0 
7f7018800000-7f7018810000 r-xp 00000000 103:02 26368764                  /home/ricebucket/.config/Code/User/globalStorage/redhat.java/1.16.0/config_linux/org.eclipse.equinox.launcher/org.eclipse.equinox.launcher.gtk.linux.x86_64_1.2.700.v20221108-1024/eclipse_11801.so
7f7018810000-7f7018a0f000 ---p 00010000 103:02 26368764                  /home/ricebucket/.config/Code/User/globalStorage/redhat.java/1.16.0/config_linux/org.eclipse.equinox.launcher/org.eclipse.equinox.launcher.gtk.linux.x86_64_1.2.700.v20221108-1024/eclipse_11801.so
7f7018a0f000-7f7018a10000 r--p 0000f000 103:02 26368764                  /home/ricebucket/.config/Code/User/globalStorage/redhat.java/1.16.0/config_linux/org.eclipse.equinox.launcher/org.eclipse.equinox.launcher.gtk.linux.x86_64_1.2.700.v20221108-1024/eclipse_11801.so
7f7018a10000-7f7018a11000 rw-p 00010000 103:02 26368764                  /home/ricebucket/.config/Code/User/globalStorage/redhat.java/1.16.0/config_linux/org.eclipse.equinox.launcher/org.eclipse.equinox.launcher.gtk.linux.x86_64_1.2.700.v20221108-1024/eclipse_11801.so
7f7018a11000-7f7018a12000 rw-p 00000000 00:00 0 
7f7018af4000-7f7018af8000 ---p 00000000 00:00 0 
7f7018af8000-7f7018bf4000 rw-p 00000000 00:00 0 
7f7018bf4000-7f7018bf8000 ---p 00000000 00:00 0 
7f7018bf8000-7f7018cf4000 rw-p 00000000 00:00 0 
7f7018cf4000-7f7018cf8000 ---p 00000000 00:00 0 
7f7018cf8000-7f7018df4000 rw-p 00000000 00:00 0 
7f7018df4000-7f7018df5000 ---p 00000000 00:00 0 
7f7018df5000-7f7018ef6000 rw-p 00000000 00:00 0 
7f7018ef6000-7f7018ef7000 ---p 00000000 00:00 0 
7f7018ef7000-7f7018ff8000 rw-p 00000000 00:00 0 
7f7018ff8000-7f7018ff9000 ---p 00000000 00:00 0 
7f7018ff9000-7f70190fa000 rw-p 00000000 00:00 0 
7f70190fa000-7f70190fb000 ---p 00000000 00:00 0 
7f70190fb000-7f70191fc000 rw-p 00000000 00:00 0 
7f70191fc000-7f70191fd000 ---p 00000000 00:00 0 
7f70191fd000-7f70192fe000 rw-p 00000000 00:00 0 
7f70192fe000-7f7019302000 ---p 00000000 00:00 0 
7f7019302000-7f70193fe000 rw-p 00000000 00:00 0 
7f70193fe000-7f70193ff000 ---p 00000000 00:00 0 
7f70193ff000-7f7019500000 rw-p 00000000 00:00 0 
7f7019500000-7f7019504000 ---p 00000000 00:00 0 
7f7019504000-7f7019600000 rw-p 00000000 00:00 0 
7f7019600000-7f7019604000 ---p 00000000 00:00 0 
7f7019604000-7f7019700000 rw-p 00000000 00:00 0 
7f7019700000-7f7019704000 ---p 00000000 00:00 0 
7f7019704000-7f7019800000 rw-p 00000000 00:00 0 
7f7019800000-7f7019804000 ---p 00000000 00:00 0 
7f7019804000-7f7019900000 rw-p 00000000 00:00 0 
7f7019900000-7f7019904000 ---p 00000000 00:00 0 
7f7019904000-7f7019a00000 rw-p 00000000 00:00 0 
7f7019a00000-7f7019a04000 ---p 00000000 00:00 0 
7f7019a04000-7f7019b00000 rw-p 00000000 00:00 0 
7f7019b00000-7f7019b04000 ---p 00000000 00:00 0 
7f7019b04000-7f7019c00000 rw-p 00000000 00:00 0 
7f7019c00000-7f7019c04000 ---p 00000000 00:00 0 
7f7019c04000-7f7019d00000 rw-p 00000000 00:00 0 
7f7019d00000-7f7019d04000 ---p 00000000 00:00 0 
7f7019d04000-7f7019e00000 rw-p 00000000 00:00 0 
7f7019e00000-7f701abe7000 r--p 00000000 103:02 3806519                   /usr/lib/locale/locale-archive
7f701ac00000-7f701b000000 rw-p 00000000 00:00 0 
7f701b000000-7f701b300000 rw-p 00000000 00:00 0 
7f701b300000-7f701b400000 rw-p 00000000 00:00 0 
7f701b4f6000-7f701b4fa000 ---p 00000000 00:00 0 
7f701b4fa000-7f701b5f6000 rw-p 00000000 00:00 0 
7f701b5f6000-7f701b5fa000 ---p 00000000 00:00 0 
7f701b5fa000-7f701b6f6000 rw-p 00000000 00:00 0 
7f701b6f6000-7f701b6f7000 ---p 00000000 00:00 0 
7f701b6f7000-7f701c000000 rw-p 00000000 00:00 0 
7f701c000000-7f701c021000 rw-p 00000000 00:00 0 
7f701c021000-7f7020000000 ---p 00000000 00:00 0 
7f702001d000-7f70200eb000 r-xp 00000000 103:02 26368242                  /opt/jdk/lib/libjsvml.so
7f70200eb000-7f70200ec000 r--p 000cd000 103:02 26368242                  /opt/jdk/lib/libjsvml.so
7f70200ec000-7f70200ed000 rw-p 000ce000 103:02 26368242                  /opt/jdk/lib/libjsvml.so
7f70200ed000-7f7021600000 rw-p 00000000 00:00 0 
7f7021600000-7f70227d0000 rwxp 00000000 00:00 0 
7f70227d0000-7f7028b37000 ---p 00000000 00:00 0 
7f7028b37000-7f7028da7000 rwxp 00000000 00:00 0 
7f7028da7000-7f70290c9000 ---p 00000000 00:00 0 
7f70290c9000-7f7029679000 rwxp 00000000 00:00 0 
7f7029679000-7f7030600000 ---p 00000000 00:00 0 
7f7030600000-7f7037f1c000 r--s 00000000 103:02 26368260                  /opt/jdk/lib/modules
7f7037f5d000-7f7037f61000 ---p 00000000 00:00 0 
7f7037f61000-7f7038000000 rw-p 00000000 00:00 0 
7f7038000000-7f7038688000 rw-p 00000000 00:00 0 
7f7038688000-7f703c000000 ---p 00000000 00:00 0 
7f703c00e000-7f703c02f000 r--p 00000000 103:02 4722453                   /usr/share/locale-langpack/zh_CN/LC_MESSAGES/libc.mo
7f703c02f000-7f703c03c000 r-xp 00000000 103:02 26368258                  /opt/jdk/lib/libverify.so
7f703c03c000-7f703c03e000 r--p 0000c000 103:02 26368258                  /opt/jdk/lib/libverify.so
7f703c03e000-7f703c03f000 rw-p 0000e000 103:02 26368258                  /opt/jdk/lib/libverify.so
7f703c03f000-7f703c054000 r-xp 00000000 103:02 26368249                  /opt/jdk/lib/libnet.so
7f703c054000-7f703c055000 ---p 00015000 103:02 26368249                  /opt/jdk/lib/libnet.so
7f703c055000-7f703c056000 r--p 00015000 103:02 26368249                  /opt/jdk/lib/libnet.so
7f703c056000-7f703c057000 rw-p 00016000 103:02 26368249                  /opt/jdk/lib/libnet.so
7f703c057000-7f703c06a000 r-xp 00000000 103:02 26368250                  /opt/jdk/lib/libnio.so
7f703c06a000-7f703c06b000 r--p 00012000 103:02 26368250                  /opt/jdk/lib/libnio.so
7f703c06b000-7f703c06c000 rw-p 00013000 103:02 26368250                  /opt/jdk/lib/libnio.so
7f703c06c000-7f703c073000 r-xp 00000000 103:02 26368259                  /opt/jdk/lib/libzip.so
7f703c073000-7f703c074000 ---p 00007000 103:02 26368259                  /opt/jdk/lib/libzip.so
7f703c074000-7f703c075000 r--p 00007000 103:02 26368259                  /opt/jdk/lib/libzip.so
7f703c075000-7f703c076000 rw-p 00008000 103:02 26368259                  /opt/jdk/lib/libzip.so
7f703c076000-7f703e0f6000 rw-p 00000000 00:00 0 
7f703e0f6000-7f703e227000 ---p 00000000 00:00 0 
7f703e227000-7f703e228000 ---p 00000000 00:00 0 
7f703e228000-7f703e34e000 rw-p 00000000 00:00 0 
7f703e34e000-7f703e47e000 ---p 00000000 00:00 0 
7f703e47e000-7f703e48b000 rw-p 00000000 00:00 0 
7f703e48b000-7f703e529000 ---p 00000000 00:00 0 
7f703e529000-7f703e536000 rw-p 00000000 00:00 0 
7f703e536000-7f703e615000 ---p 00000000 00:00 0 
7f703e615000-7f703e639000 rw-p 00000000 00:00 0 
7f703e639000-7f703e700000 ---p 00000000 00:00 0 
7f703e700000-7f703e704000 ---p 00000000 00:00 0 
7f703e704000-7f703e800000 rw-p 00000000 00:00 0 
7f703e800000-7f703f93d000 r-xp 00000000 103:02 26368272                  /opt/jdk/lib/server/libjvm.so
7f703f93d000-7f703f93e000 ---p 0113d000 103:02 26368272                  /opt/jdk/lib/server/libjvm.so
7f703f93e000-7f703f9f3000 r--p 0113d000 103:02 26368272                  /opt/jdk/lib/server/libjvm.so
7f703f9f3000-7f703fa26000 rw-p 011f2000 103:02 26368272                  /opt/jdk/lib/server/libjvm.so
7f703fa26000-7f703fa80000 rw-p 00000000 00:00 0 
7f703fa81000-7f703fa88000 r--s 00000000 103:02 4460605                   /usr/lib/x86_64-linux-gnu/gconv/gconv-modules.cache
7f703fa88000-7f703fae2000 rw-p 00000000 00:00 0 
7f703fae2000-7f703fae9000 ---p 00000000 00:00 0 
7f703fae9000-7f703faf1000 rw-s 00000000 103:02 15466506                  /tmp/hsperfdata_ricebucket/222847
7f703faf1000-7f703fb15000 r-xp 00000000 103:02 26368234                  /opt/jdk/lib/libjava.so
7f703fb15000-7f703fb16000 ---p 00024000 103:02 26368234                  /opt/jdk/lib/libjava.so
7f703fb16000-7f703fb17000 r--p 00024000 103:02 26368234                  /opt/jdk/lib/libjava.so
7f703fb17000-7f703fb18000 rw-p 00025000 103:02 26368234                  /opt/jdk/lib/libjava.so
7f703fb18000-7f703fb19000 rw-p 00000000 00:00 0 
7f703fb19000-7f703fb27000 r--p 00000000 103:02 3808139                   /usr/lib/x86_64-linux-gnu/libm.so.6
7f703fb27000-7f703fba3000 r-xp 0000e000 103:02 3808139                   /usr/lib/x86_64-linux-gnu/libm.so.6
7f703fba3000-7f703fbfe000 r--p 0008a000 103:02 3808139                   /usr/lib/x86_64-linux-gnu/libm.so.6
7f703fbfe000-7f703fbff000 r--p 000e4000 103:02 3808139                   /usr/lib/x86_64-linux-gnu/libm.so.6
7f703fbff000-7f703fc00000 rw-p 000e5000 103:02 3808139                   /usr/lib/x86_64-linux-gnu/libm.so.6
7f703fc00000-7f703fc28000 r--p 00000000 103:02 3807490                   /usr/lib/x86_64-linux-gnu/libc.so.6
7f703fc28000-7f703fdbd000 r-xp 00028000 103:02 3807490                   /usr/lib/x86_64-linux-gnu/libc.so.6
7f703fdbd000-7f703fe15000 r--p 001bd000 103:02 3807490                   /usr/lib/x86_64-linux-gnu/libc.so.6
7f703fe15000-7f703fe19000 r--p 00214000 103:02 3807490                   /usr/lib/x86_64-linux-gnu/libc.so.6
7f703fe19000-7f703fe1b000 rw-p 00218000 103:02 3807490                   /usr/lib/x86_64-linux-gnu/libc.so.6
7f703fe1b000-7f703fe28000 rw-p 00000000 00:00 0 
7f703fe29000-7f703fe2b000 r-xp 00000000 103:02 26368227                  /opt/jdk/lib/libextnet.so
7f703fe2b000-7f703fe2c000 r--p 00001000 103:02 26368227                  /opt/jdk/lib/libextnet.so
7f703fe2c000-7f703fe2d000 rw-p 00002000 103:02 26368227                  /opt/jdk/lib/libextnet.so
7f703fe2d000-7f703fe48000 r-xp 00000000 103:02 26368238                  /opt/jdk/lib/libjimage.so
7f703fe48000-7f703fe49000 ---p 0001b000 103:02 26368238                  /opt/jdk/lib/libjimage.so
7f703fe49000-7f703fe4b000 r--p 0001b000 103:02 26368238                  /opt/jdk/lib/libjimage.so
7f703fe4b000-7f703fe4c000 rw-p 0001d000 103:02 26368238                  /opt/jdk/lib/libjimage.so
7f703fe4c000-7f703fe4d000 r--p 00000000 103:02 3808461                   /usr/lib/x86_64-linux-gnu/librt.so.1
7f703fe4d000-7f703fe4e000 r-xp 00001000 103:02 3808461                   /usr/lib/x86_64-linux-gnu/librt.so.1
7f703fe4e000-7f703fe4f000 r--p 00002000 103:02 3808461                   /usr/lib/x86_64-linux-gnu/librt.so.1
7f703fe4f000-7f703fe50000 r--p 00002000 103:02 3808461                   /usr/lib/x86_64-linux-gnu/librt.so.1
7f703fe50000-7f703fe51000 rw-p 00003000 103:02 3808461                   /usr/lib/x86_64-linux-gnu/librt.so.1
7f703fe51000-7f703fe53000 rw-p 00000000 00:00 0 
7f703fe53000-7f703fe54000 r--p 00000000 103:02 3807632                   /usr/lib/x86_64-linux-gnu/libdl.so.2
7f703fe54000-7f703fe55000 r-xp 00001000 103:02 3807632                   /usr/lib/x86_64-linux-gnu/libdl.so.2
7f703fe55000-7f703fe56000 r--p 00002000 103:02 3807632                   /usr/lib/x86_64-linux-gnu/libdl.so.2
7f703fe56000-7f703fe57000 r--p 00002000 103:02 3807632                   /usr/lib/x86_64-linux-gnu/libdl.so.2
7f703fe57000-7f703fe58000 rw-p 00003000 103:02 3807632                   /usr/lib/x86_64-linux-gnu/libdl.so.2
7f703fe58000-7f703fe59000 r--p 00000000 103:02 3808405                   /usr/lib/x86_64-linux-gnu/libpthread.so.0
7f703fe59000-7f703fe5a000 r-xp 00001000 103:02 3808405                   /usr/lib/x86_64-linux-gnu/libpthread.so.0
7f703fe5a000-7f703fe5b000 r--p 00002000 103:02 3808405                   /usr/lib/x86_64-linux-gnu/libpthread.so.0
7f703fe5b000-7f703fe5c000 r--p 00002000 103:02 3808405                   /usr/lib/x86_64-linux-gnu/libpthread.so.0
7f703fe5c000-7f703fe5d000 rw-p 00003000 103:02 3808405                   /usr/lib/x86_64-linux-gnu/libpthread.so.0
7f703fe5d000-7f703fe6c000 r-xp 00000000 103:02 26368239                  /opt/jdk/lib/libjli.so
7f703fe6c000-7f703fe6d000 r--p 0000e000 103:02 26368239                  /opt/jdk/lib/libjli.so
7f703fe6d000-7f703fe6e000 rw-p 0000f000 103:02 26368239                  /opt/jdk/lib/libjli.so
7f703fe6e000-7f703fe70000 r--p 00000000 103:02 3801386                   /usr/lib/x86_64-linux-gnu/libz.so.1.2.11
7f703fe70000-7f703fe81000 r-xp 00002000 103:02 3801386                   /usr/lib/x86_64-linux-gnu/libz.so.1.2.11
7f703fe81000-7f703fe87000 r--p 00013000 103:02 3801386                   /usr/lib/x86_64-linux-gnu/libz.so.1.2.11
7f703fe87000-7f703fe88000 ---p 00019000 103:02 3801386                   /usr/lib/x86_64-linux-gnu/libz.so.1.2.11
7f703fe88000-7f703fe89000 r--p 00019000 103:02 3801386                   /usr/lib/x86_64-linux-gnu/libz.so.1.2.11
7f703fe89000-7f703fe8a000 rw-p 0001a000 103:02 3801386                   /usr/lib/x86_64-linux-gnu/libz.so.1.2.11
7f703fe8a000-7f703fe94000 r-xp 00000000 103:02 26368229                  /opt/jdk/lib/libinstrument.so
7f703fe94000-7f703fe95000 r--p 00009000 103:02 26368229                  /opt/jdk/lib/libinstrument.so
7f703fe95000-7f703fe96000 rw-p 0000a000 103:02 26368229                  /opt/jdk/lib/libinstrument.so
7f703fe96000-7f703fe97000 ---p 00000000 00:00 0 
7f703fe97000-7f703fe98000 r--p 00000000 00:00 0 
7f703fe98000-7f703fe9a000 rw-p 00000000 00:00 0 
7f703fe9a000-7f703fe9c000 r--p 00000000 103:02 3807155                   /usr/lib/x86_64-linux-gnu/ld-linux-x86-64.so.2
7f703fe9c000-7f703fec6000 r-xp 00002000 103:02 3807155                   /usr/lib/x86_64-linux-gnu/ld-linux-x86-64.so.2
7f703fec6000-7f703fed1000 r--p 0002c000 103:02 3807155                   /usr/lib/x86_64-linux-gnu/ld-linux-x86-64.so.2
7f703fed1000-7f703fed2000 ---p 00000000 00:00 0 
7f703fed2000-7f703fed4000 r--p 00037000 103:02 3807155                   /usr/lib/x86_64-linux-gnu/ld-linux-x86-64.so.2
7f703fed4000-7f703fed6000 rw-p 00039000 103:02 3807155                   /usr/lib/x86_64-linux-gnu/ld-linux-x86-64.so.2
7ffcf5bed000-7ffcf5c0f000 rw-p 00000000 00:00 0                          [stack]
7ffcf5dd4000-7ffcf5dd8000 r--p 00000000 00:00 0                          [vvar]
7ffcf5dd8000-7ffcf5dda000 r-xp 00000000 00:00 0                          [vdso]
ffffffffff600000-ffffffffff601000 --xp 00000000 00:00 0                  [vsyscall]


VM Arguments:
jvm_args: --add-modules=ALL-SYSTEM --add-opens=java.base/java.util=ALL-UNNAMED --add-opens=java.base/java.lang=ALL-UNNAMED --add-opens=java.base/sun.nio.fs=ALL-UNNAMED -Declipse.application=org.eclipse.jdt.ls.core.id1 -Dosgi.bundles.defaultStartLevel=4 -Declipse.product=org.eclipse.jdt.ls.core.product -Djava.import.generatesMetadataFilesAtProjectRoot=false -Dfile.encoding=utf8 -XX:+UseParallelGC -XX:GCTimeRatio=4 -XX:AdaptiveSizePolicyWeight=90 -Dsun.zip.disableMemoryMapping=true -Xmx1G -Xms100m -Xlog:disable -javaagent:/home/ricebucket/.vscode/extensions/redhat.java-1.16.0/lombok/lombok-1.18.24.jar -XX:+HeapDumpOnOutOfMemoryError -XX:HeapDumpPath=/home/ricebucket/.config/Code/User/workspaceStorage/638bf6c381946d43ad00d72bf457aa54/redhat.java 
java_command: /home/ricebucket/.vscode/extensions/redhat.java-1.16.0/server/plugins/org.eclipse.equinox.launcher_1.6.400.v20210924-0641.jar -configuration /home/ricebucket/.config/Code/User/globalStorage/redhat.java/1.16.0/config_linux -data /home/ricebucket/.config/Code/User/workspaceStorage/638bf6c381946d43ad00d72bf457aa54/redhat.java/jdt_ws
java_class_path (initial): /home/ricebucket/.vscode/extensions/redhat.java-1.16.0/server/plugins/org.eclipse.equinox.launcher_1.6.400.v20210924-0641.jar
Launcher Type: SUN_STANDARD

[Global flags]
    uintx AdaptiveSizePolicyWeight                 = 90                                        {product} {command line}
     intx CICompilerCount                          = 4                                         {product} {ergonomic}
    uintx GCTimeRatio                              = 4                                         {product} {command line}
     bool HeapDumpOnOutOfMemoryError               = true                                   {manageable} {command line}
    ccstr HeapDumpPath                             = /home/ricebucket/.config/Code/User/workspaceStorage/638bf6c381946d43ad00d72bf457aa54/redhat.java         {manageable} {command line}
   size_t InitialHeapSize                          = 104857600                                 {product} {command line}
   size_t MaxHeapSize                              = 1073741824                                {product} {command line}
   size_t MaxNewSize                               = 357564416                                 {product} {ergonomic}
   size_t MinHeapDeltaBytes                        = 524288                                    {product} {ergonomic}
   size_t MinHeapSize                              = 104857600                                 {product} {command line}
   size_t NewSize                                  = 34603008                                  {product} {ergonomic}
    uintx NonNMethodCodeHeapSize                   = 5839372                                {pd product} {ergonomic}
    uintx NonProfiledCodeHeapSize                  = 122909434                              {pd product} {ergonomic}
   size_t OldSize                                  = 70254592                                  {product} {ergonomic}
    uintx ProfiledCodeHeapSize                     = 122909434                              {pd product} {ergonomic}
    uintx ReservedCodeCacheSize                    = 251658240                              {pd product} {ergonomic}
     bool SegmentedCodeCache                       = true                                      {product} {ergonomic}
   size_t SoftMaxHeapSize                          = 1073741824                             {manageable} {ergonomic}
     bool UseCompressedClassPointers               = true                           {product lp64_product} {ergonomic}
     bool UseCompressedOops                        = true                           {product lp64_product} {ergonomic}
     bool UseParallelGC                            = true                                      {product} {command line}

Logging:
Log output configuration:
 #0: stdout all=off uptime,level,tags
 #1: stderr all=off uptime,level,tags

Environment Variables:
PATH=~/go/bin:/opt/jdk/bin:/opt/anaconda3/bin:/opt/anaconda3/condabin:/opt/anaconda3/bin:/usr/local/sbin:/usr/local/bin:/usr/sbin:/usr/bin:/sbin:/bin:/usr/games:/usr/local/games:/snap/bin:/snap/bin
USERNAME=ricebucket
SHELL=/bin/bash
DISPLAY=:0
LANG=zh_CN.UTF-8

Signal Handlers:
   SIGSEGV: crash_handler in libjvm.so, mask=11100100010111111101111111111110, flags=SA_RESTART|SA_SIGINFO
    SIGBUS: crash_handler in libjvm.so, mask=11100100010111111101111111111110, flags=SA_RESTART|SA_SIGINFO
    SIGFPE: crash_handler in libjvm.so, mask=11100100010111111101111111111110, flags=SA_RESTART|SA_SIGINFO
   SIGPIPE: javaSignalHandler in libjvm.so, mask=11100100010111111101111111111110, flags=SA_RESTART|SA_SIGINFO
   SIGXFSZ: javaSignalHandler in libjvm.so, mask=11100100010111111101111111111110, flags=SA_RESTART|SA_SIGINFO
    SIGILL: crash_handler in libjvm.so, mask=11100100010111111101111111111110, flags=SA_RESTART|SA_SIGINFO
   SIGUSR2: SR_handler in libjvm.so, mask=00000000000000000000000000000000, flags=SA_RESTART|SA_SIGINFO
    SIGHUP: UserHandler in libjvm.so, mask=11100100010111111101111111111110, flags=SA_RESTART|SA_SIGINFO
    SIGINT: UserHandler in libjvm.so, mask=11100100010111111101111111111110, flags=SA_RESTART|SA_SIGINFO
   SIGTERM: UserHandler in libjvm.so, mask=11100100010111111101111111111110, flags=SA_RESTART|SA_SIGINFO
   SIGQUIT: UserHandler in libjvm.so, mask=11100100010111111101111111111110, flags=SA_RESTART|SA_SIGINFO
   SIGTRAP: crash_handler in libjvm.so, mask=11100100010111111101111111111110, flags=SA_RESTART|SA_SIGINFO


---------------  S Y S T E M  ---------------

OS:
DISTRIB_ID=Ubuntu
DISTRIB_RELEASE=22.04
DISTRIB_CODENAME=jammy
DISTRIB_DESCRIPTION="Ubuntu 22.04.2 LTS"
uname: Linux 5.19.0-42-generic #43~22.04.1-Ubuntu SMP PREEMPT_DYNAMIC Fri Apr 21 16:51:08 UTC 2 x86_64
OS uptime: 0 days 2:13 hours
libc: glibc 2.35 NPTL 2.35 
rlimit (soft/hard): STACK 8192k/infinity , CORE 0k/infinity , NPROC 27139/27139 , NOFILE 1048576/1048576 , AS infinity/infinity , CPU infinity/infinity , DATA infinity/infinity , FSIZE infinity/infinity , MEMLOCK 878436k/878436k
load average: 0.64 1.40 1.67

/proc/meminfo:
MemTotal:        7027504 kB
MemFree:          684620 kB
MemAvailable:    1974916 kB
Buffers:          121772 kB
Cached:          1468596 kB
SwapCached:        61156 kB
Active:          1984256 kB
Inactive:        3484752 kB
Active(anon):     904360 kB
Inactive(anon):  3125096 kB
Active(file):    1079896 kB
Inactive(file):   359656 kB
Unevictable:          48 kB
Mlocked:              48 kB
SwapTotal:       2097148 kB
SwapFree:         718844 kB
Zswap:                 0 kB
Zswapped:              0 kB
Dirty:               816 kB
Writeback:           232 kB
AnonPages:       3853808 kB
Mapped:           770216 kB
Shmem:            154280 kB
KReclaimable:     167812 kB
Slab:             415600 kB
SReclaimable:     167812 kB
SUnreclaim:       247788 kB
KernelStack:       27568 kB
PageTables:        74784 kB
NFS_Unstable:          0 kB
Bounce:                0 kB
WritebackTmp:          0 kB
CommitLimit:     5610900 kB
Committed_AS:   20346888 kB
VmallocTotal:   34359738367 kB
VmallocUsed:      121480 kB
VmallocChunk:          0 kB
Percpu:            20544 kB
HardwareCorrupted:     0 kB
AnonHugePages:         0 kB
ShmemHugePages:        0 kB
ShmemPmdMapped:        0 kB
FileHugePages:         0 kB
FilePmdMapped:         0 kB
HugePages_Total:       0
HugePages_Free:        0
HugePages_Rsvd:        0
HugePages_Surp:        0
Hugepagesize:       2048 kB
Hugetlb:               0 kB
DirectMap4k:     1481704 kB
DirectMap2M:     5781504 kB
DirectMap1G:           0 kB

/sys/kernel/mm/transparent_hugepage/enabled: always [madvise] never
/sys/kernel/mm/transparent_hugepage/defrag (defrag/compaction efforts parameter): always defer defer+madvise [madvise] never

Process Memory:
Virtual Size: 5839756K (peak: 6364048K)
Resident Set Size: 400100K (peak: 924380K) (anon: 364516K, file: 35584K, shmem: 0K)
Swapped out: 0K
C-Heap outstanding allocations: 74354K, retained: 138865K

/proc/sys/kernel/threads-max (system-wide limit on the number of threads): 54279
/proc/sys/vm/max_map_count (maximum number of memory map areas a process may have): 65530
/proc/sys/kernel/pid_max (system-wide limit on number of process identifiers): 4194304

container (cgroup) information:
container_type: cgroupv2
cpu_cpuset_cpus: not supported
cpu_memory_nodes: not supported
active_processor_count: 8
cpu_quota: not supported
cpu_period: not supported
cpu_shares: not supported
memory_limit_in_bytes: unlimited
memory_and_swap_limit_in_bytes: unlimited
memory_soft_limit_in_bytes: unlimited
memory_usage_in_bytes: 1920592 k
memory_max_usage_in_bytes: not supported
memory_swap_current_in_bytes: 459668 k
memory_swap_max_limit_in_bytes: unlimited
maximum number of tasks: 8141
current number of tasks: 351

Steal ticks since vm start: 0
Steal ticks percentage since vm start:  0.000

CPU: total 8 (initial active 8) (8 cores per cpu, 2 threads per core) family 23 model 17 stepping 0 microcode 0x810100b, cx8, cmov, fxsr, ht, mmx, 3dnowpref, sse, sse2, sse3, ssse3, sse4a, sse4.1, sse4.2, popcnt, lzcnt, tsc, tscinvbit, avx, avx2, aes, clmul, bmi1, bmi2, adx, sha, fma, vzeroupper, clflush, clflushopt
CPU Model and flags from /proc/cpuinfo:
model name	: AMD Ryzen 5 2400G with Radeon Vega Graphics
flags		: fpu vme de pse tsc msr pae mce cx8 apic sep mtrr pge mca cmov pat pse36 clflush mmx fxsr sse sse2 ht syscall nx mmxext fxsr_opt pdpe1gb rdtscp lm constant_tsc rep_good nopl nonstop_tsc cpuid extd_apicid aperfmperf rapl pni pclmulqdq monitor ssse3 fma cx16 sse4_1 sse4_2 movbe popcnt aes xsave avx f16c rdrand lahf_lm cmp_legacy svm extapic cr8_legacy abm sse4a misalignsse 3dnowprefetch osvw skinit wdt tce topoext perfctr_core perfctr_nb bpext perfctr_llc mwaitx cpb hw_pstate ssbd ibpb vmmcall fsgsbase bmi1 avx2 smep bmi2 rdseed adx smap clflushopt sha_ni xsaveopt xsavec xgetbv1 xsaves clzero irperf xsaveerptr arat npt lbrv svm_lock nrip_save tsc_scale vmcb_clean flushbyasid decodeassists pausefilter pfthreshold avic v_vmsave_vmload vgif overflow_recov succor smca sev sev_es

Online cpus: 0-7
Offline cpus: 8-15
BIOS frequency limitation: 3600000
Frequency switch latency (ns): 0
Available cpu frequencies: 3600000 2300000 1600000 
Current governor: schedutil
Core performance/turbo boost: 1

Memory: 4k page, physical 7027504k(685168k free), swap 2097148k(718844k free)
Page Sizes: 4k

vm_info: Java HotSpot(TM) 64-Bit Server VM (17.0.7+8-LTS-224) for linux-amd64 JRE (17.0.7+8-LTS-224), built on Feb 28 2023 22:56:25 by "mach5one" with gcc 10.3.0

END.
